{"D:\\UoM\\2nd Year Software Project\\park-chain-backend\\src\\models\\Booking.js": {"path":"D:\\UoM\\2nd Year Software Project\\park-chain-backend\\src\\models\\Booking.js","statementMap":{"0":{"start":{"line":7,"column":18},"end":{"line":7,"column":41}},"1":{"start":{"line":21,"column":19},"end":{"line":37,"column":5}},"2":{"start":{"line":38,"column":4},"end":{"line":38,"column":26}},"3":{"start":{"line":46,"column":19},"end":{"line":66,"column":5}},"4":{"start":{"line":67,"column":4},"end":{"line":67,"column":34}},"5":{"start":{"line":74,"column":14},"end":{"line":85,"column":29}},"6":{"start":{"line":87,"column":19},"end":{"line":87,"column":29}},"7":{"start":{"line":89,"column":4},"end":{"line":92,"column":5}},"8":{"start":{"line":90,"column":6},"end":{"line":90,"column":42}},"9":{"start":{"line":91,"column":6},"end":{"line":91,"column":26}},"10":{"start":{"line":94,"column":4},"end":{"line":94,"column":41}},"11":{"start":{"line":96,"column":19},"end":{"line":96,"column":43}},"12":{"start":{"line":97,"column":4},"end":{"line":97,"column":23}},"13":{"start":{"line":104,"column":14},"end":{"line":114,"column":28}},"14":{"start":{"line":116,"column":19},"end":{"line":116,"column":28}},"15":{"start":{"line":118,"column":4},"end":{"line":121,"column":5}},"16":{"start":{"line":119,"column":6},"end":{"line":119,"column":42}},"17":{"start":{"line":120,"column":6},"end":{"line":120,"column":26}},"18":{"start":{"line":123,"column":4},"end":{"line":123,"column":41}},"19":{"start":{"line":125,"column":19},"end":{"line":125,"column":43}},"20":{"start":{"line":126,"column":4},"end":{"line":126,"column":23}},"21":{"start":{"line":133,"column":19},"end":{"line":144,"column":5}},"22":{"start":{"line":145,"column":4},"end":{"line":145,"column":23}},"23":{"start":{"line":152,"column":19},"end":{"line":158,"column":5}},"24":{"start":{"line":159,"column":4},"end":{"line":159,"column":34}},"25":{"start":{"line":166,"column":19},"end":{"line":172,"column":5}},"26":{"start":{"line":173,"column":4},"end":{"line":173,"column":34}},"27":{"start":{"line":180,"column":19},"end":{"line":188,"column":5}},"28":{"start":{"line":189,"column":4},"end":{"line":189,"column":34}},"29":{"start":{"line":196,"column":20},"end":{"line":199,"column":5}},"30":{"start":{"line":201,"column":4},"end":{"line":201,"column":47}},"31":{"start":{"line":201,"column":35},"end":{"line":201,"column":47}},"32":{"start":{"line":203,"column":14},"end":{"line":203,"column":29}},"33":{"start":{"line":204,"column":16},"end":{"line":204,"column":26}},"34":{"start":{"line":205,"column":24},"end":{"line":205,"column":53}},"35":{"start":{"line":208,"column":29},"end":{"line":208,"column":46}},"36":{"start":{"line":209,"column":32},"end":{"line":211,"column":5}},"37":{"start":{"line":214,"column":26},"end":{"line":214,"column":63}},"38":{"start":{"line":215,"column":26},"end":{"line":217,"column":5}},"39":{"start":{"line":220,"column":25},"end":{"line":220,"column":53}},"40":{"start":{"line":221,"column":26},"end":{"line":221,"column":79}},"41":{"start":{"line":222,"column":23},"end":{"line":224,"column":5}},"42":{"start":{"line":225,"column":21},"end":{"line":225,"column":63}},"43":{"start":{"line":226,"column":25},"end":{"line":226,"column":67}},"44":{"start":{"line":229,"column":19},"end":{"line":244,"column":5}},"45":{"start":{"line":246,"column":4},"end":{"line":246,"column":34}},"46":{"start":{"line":253,"column":19},"end":{"line":261,"column":5}},"47":{"start":{"line":262,"column":4},"end":{"line":262,"column":34}},"48":{"start":{"line":269,"column":14},"end":{"line":276,"column":5}},"49":{"start":{"line":277,"column":19},"end":{"line":277,"column":47}},"50":{"start":{"line":279,"column":4},"end":{"line":282,"column":5}},"51":{"start":{"line":280,"column":6},"end":{"line":280,"column":29}},"52":{"start":{"line":281,"column":6},"end":{"line":281,"column":36}},"53":{"start":{"line":284,"column":19},"end":{"line":284,"column":43}},"54":{"start":{"line":285,"column":4},"end":{"line":285,"column":42}},"55":{"start":{"line":289,"column":0},"end":{"line":289,"column":25}}},"fnMap":{"0":{"name":"(anonymous_0)","decl":{"start":{"line":13,"column":2},"end":{"line":13,"column":3}},"loc":{"start":{"line":20,"column":5},"end":{"line":39,"column":3}},"line":20},"1":{"name":"(anonymous_1)","decl":{"start":{"line":45,"column":2},"end":{"line":45,"column":3}},"loc":{"start":{"line":45,"column":28},"end":{"line":68,"column":3}},"line":45},"2":{"name":"(anonymous_2)","decl":{"start":{"line":73,"column":2},"end":{"line":73,"column":3}},"loc":{"start":{"line":73,"column":53},"end":{"line":98,"column":3}},"line":73},"3":{"name":"(anonymous_3)","decl":{"start":{"line":103,"column":2},"end":{"line":103,"column":3}},"loc":{"start":{"line":103,"column":51},"end":{"line":127,"column":3}},"line":103},"4":{"name":"(anonymous_4)","decl":{"start":{"line":132,"column":2},"end":{"line":132,"column":3}},"loc":{"start":{"line":132,"column":25},"end":{"line":146,"column":3}},"line":132},"5":{"name":"(anonymous_5)","decl":{"start":{"line":151,"column":2},"end":{"line":151,"column":3}},"loc":{"start":{"line":151,"column":47},"end":{"line":160,"column":3}},"line":151},"6":{"name":"(anonymous_6)","decl":{"start":{"line":165,"column":2},"end":{"line":165,"column":3}},"loc":{"start":{"line":165,"column":54},"end":{"line":174,"column":3}},"line":165},"7":{"name":"(anonymous_7)","decl":{"start":{"line":179,"column":2},"end":{"line":179,"column":3}},"loc":{"start":{"line":179,"column":27},"end":{"line":190,"column":3}},"line":179},"8":{"name":"(anonymous_8)","decl":{"start":{"line":195,"column":2},"end":{"line":195,"column":3}},"loc":{"start":{"line":195,"column":28},"end":{"line":247,"column":3}},"line":195},"9":{"name":"(anonymous_9)","decl":{"start":{"line":252,"column":2},"end":{"line":252,"column":3}},"loc":{"start":{"line":252,"column":34},"end":{"line":263,"column":3}},"line":252},"10":{"name":"(anonymous_10)","decl":{"start":{"line":268,"column":2},"end":{"line":268,"column":3}},"loc":{"start":{"line":268,"column":85},"end":{"line":286,"column":3}},"line":268}},"branchMap":{"0":{"loc":{"start":{"line":67,"column":11},"end":{"line":67,"column":33}},"type":"binary-expr","locations":[{"start":{"line":67,"column":11},"end":{"line":67,"column":25}},{"start":{"line":67,"column":29},"end":{"line":67,"column":33}}],"line":67},"1":{"loc":{"start":{"line":73,"column":38},"end":{"line":73,"column":51}},"type":"default-arg","locations":[{"start":{"line":73,"column":47},"end":{"line":73,"column":51}}],"line":73},"2":{"loc":{"start":{"line":89,"column":4},"end":{"line":92,"column":5}},"type":"if","locations":[{"start":{"line":89,"column":4},"end":{"line":92,"column":5}},{"start":{},"end":{}}],"line":89},"3":{"loc":{"start":{"line":103,"column":36},"end":{"line":103,"column":49}},"type":"default-arg","locations":[{"start":{"line":103,"column":45},"end":{"line":103,"column":49}}],"line":103},"4":{"loc":{"start":{"line":118,"column":4},"end":{"line":121,"column":5}},"type":"if","locations":[{"start":{"line":118,"column":4},"end":{"line":121,"column":5}},{"start":{},"end":{}}],"line":118},"5":{"loc":{"start":{"line":159,"column":11},"end":{"line":159,"column":33}},"type":"binary-expr","locations":[{"start":{"line":159,"column":11},"end":{"line":159,"column":25}},{"start":{"line":159,"column":29},"end":{"line":159,"column":33}}],"line":159},"6":{"loc":{"start":{"line":173,"column":11},"end":{"line":173,"column":33}},"type":"binary-expr","locations":[{"start":{"line":173,"column":11},"end":{"line":173,"column":25}},{"start":{"line":173,"column":29},"end":{"line":173,"column":33}}],"line":173},"7":{"loc":{"start":{"line":189,"column":11},"end":{"line":189,"column":33}},"type":"binary-expr","locations":[{"start":{"line":189,"column":11},"end":{"line":189,"column":25}},{"start":{"line":189,"column":29},"end":{"line":189,"column":33}}],"line":189},"8":{"loc":{"start":{"line":201,"column":4},"end":{"line":201,"column":47}},"type":"if","locations":[{"start":{"line":201,"column":4},"end":{"line":201,"column":47}},{"start":{},"end":{}}],"line":201},"9":{"loc":{"start":{"line":246,"column":11},"end":{"line":246,"column":33}},"type":"binary-expr","locations":[{"start":{"line":246,"column":11},"end":{"line":246,"column":25}},{"start":{"line":246,"column":29},"end":{"line":246,"column":33}}],"line":246},"10":{"loc":{"start":{"line":262,"column":11},"end":{"line":262,"column":33}},"type":"binary-expr","locations":[{"start":{"line":262,"column":11},"end":{"line":262,"column":25}},{"start":{"line":262,"column":29},"end":{"line":262,"column":33}}],"line":262},"11":{"loc":{"start":{"line":268,"column":60},"end":{"line":268,"column":83}},"type":"default-arg","locations":[{"start":{"line":268,"column":79},"end":{"line":268,"column":83}}],"line":268},"12":{"loc":{"start":{"line":279,"column":4},"end":{"line":282,"column":5}},"type":"if","locations":[{"start":{"line":279,"column":4},"end":{"line":282,"column":5}},{"start":{},"end":{}}],"line":279}},"s":{"0":1,"1":0,"2":0,"3":0,"4":0,"5":0,"6":0,"7":0,"8":0,"9":0,"10":0,"11":0,"12":0,"13":0,"14":0,"15":0,"16":0,"17":0,"18":0,"19":0,"20":0,"21":0,"22":0,"23":0,"24":0,"25":0,"26":0,"27":2,"28":2,"29":2,"30":2,"31":1,"32":1,"33":1,"34":1,"35":1,"36":1,"37":1,"38":1,"39":1,"40":1,"41":1,"42":1,"43":1,"44":1,"45":1,"46":0,"47":0,"48":0,"49":0,"50":0,"51":0,"52":0,"53":0,"54":0,"55":1},"f":{"0":0,"1":0,"2":0,"3":0,"4":0,"5":0,"6":0,"7":2,"8":2,"9":0,"10":0},"b":{"0":[0,0],"1":[0],"2":[0,0],"3":[0],"4":[0,0],"5":[0,0],"6":[0,0],"7":[2,1],"8":[1,1],"9":[1,0],"10":[0,0],"11":[0],"12":[0,0]},"_coverageSchema":"1a1c01bbd47fc00a2c39e90264f33305004495a9","hash":"2915f3497a16eb838e9393fb73da7b90fe09d378"}
}
