{"/Users/dhananjaya/Desktop/park-chain-backend/src/controllers/AdminKybController.js": {"path":"/Users/dhananjaya/Desktop/park-chain-backend/src/controllers/AdminKybController.js","statementMap":{"0":{"start":{"line":1,"column":22},"end":{"line":1,"column":56}},"1":{"start":{"line":2,"column":13},"end":{"line":2,"column":38}},"2":{"start":{"line":3,"column":18},"end":{"line":3,"column":41}},"3":{"start":{"line":11,"column":4},"end":{"line":28,"column":5}},"4":{"start":{"line":12,"column":26},"end":{"line":12,"column":55}},"5":{"start":{"line":14,"column":35},"end":{"line":21,"column":9}},"6":{"start":{"line":14,"column":59},"end":{"line":21,"column":7}},"7":{"start":{"line":24,"column":6},"end":{"line":24,"column":56}},"8":{"start":{"line":26,"column":6},"end":{"line":26,"column":70}},"9":{"start":{"line":27,"column":6},"end":{"line":27,"column":98}},"10":{"start":{"line":36,"column":4},"end":{"line":63,"column":5}},"11":{"start":{"line":37,"column":21},"end":{"line":37,"column":31}},"12":{"start":{"line":38,"column":25},"end":{"line":38,"column":57}},"13":{"start":{"line":40,"column":6},"end":{"line":42,"column":7}},"14":{"start":{"line":41,"column":8},"end":{"line":41,"column":76}},"15":{"start":{"line":45,"column":34},"end":{"line":56,"column":7}},"16":{"start":{"line":59,"column":6},"end":{"line":59,"column":55}},"17":{"start":{"line":61,"column":6},"end":{"line":61,"column":69}},"18":{"start":{"line":62,"column":6},"end":{"line":62,"column":94}},"19":{"start":{"line":71,"column":4},"end":{"line":113,"column":5}},"20":{"start":{"line":72,"column":21},"end":{"line":72,"column":31}},"21":{"start":{"line":73,"column":35},"end":{"line":73,"column":43}},"22":{"start":{"line":76,"column":30},"end":{"line":76,"column":73}},"23":{"start":{"line":78,"column":6},"end":{"line":80,"column":7}},"24":{"start":{"line":79,"column":8},"end":{"line":79,"column":112}},"25":{"start":{"line":82,"column":25},"end":{"line":82,"column":57}},"26":{"start":{"line":83,"column":6},"end":{"line":85,"column":7}},"27":{"start":{"line":84,"column":8},"end":{"line":84,"column":76}},"28":{"start":{"line":88,"column":32},"end":{"line":88,"column":97}},"29":{"start":{"line":91,"column":6},"end":{"line":103,"column":7}},"30":{"start":{"line":93,"column":8},"end":{"line":96,"column":10}},"31":{"start":{"line":99,"column":8},"end":{"line":102,"column":10}},"32":{"start":{"line":105,"column":6},"end":{"line":109,"column":9}},"33":{"start":{"line":111,"column":6},"end":{"line":111,"column":68}},"34":{"start":{"line":112,"column":6},"end":{"line":112,"column":93}},"35":{"start":{"line":117,"column":0},"end":{"line":117,"column":36}}},"fnMap":{"0":{"name":"(anonymous_0)","decl":{"start":{"line":10,"column":2},"end":{"line":10,"column":3}},"loc":{"start":{"line":10,"column":43},"end":{"line":29,"column":3}},"line":10},"1":{"name":"(anonymous_1)","decl":{"start":{"line":14,"column":51},"end":{"line":14,"column":52}},"loc":{"start":{"line":14,"column":59},"end":{"line":21,"column":7}},"line":14},"2":{"name":"(anonymous_2)","decl":{"start":{"line":35,"column":2},"end":{"line":35,"column":3}},"loc":{"start":{"line":35,"column":46},"end":{"line":64,"column":3}},"line":35},"3":{"name":"(anonymous_3)","decl":{"start":{"line":70,"column":2},"end":{"line":70,"column":3}},"loc":{"start":{"line":70,"column":48},"end":{"line":114,"column":3}},"line":70}},"branchMap":{"0":{"loc":{"start":{"line":16,"column":20},"end":{"line":16,"column":53}},"type":"binary-expr","locations":[{"start":{"line":16,"column":20},"end":{"line":16,"column":34}},{"start":{"line":16,"column":38},"end":{"line":16,"column":53}}],"line":16},"1":{"loc":{"start":{"line":17,"column":18},"end":{"line":17,"column":47}},"type":"binary-expr","locations":[{"start":{"line":17,"column":18},"end":{"line":17,"column":30}},{"start":{"line":17,"column":34},"end":{"line":17,"column":47}}],"line":17},"2":{"loc":{"start":{"line":20,"column":16},"end":{"line":20,"column":67}},"type":"cond-expr","locations":[{"start":{"line":20,"column":44},"end":{"line":20,"column":54}},{"start":{"line":20,"column":57},"end":{"line":20,"column":67}}],"line":20},"3":{"loc":{"start":{"line":40,"column":6},"end":{"line":42,"column":7}},"type":"if","locations":[{"start":{"line":40,"column":6},"end":{"line":42,"column":7}},{"start":{},"end":{}}],"line":40},"4":{"loc":{"start":{"line":54,"column":16},"end":{"line":54,"column":81}},"type":"cond-expr","locations":[{"start":{"line":54,"column":51},"end":{"line":54,"column":61}},{"start":{"line":54,"column":64},"end":{"line":54,"column":81}}],"line":54},"5":{"loc":{"start":{"line":55,"column":20},"end":{"line":55,"column":48}},"type":"binary-expr","locations":[{"start":{"line":55,"column":20},"end":{"line":55,"column":42}},{"start":{"line":55,"column":46},"end":{"line":55,"column":48}}],"line":55},"6":{"loc":{"start":{"line":76,"column":30},"end":{"line":76,"column":73}},"type":"cond-expr","locations":[{"start":{"line":76,"column":54},"end":{"line":76,"column":64}},{"start":{"line":76,"column":67},"end":{"line":76,"column":73}}],"line":76},"7":{"loc":{"start":{"line":78,"column":6},"end":{"line":80,"column":7}},"type":"if","locations":[{"start":{"line":78,"column":6},"end":{"line":80,"column":7}},{"start":{},"end":{}}],"line":78},"8":{"loc":{"start":{"line":83,"column":6},"end":{"line":85,"column":7}},"type":"if","locations":[{"start":{"line":83,"column":6},"end":{"line":85,"column":7}},{"start":{},"end":{}}],"line":83},"9":{"loc":{"start":{"line":91,"column":6},"end":{"line":103,"column":7}},"type":"if","locations":[{"start":{"line":91,"column":6},"end":{"line":103,"column":7}},{"start":{},"end":{}}],"line":91},"10":{"loc":{"start":{"line":107,"column":16},"end":{"line":107,"column":95}},"type":"cond-expr","locations":[{"start":{"line":107,"column":58},"end":{"line":107,"column":68}},{"start":{"line":107,"column":71},"end":{"line":107,"column":95}}],"line":107}},"s":{"0":0,"1":0,"2":0,"3":0,"4":0,"5":0,"6":0,"7":0,"8":0,"9":0,"10":0,"11":0,"12":0,"13":0,"14":0,"15":0,"16":0,"17":0,"18":0,"19":0,"20":0,"21":0,"22":0,"23":0,"24":0,"25":0,"26":0,"27":0,"28":0,"29":0,"30":0,"31":0,"32":0,"33":0,"34":0,"35":0},"f":{"0":0,"1":0,"2":0,"3":0},"b":{"0":[0,0],"1":[0,0],"2":[0,0],"3":[0,0],"4":[0,0],"5":[0,0],"6":[0,0],"7":[0,0],"8":[0,0],"9":[0,0],"10":[0,0]}}
,"/Users/dhananjaya/Desktop/park-chain-backend/src/controllers/AuthController.js": {"path":"/Users/dhananjaya/Desktop/park-chain-backend/src/controllers/AuthController.js","statementMap":{"0":{"start":{"line":2,"column":12},"end":{"line":2,"column":35}},"1":{"start":{"line":3,"column":15},"end":{"line":3,"column":34}},"2":{"start":{"line":4,"column":13},"end":{"line":4,"column":38}},"3":{"start":{"line":5,"column":0},"end":{"line":5,"column":27}},"4":{"start":{"line":7,"column":22},"end":{"line":13,"column":1}},"5":{"start":{"line":8,"column":2},"end":{"line":12,"column":4}},"6":{"start":{"line":16,"column":19},"end":{"line":61,"column":1}},"7":{"start":{"line":17,"column":2},"end":{"line":60,"column":3}},"8":{"start":{"line":18,"column":37},"end":{"line":18,"column":45}},"9":{"start":{"line":20,"column":4},"end":{"line":24,"column":5}},"10":{"start":{"line":21,"column":6},"end":{"line":23,"column":9}},"11":{"start":{"line":26,"column":21},"end":{"line":26,"column":60}},"12":{"start":{"line":28,"column":15},"end":{"line":28,"column":61}},"13":{"start":{"line":30,"column":4},"end":{"line":38,"column":5}},"14":{"start":{"line":31,"column":6},"end":{"line":31,"column":90}},"15":{"start":{"line":33,"column":6},"end":{"line":36,"column":9}},"16":{"start":{"line":37,"column":6},"end":{"line":37,"column":86}},"17":{"start":{"line":40,"column":18},"end":{"line":40,"column":51}},"18":{"start":{"line":42,"column":4},"end":{"line":56,"column":7}},"19":{"start":{"line":58,"column":4},"end":{"line":58,"column":55}},"20":{"start":{"line":59,"column":4},"end":{"line":59,"column":78}},"21":{"start":{"line":64,"column":19},"end":{"line":110,"column":1}},"22":{"start":{"line":65,"column":2},"end":{"line":109,"column":3}},"23":{"start":{"line":66,"column":32},"end":{"line":66,"column":40}},"24":{"start":{"line":68,"column":4},"end":{"line":72,"column":5}},"25":{"start":{"line":69,"column":6},"end":{"line":71,"column":9}},"26":{"start":{"line":74,"column":18},"end":{"line":74,"column":52}},"27":{"start":{"line":76,"column":4},"end":{"line":78,"column":5}},"28":{"start":{"line":77,"column":6},"end":{"line":77,"column":75}},"29":{"start":{"line":80,"column":4},"end":{"line":82,"column":5}},"30":{"start":{"line":81,"column":6},"end":{"line":81,"column":87}},"31":{"start":{"line":84,"column":28},"end":{"line":84,"column":74}},"32":{"start":{"line":86,"column":4},"end":{"line":88,"column":5}},"33":{"start":{"line":87,"column":6},"end":{"line":87,"column":75}},"34":{"start":{"line":90,"column":18},"end":{"line":90,"column":53}},"35":{"start":{"line":92,"column":4},"end":{"line":92,"column":54}},"36":{"start":{"line":94,"column":4},"end":{"line":105,"column":7}},"37":{"start":{"line":107,"column":4},"end":{"line":107,"column":55}},"38":{"start":{"line":108,"column":4},"end":{"line":108,"column":71}},"39":{"start":{"line":112,"column":14},"end":{"line":121,"column":1}},"40":{"start":{"line":113,"column":2},"end":{"line":120,"column":3}},"41":{"start":{"line":114,"column":4},"end":{"line":117,"column":7}},"42":{"start":{"line":119,"column":4},"end":{"line":119,"column":64}},"43":{"start":{"line":123,"column":0},"end":{"line":123,"column":51}}},"fnMap":{"0":{"name":"(anonymous_0)","decl":{"start":{"line":7,"column":22},"end":{"line":7,"column":23}},"loc":{"start":{"line":7,"column":40},"end":{"line":13,"column":1}},"line":7},"1":{"name":"(anonymous_1)","decl":{"start":{"line":16,"column":19},"end":{"line":16,"column":20}},"loc":{"start":{"line":16,"column":39},"end":{"line":61,"column":1}},"line":16},"2":{"name":"(anonymous_2)","decl":{"start":{"line":64,"column":19},"end":{"line":64,"column":20}},"loc":{"start":{"line":64,"column":39},"end":{"line":110,"column":1}},"line":64},"3":{"name":"(anonymous_3)","decl":{"start":{"line":112,"column":14},"end":{"line":112,"column":15}},"loc":{"start":{"line":112,"column":34},"end":{"line":121,"column":1}},"line":112}},"branchMap":{"0":{"loc":{"start":{"line":11,"column":17},"end":{"line":11,"column":51}},"type":"binary-expr","locations":[{"start":{"line":11,"column":17},"end":{"line":11,"column":43}},{"start":{"line":11,"column":47},"end":{"line":11,"column":51}}],"line":11},"1":{"loc":{"start":{"line":20,"column":4},"end":{"line":24,"column":5}},"type":"if","locations":[{"start":{"line":20,"column":4},"end":{"line":24,"column":5}},{"start":{},"end":{}}],"line":20},"2":{"loc":{"start":{"line":26,"column":21},"end":{"line":26,"column":60}},"type":"cond-expr","locations":[{"start":{"line":26,"column":41},"end":{"line":26,"column":49}},{"start":{"line":26,"column":52},"end":{"line":26,"column":60}}],"line":26},"3":{"loc":{"start":{"line":30,"column":4},"end":{"line":38,"column":5}},"type":"if","locations":[{"start":{"line":30,"column":4},"end":{"line":38,"column":5}},{"start":{"line":32,"column":11},"end":{"line":38,"column":5}}],"line":30},"4":{"loc":{"start":{"line":68,"column":4},"end":{"line":72,"column":5}},"type":"if","locations":[{"start":{"line":68,"column":4},"end":{"line":72,"column":5}},{"start":{},"end":{}}],"line":68},"5":{"loc":{"start":{"line":68,"column":8},"end":{"line":68,"column":27}},"type":"binary-expr","locations":[{"start":{"line":68,"column":8},"end":{"line":68,"column":14}},{"start":{"line":68,"column":18},"end":{"line":68,"column":27}}],"line":68},"6":{"loc":{"start":{"line":76,"column":4},"end":{"line":78,"column":5}},"type":"if","locations":[{"start":{"line":76,"column":4},"end":{"line":78,"column":5}},{"start":{},"end":{}}],"line":76},"7":{"loc":{"start":{"line":80,"column":4},"end":{"line":82,"column":5}},"type":"if","locations":[{"start":{"line":80,"column":4},"end":{"line":82,"column":5}},{"start":{},"end":{}}],"line":80},"8":{"loc":{"start":{"line":86,"column":4},"end":{"line":88,"column":5}},"type":"if","locations":[{"start":{"line":86,"column":4},"end":{"line":88,"column":5}},{"start":{},"end":{}}],"line":86}},"s":{"0":0,"1":0,"2":0,"3":0,"4":0,"5":0,"6":0,"7":0,"8":0,"9":0,"10":0,"11":0,"12":0,"13":0,"14":0,"15":0,"16":0,"17":0,"18":0,"19":0,"20":0,"21":0,"22":0,"23":0,"24":0,"25":0,"26":0,"27":0,"28":0,"29":0,"30":0,"31":0,"32":0,"33":0,"34":0,"35":0,"36":0,"37":0,"38":0,"39":0,"40":0,"41":0,"42":0,"43":0},"f":{"0":0,"1":0,"2":0,"3":0},"b":{"0":[0,0],"1":[0,0],"2":[0,0],"3":[0,0],"4":[0,0],"5":[0,0],"6":[0,0],"7":[0,0],"8":[0,0]}}
,"/Users/dhananjaya/Desktop/park-chain-backend/src/controllers/BookingController.js": {"path":"/Users/dhananjaya/Desktop/park-chain-backend/src/controllers/BookingController.js","statementMap":{"0":{"start":{"line":6,"column":16},"end":{"line":6,"column":44}},"1":{"start":{"line":7,"column":13},"end":{"line":7,"column":38}},"2":{"start":{"line":8,"column":30},"end":{"line":8,"column":74}},"3":{"start":{"line":9,"column":30},"end":{"line":9,"column":58}},"4":{"start":{"line":14,"column":22},"end":{"line":151,"column":1}},"5":{"start":{"line":15,"column":2},"end":{"line":150,"column":3}},"6":{"start":{"line":16,"column":71},"end":{"line":16,"column":79}},"7":{"start":{"line":19,"column":4},"end":{"line":23,"column":5}},"8":{"start":{"line":20,"column":6},"end":{"line":22,"column":9}},"9":{"start":{"line":26,"column":17},"end":{"line":26,"column":44}},"10":{"start":{"line":27,"column":4},"end":{"line":29,"column":5}},"11":{"start":{"line":28,"column":6},"end":{"line":28,"column":64}},"12":{"start":{"line":30,"column":4},"end":{"line":32,"column":5}},"13":{"start":{"line":31,"column":6},"end":{"line":31,"column":79}},"14":{"start":{"line":33,"column":4},"end":{"line":35,"column":5}},"15":{"start":{"line":34,"column":6},"end":{"line":34,"column":84}},"16":{"start":{"line":38,"column":27},"end":{"line":38,"column":58}},"17":{"start":{"line":39,"column":27},"end":{"line":39,"column":57}},"18":{"start":{"line":40,"column":27},"end":{"line":40,"column":54}},"19":{"start":{"line":42,"column":25},"end":{"line":42,"column":58}},"20":{"start":{"line":43,"column":4},"end":{"line":49,"column":5}},"21":{"start":{"line":44,"column":6},"end":{"line":48,"column":9}},"22":{"start":{"line":52,"column":29},"end":{"line":52,"column":70}},"23":{"start":{"line":53,"column":29},"end":{"line":53,"column":68}},"24":{"start":{"line":56,"column":18},"end":{"line":56,"column":37}},"25":{"start":{"line":57,"column":18},"end":{"line":57,"column":35}},"26":{"start":{"line":59,"column":4},"end":{"line":63,"column":5}},"27":{"start":{"line":60,"column":6},"end":{"line":62,"column":9}},"28":{"start":{"line":64,"column":4},"end":{"line":68,"column":5}},"29":{"start":{"line":65,"column":6},"end":{"line":67,"column":9}},"30":{"start":{"line":71,"column":16},"end":{"line":71,"column":26}},"31":{"start":{"line":72,"column":4},"end":{"line":77,"column":5}},"32":{"start":{"line":73,"column":6},"end":{"line":76,"column":9}},"33":{"start":{"line":81,"column":29},"end":{"line":86,"column":5}},"34":{"start":{"line":88,"column":4},"end":{"line":100,"column":5}},"35":{"start":{"line":89,"column":6},"end":{"line":99,"column":9}},"36":{"start":{"line":103,"column":35},"end":{"line":103,"column":46}},"37":{"start":{"line":104,"column":35},"end":{"line":104,"column":89}},"38":{"start":{"line":105,"column":35},"end":{"line":105,"column":96}},"39":{"start":{"line":106,"column":35},"end":{"line":106,"column":51}},"40":{"start":{"line":107,"column":35},"end":{"line":107,"column":80}},"41":{"start":{"line":108,"column":35},"end":{"line":108,"column":80}},"42":{"start":{"line":111,"column":20},"end":{"line":125,"column":6}},"43":{"start":{"line":127,"column":4},"end":{"line":145,"column":7}},"44":{"start":{"line":148,"column":4},"end":{"line":148,"column":49}},"45":{"start":{"line":149,"column":4},"end":{"line":149,"column":65}},"46":{"start":{"line":158,"column":28},"end":{"line":230,"column":1}},"47":{"start":{"line":159,"column":2},"end":{"line":229,"column":3}},"48":{"start":{"line":160,"column":23},"end":{"line":160,"column":33}},"49":{"start":{"line":161,"column":35},"end":{"line":161,"column":44}},"50":{"start":{"line":164,"column":4},"end":{"line":164,"column":63}},"51":{"start":{"line":165,"column":4},"end":{"line":165,"column":41}},"52":{"start":{"line":166,"column":4},"end":{"line":166,"column":63}},"53":{"start":{"line":167,"column":4},"end":{"line":167,"column":41}},"54":{"start":{"line":168,"column":4},"end":{"line":168,"column":44}},"55":{"start":{"line":169,"column":4},"end":{"line":169,"column":42}},"56":{"start":{"line":170,"column":4},"end":{"line":170,"column":63}},"57":{"start":{"line":171,"column":4},"end":{"line":171,"column":63}},"58":{"start":{"line":173,"column":4},"end":{"line":177,"column":5}},"59":{"start":{"line":174,"column":6},"end":{"line":176,"column":9}},"60":{"start":{"line":179,"column":17},"end":{"line":179,"column":44}},"61":{"start":{"line":180,"column":4},"end":{"line":182,"column":5}},"62":{"start":{"line":181,"column":6},"end":{"line":181,"column":64}},"63":{"start":{"line":184,"column":26},"end":{"line":184,"column":57}},"64":{"start":{"line":185,"column":26},"end":{"line":185,"column":53}},"65":{"start":{"line":186,"column":26},"end":{"line":186,"column":56}},"66":{"start":{"line":188,"column":4},"end":{"line":188,"column":51}},"67":{"start":{"line":189,"column":4},"end":{"line":189,"column":54}},"68":{"start":{"line":191,"column":25},"end":{"line":193,"column":5}},"69":{"start":{"line":195,"column":4},"end":{"line":195,"column":51}},"70":{"start":{"line":197,"column":22},"end":{"line":197,"column":24}},"71":{"start":{"line":198,"column":4},"end":{"line":200,"column":7}},"72":{"start":{"line":199,"column":6},"end":{"line":199,"column":63}},"73":{"start":{"line":202,"column":25},"end":{"line":215,"column":6}},"74":{"start":{"line":203,"column":29},"end":{"line":203,"column":64}},"75":{"start":{"line":204,"column":29},"end":{"line":204,"column":64}},"76":{"start":{"line":205,"column":29},"end":{"line":205,"column":66}},"77":{"start":{"line":207,"column":6},"end":{"line":214,"column":8}},"78":{"start":{"line":217,"column":4},"end":{"line":217,"column":56}},"79":{"start":{"line":219,"column":4},"end":{"line":224,"column":7}},"80":{"start":{"line":227,"column":4},"end":{"line":227,"column":57}},"81":{"start":{"line":228,"column":4},"end":{"line":228,"column":67}},"82":{"start":{"line":234,"column":20},"end":{"line":258,"column":1}},"83":{"start":{"line":235,"column":2},"end":{"line":257,"column":3}},"84":{"start":{"line":236,"column":23},"end":{"line":236,"column":32}},"85":{"start":{"line":239,"column":4},"end":{"line":251,"column":5}},"86":{"start":{"line":241,"column":8},"end":{"line":241,"column":67}},"87":{"start":{"line":242,"column":8},"end":{"line":242,"column":14}},"88":{"start":{"line":244,"column":8},"end":{"line":244,"column":66}},"89":{"start":{"line":245,"column":8},"end":{"line":245,"column":14}},"90":{"start":{"line":247,"column":8},"end":{"line":247,"column":43}},"91":{"start":{"line":248,"column":8},"end":{"line":248,"column":14}},"92":{"start":{"line":250,"column":8},"end":{"line":250,"column":64}},"93":{"start":{"line":253,"column":4},"end":{"line":253,"column":51}},"94":{"start":{"line":255,"column":4},"end":{"line":255,"column":47}},"95":{"start":{"line":256,"column":4},"end":{"line":256,"column":65}},"96":{"start":{"line":263,"column":23},"end":{"line":283,"column":1}},"97":{"start":{"line":264,"column":2},"end":{"line":282,"column":3}},"98":{"start":{"line":265,"column":20},"end":{"line":265,"column":57}},"99":{"start":{"line":266,"column":4},"end":{"line":268,"column":5}},"100":{"start":{"line":267,"column":6},"end":{"line":267,"column":67}},"101":{"start":{"line":270,"column":4},"end":{"line":276,"column":5}},"102":{"start":{"line":275,"column":6},"end":{"line":275,"column":79}},"103":{"start":{"line":278,"column":4},"end":{"line":278,"column":26}},"104":{"start":{"line":280,"column":4},"end":{"line":280,"column":50}},"105":{"start":{"line":281,"column":4},"end":{"line":281,"column":64}},"106":{"start":{"line":288,"column":16},"end":{"line":337,"column":1}},"107":{"start":{"line":289,"column":2},"end":{"line":336,"column":3}},"108":{"start":{"line":290,"column":31},"end":{"line":290,"column":39}},"109":{"start":{"line":291,"column":45},"end":{"line":291,"column":47}},"110":{"start":{"line":293,"column":4},"end":{"line":297,"column":5}},"111":{"start":{"line":294,"column":6},"end":{"line":296,"column":9}},"112":{"start":{"line":299,"column":21},"end":{"line":299,"column":58}},"113":{"start":{"line":300,"column":4},"end":{"line":300,"column":80}},"114":{"start":{"line":300,"column":19},"end":{"line":300,"column":80}},"115":{"start":{"line":301,"column":4},"end":{"line":303,"column":5}},"116":{"start":{"line":302,"column":6},"end":{"line":302,"column":74}},"117":{"start":{"line":305,"column":4},"end":{"line":309,"column":5}},"118":{"start":{"line":306,"column":6},"end":{"line":308,"column":9}},"119":{"start":{"line":311,"column":21},"end":{"line":316,"column":5}},"120":{"start":{"line":318,"column":4},"end":{"line":323,"column":5}},"121":{"start":{"line":319,"column":6},"end":{"line":322,"column":9}},"122":{"start":{"line":325,"column":20},"end":{"line":325,"column":56}},"123":{"start":{"line":326,"column":4},"end":{"line":326,"column":77}},"124":{"start":{"line":326,"column":18},"end":{"line":326,"column":77}},"125":{"start":{"line":328,"column":4},"end":{"line":332,"column":7}},"126":{"start":{"line":334,"column":4},"end":{"line":334,"column":43}},"127":{"start":{"line":335,"column":4},"end":{"line":335,"column":59}},"128":{"start":{"line":342,"column":17},"end":{"line":381,"column":1}},"129":{"start":{"line":343,"column":2},"end":{"line":380,"column":3}},"130":{"start":{"line":344,"column":21},"end":{"line":344,"column":58}},"131":{"start":{"line":345,"column":4},"end":{"line":345,"column":80}},"132":{"start":{"line":345,"column":19},"end":{"line":345,"column":80}},"133":{"start":{"line":346,"column":4},"end":{"line":348,"column":5}},"134":{"start":{"line":347,"column":6},"end":{"line":347,"column":74}},"135":{"start":{"line":350,"column":4},"end":{"line":354,"column":5}},"136":{"start":{"line":351,"column":6},"end":{"line":353,"column":9}},"137":{"start":{"line":356,"column":20},"end":{"line":356,"column":57}},"138":{"start":{"line":357,"column":4},"end":{"line":357,"column":78}},"139":{"start":{"line":357,"column":18},"end":{"line":357,"column":78}},"140":{"start":{"line":359,"column":24},"end":{"line":359,"column":62}},"141":{"start":{"line":361,"column":4},"end":{"line":376,"column":7}},"142":{"start":{"line":378,"column":4},"end":{"line":378,"column":44}},"143":{"start":{"line":379,"column":4},"end":{"line":379,"column":60}},"144":{"start":{"line":386,"column":22},"end":{"line":403,"column":1}},"145":{"start":{"line":387,"column":2},"end":{"line":402,"column":3}},"146":{"start":{"line":388,"column":21},"end":{"line":388,"column":58}},"147":{"start":{"line":389,"column":4},"end":{"line":389,"column":80}},"148":{"start":{"line":389,"column":19},"end":{"line":389,"column":80}},"149":{"start":{"line":391,"column":20},"end":{"line":391,"column":68}},"150":{"start":{"line":392,"column":4},"end":{"line":396,"column":5}},"151":{"start":{"line":393,"column":6},"end":{"line":395,"column":9}},"152":{"start":{"line":398,"column":4},"end":{"line":398,"column":57}},"153":{"start":{"line":400,"column":4},"end":{"line":400,"column":49}},"154":{"start":{"line":401,"column":4},"end":{"line":401,"column":65}},"155":{"start":{"line":408,"column":19},"end":{"line":430,"column":1}},"156":{"start":{"line":409,"column":2},"end":{"line":429,"column":3}},"157":{"start":{"line":410,"column":20},"end":{"line":410,"column":57}},"158":{"start":{"line":411,"column":4},"end":{"line":411,"column":79}},"159":{"start":{"line":411,"column":18},"end":{"line":411,"column":79}},"160":{"start":{"line":413,"column":4},"end":{"line":415,"column":5}},"161":{"start":{"line":414,"column":6},"end":{"line":414,"column":63}},"162":{"start":{"line":417,"column":19},"end":{"line":423,"column":5}},"163":{"start":{"line":425,"column":4},"end":{"line":425,"column":54}},"164":{"start":{"line":427,"column":4},"end":{"line":427,"column":46}},"165":{"start":{"line":428,"column":4},"end":{"line":428,"column":59}},"166":{"start":{"line":433,"column":0},"end":{"line":442,"column":2}}},"fnMap":{"0":{"name":"(anonymous_0)","decl":{"start":{"line":14,"column":22},"end":{"line":14,"column":23}},"loc":{"start":{"line":14,"column":42},"end":{"line":151,"column":1}},"line":14},"1":{"name":"(anonymous_1)","decl":{"start":{"line":158,"column":28},"end":{"line":158,"column":29}},"loc":{"start":{"line":158,"column":48},"end":{"line":230,"column":1}},"line":158},"2":{"name":"(anonymous_2)","decl":{"start":{"line":198,"column":25},"end":{"line":198,"column":26}},"loc":{"start":{"line":198,"column":32},"end":{"line":200,"column":5}},"line":198},"3":{"name":"(anonymous_3)","decl":{"start":{"line":202,"column":42},"end":{"line":202,"column":43}},"loc":{"start":{"line":202,"column":59},"end":{"line":215,"column":5}},"line":202},"4":{"name":"(anonymous_4)","decl":{"start":{"line":234,"column":20},"end":{"line":234,"column":21}},"loc":{"start":{"line":234,"column":40},"end":{"line":258,"column":1}},"line":234},"5":{"name":"(anonymous_5)","decl":{"start":{"line":263,"column":23},"end":{"line":263,"column":24}},"loc":{"start":{"line":263,"column":43},"end":{"line":283,"column":1}},"line":263},"6":{"name":"(anonymous_6)","decl":{"start":{"line":288,"column":16},"end":{"line":288,"column":17}},"loc":{"start":{"line":288,"column":36},"end":{"line":337,"column":1}},"line":288},"7":{"name":"(anonymous_7)","decl":{"start":{"line":342,"column":17},"end":{"line":342,"column":18}},"loc":{"start":{"line":342,"column":37},"end":{"line":381,"column":1}},"line":342},"8":{"name":"(anonymous_8)","decl":{"start":{"line":386,"column":22},"end":{"line":386,"column":23}},"loc":{"start":{"line":386,"column":42},"end":{"line":403,"column":1}},"line":386},"9":{"name":"(anonymous_9)","decl":{"start":{"line":408,"column":19},"end":{"line":408,"column":20}},"loc":{"start":{"line":408,"column":39},"end":{"line":430,"column":1}},"line":408}},"branchMap":{"0":{"loc":{"start":{"line":19,"column":4},"end":{"line":23,"column":5}},"type":"if","locations":[{"start":{"line":19,"column":4},"end":{"line":23,"column":5}},{"start":{},"end":{}}],"line":19},"1":{"loc":{"start":{"line":19,"column":8},"end":{"line":19,"column":57}},"type":"binary-expr","locations":[{"start":{"line":19,"column":8},"end":{"line":19,"column":15}},{"start":{"line":19,"column":19},"end":{"line":19,"column":29}},{"start":{"line":19,"column":33},"end":{"line":19,"column":41}},{"start":{"line":19,"column":45},"end":{"line":19,"column":57}}],"line":19},"2":{"loc":{"start":{"line":27,"column":4},"end":{"line":29,"column":5}},"type":"if","locations":[{"start":{"line":27,"column":4},"end":{"line":29,"column":5}},{"start":{},"end":{}}],"line":27},"3":{"loc":{"start":{"line":30,"column":4},"end":{"line":32,"column":5}},"type":"if","locations":[{"start":{"line":30,"column":4},"end":{"line":32,"column":5}},{"start":{},"end":{}}],"line":30},"4":{"loc":{"start":{"line":33,"column":4},"end":{"line":35,"column":5}},"type":"if","locations":[{"start":{"line":33,"column":4},"end":{"line":35,"column":5}},{"start":{},"end":{}}],"line":33},"5":{"loc":{"start":{"line":38,"column":27},"end":{"line":38,"column":58}},"type":"binary-expr","locations":[{"start":{"line":38,"column":27},"end":{"line":38,"column":45}},{"start":{"line":38,"column":51},"end":{"line":38,"column":58}}],"line":38},"6":{"loc":{"start":{"line":39,"column":27},"end":{"line":39,"column":57}},"type":"binary-expr","locations":[{"start":{"line":39,"column":27},"end":{"line":39,"column":47}},{"start":{"line":39,"column":51},"end":{"line":39,"column":57}}],"line":39},"7":{"loc":{"start":{"line":40,"column":27},"end":{"line":40,"column":54}},"type":"binary-expr","locations":[{"start":{"line":40,"column":27},"end":{"line":40,"column":46}},{"start":{"line":40,"column":51},"end":{"line":40,"column":54}}],"line":40},"8":{"loc":{"start":{"line":43,"column":4},"end":{"line":49,"column":5}},"type":"if","locations":[{"start":{"line":43,"column":4},"end":{"line":49,"column":5}},{"start":{},"end":{}}],"line":43},"9":{"loc":{"start":{"line":52,"column":29},"end":{"line":52,"column":70}},"type":"binary-expr","locations":[{"start":{"line":52,"column":29},"end":{"line":52,"column":65}},{"start":{"line":52,"column":69},"end":{"line":52,"column":70}}],"line":52},"10":{"loc":{"start":{"line":59,"column":4},"end":{"line":63,"column":5}},"type":"if","locations":[{"start":{"line":59,"column":4},"end":{"line":63,"column":5}},{"start":{},"end":{}}],"line":59},"11":{"loc":{"start":{"line":59,"column":8},"end":{"line":59,"column":54}},"type":"binary-expr","locations":[{"start":{"line":59,"column":8},"end":{"line":59,"column":30}},{"start":{"line":59,"column":34},"end":{"line":59,"column":54}}],"line":59},"12":{"loc":{"start":{"line":64,"column":4},"end":{"line":68,"column":5}},"type":"if","locations":[{"start":{"line":64,"column":4},"end":{"line":68,"column":5}},{"start":{},"end":{}}],"line":64},"13":{"loc":{"start":{"line":72,"column":4},"end":{"line":77,"column":5}},"type":"if","locations":[{"start":{"line":72,"column":4},"end":{"line":77,"column":5}},{"start":{},"end":{}}],"line":72},"14":{"loc":{"start":{"line":88,"column":4},"end":{"line":100,"column":5}},"type":"if","locations":[{"start":{"line":88,"column":4},"end":{"line":100,"column":5}},{"start":{},"end":{}}],"line":88},"15":{"loc":{"start":{"line":173,"column":4},"end":{"line":177,"column":5}},"type":"if","locations":[{"start":{"line":173,"column":4},"end":{"line":177,"column":5}},{"start":{},"end":{}}],"line":173},"16":{"loc":{"start":{"line":173,"column":8},"end":{"line":173,"column":30}},"type":"binary-expr","locations":[{"start":{"line":173,"column":8},"end":{"line":173,"column":18}},{"start":{"line":173,"column":22},"end":{"line":173,"column":30}}],"line":173},"17":{"loc":{"start":{"line":180,"column":4},"end":{"line":182,"column":5}},"type":"if","locations":[{"start":{"line":180,"column":4},"end":{"line":182,"column":5}},{"start":{},"end":{}}],"line":180},"18":{"loc":{"start":{"line":184,"column":26},"end":{"line":184,"column":57}},"type":"binary-expr","locations":[{"start":{"line":184,"column":26},"end":{"line":184,"column":44}},{"start":{"line":184,"column":50},"end":{"line":184,"column":57}}],"line":184},"19":{"loc":{"start":{"line":185,"column":26},"end":{"line":185,"column":53}},"type":"binary-expr","locations":[{"start":{"line":185,"column":26},"end":{"line":185,"column":45}},{"start":{"line":185,"column":50},"end":{"line":185,"column":53}}],"line":185},"20":{"loc":{"start":{"line":186,"column":26},"end":{"line":186,"column":56}},"type":"binary-expr","locations":[{"start":{"line":186,"column":26},"end":{"line":186,"column":46}},{"start":{"line":186,"column":50},"end":{"line":186,"column":56}}],"line":186},"21":{"loc":{"start":{"line":203,"column":29},"end":{"line":203,"column":64}},"type":"binary-expr","locations":[{"start":{"line":203,"column":29},"end":{"line":203,"column":58}},{"start":{"line":203,"column":63},"end":{"line":203,"column":64}}],"line":203},"22":{"loc":{"start":{"line":204,"column":29},"end":{"line":204,"column":64}},"type":"binary-expr","locations":[{"start":{"line":204,"column":29},"end":{"line":204,"column":44}},{"start":{"line":204,"column":63},"end":{"line":204,"column":64}}],"line":204},"23":{"loc":{"start":{"line":239,"column":4},"end":{"line":251,"column":5}},"type":"switch","locations":[{"start":{"line":240,"column":6},"end":{"line":242,"column":14}},{"start":{"line":243,"column":6},"end":{"line":245,"column":14}},{"start":{"line":246,"column":6},"end":{"line":248,"column":14}},{"start":{"line":249,"column":6},"end":{"line":250,"column":64}}],"line":239},"24":{"loc":{"start":{"line":266,"column":4},"end":{"line":268,"column":5}},"type":"if","locations":[{"start":{"line":266,"column":4},"end":{"line":268,"column":5}},{"start":{},"end":{}}],"line":266},"25":{"loc":{"start":{"line":270,"column":4},"end":{"line":276,"column":5}},"type":"if","locations":[{"start":{"line":270,"column":4},"end":{"line":276,"column":5}},{"start":{},"end":{}}],"line":270},"26":{"loc":{"start":{"line":271,"column":6},"end":{"line":273,"column":38}},"type":"binary-expr","locations":[{"start":{"line":271,"column":6},"end":{"line":271,"column":31}},{"start":{"line":272,"column":6},"end":{"line":272,"column":39}},{"start":{"line":273,"column":6},"end":{"line":273,"column":38}}],"line":271},"27":{"loc":{"start":{"line":293,"column":4},"end":{"line":297,"column":5}},"type":"if","locations":[{"start":{"line":293,"column":4},"end":{"line":297,"column":5}},{"start":{},"end":{}}],"line":293},"28":{"loc":{"start":{"line":293,"column":8},"end":{"line":293,"column":69}},"type":"binary-expr","locations":[{"start":{"line":293,"column":8},"end":{"line":293,"column":23}},{"start":{"line":293,"column":27},"end":{"line":293,"column":46}},{"start":{"line":293,"column":50},"end":{"line":293,"column":69}}],"line":293},"29":{"loc":{"start":{"line":300,"column":4},"end":{"line":300,"column":80}},"type":"if","locations":[{"start":{"line":300,"column":4},"end":{"line":300,"column":80}},{"start":{},"end":{}}],"line":300},"30":{"loc":{"start":{"line":301,"column":4},"end":{"line":303,"column":5}},"type":"if","locations":[{"start":{"line":301,"column":4},"end":{"line":303,"column":5}},{"start":{},"end":{}}],"line":301},"31":{"loc":{"start":{"line":305,"column":4},"end":{"line":309,"column":5}},"type":"if","locations":[{"start":{"line":305,"column":4},"end":{"line":309,"column":5}},{"start":{},"end":{}}],"line":305},"32":{"loc":{"start":{"line":318,"column":4},"end":{"line":323,"column":5}},"type":"if","locations":[{"start":{"line":318,"column":4},"end":{"line":323,"column":5}},{"start":{},"end":{}}],"line":318},"33":{"loc":{"start":{"line":326,"column":4},"end":{"line":326,"column":77}},"type":"if","locations":[{"start":{"line":326,"column":4},"end":{"line":326,"column":77}},{"start":{},"end":{}}],"line":326},"34":{"loc":{"start":{"line":345,"column":4},"end":{"line":345,"column":80}},"type":"if","locations":[{"start":{"line":345,"column":4},"end":{"line":345,"column":80}},{"start":{},"end":{}}],"line":345},"35":{"loc":{"start":{"line":346,"column":4},"end":{"line":348,"column":5}},"type":"if","locations":[{"start":{"line":346,"column":4},"end":{"line":348,"column":5}},{"start":{},"end":{}}],"line":346},"36":{"loc":{"start":{"line":350,"column":4},"end":{"line":354,"column":5}},"type":"if","locations":[{"start":{"line":350,"column":4},"end":{"line":354,"column":5}},{"start":{},"end":{}}],"line":350},"37":{"loc":{"start":{"line":357,"column":4},"end":{"line":357,"column":78}},"type":"if","locations":[{"start":{"line":357,"column":4},"end":{"line":357,"column":78}},{"start":{},"end":{}}],"line":357},"38":{"loc":{"start":{"line":362,"column":15},"end":{"line":364,"column":32}},"type":"cond-expr","locations":[{"start":{"line":363,"column":10},"end":{"line":363,"column":74}},{"start":{"line":364,"column":10},"end":{"line":364,"column":32}}],"line":362},"39":{"loc":{"start":{"line":389,"column":4},"end":{"line":389,"column":80}},"type":"if","locations":[{"start":{"line":389,"column":4},"end":{"line":389,"column":80}},{"start":{},"end":{}}],"line":389},"40":{"loc":{"start":{"line":392,"column":4},"end":{"line":396,"column":5}},"type":"if","locations":[{"start":{"line":392,"column":4},"end":{"line":396,"column":5}},{"start":{},"end":{}}],"line":392},"41":{"loc":{"start":{"line":411,"column":4},"end":{"line":411,"column":79}},"type":"if","locations":[{"start":{"line":411,"column":4},"end":{"line":411,"column":79}},{"start":{},"end":{}}],"line":411},"42":{"loc":{"start":{"line":413,"column":4},"end":{"line":415,"column":5}},"type":"if","locations":[{"start":{"line":413,"column":4},"end":{"line":415,"column":5}},{"start":{},"end":{}}],"line":413},"43":{"loc":{"start":{"line":413,"column":8},"end":{"line":413,"column":70}},"type":"binary-expr","locations":[{"start":{"line":413,"column":8},"end":{"line":413,"column":41}},{"start":{"line":413,"column":45},"end":{"line":413,"column":70}}],"line":413}},"s":{"0":1,"1":1,"2":1,"3":1,"4":1,"5":14,"6":14,"7":14,"8":1,"9":13,"10":12,"11":1,"12":11,"13":1,"14":10,"15":1,"16":9,"17":9,"18":9,"19":9,"20":9,"21":1,"22":8,"23":8,"24":8,"25":8,"26":8,"27":1,"28":7,"29":1,"30":6,"31":6,"32":1,"33":5,"34":5,"35":1,"36":4,"37":4,"38":4,"39":4,"40":4,"41":4,"42":4,"43":4,"44":1,"45":1,"46":1,"47":4,"48":4,"49":4,"50":4,"51":4,"52":4,"53":4,"54":4,"55":4,"56":4,"57":4,"58":4,"59":1,"60":3,"61":3,"62":1,"63":2,"64":2,"65":2,"66":2,"67":2,"68":2,"69":2,"70":2,"71":2,"72":2,"73":2,"74":3,"75":3,"76":3,"77":3,"78":2,"79":2,"80":0,"81":0,"82":1,"83":5,"84":5,"85":5,"86":2,"87":2,"88":1,"89":1,"90":1,"91":1,"92":1,"93":4,"94":0,"95":0,"96":1,"97":4,"98":4,"99":4,"100":1,"101":3,"102":1,"103":2,"104":0,"105":0,"106":1,"107":6,"108":6,"109":6,"110":6,"111":1,"112":5,"113":5,"114":1,"115":4,"116":1,"117":3,"118":1,"119":2,"120":2,"121":1,"122":1,"123":1,"124":0,"125":1,"126":0,"127":0,"128":1,"129":5,"130":5,"131":5,"132":1,"133":4,"134":1,"135":3,"136":1,"137":2,"138":2,"139":0,"140":2,"141":2,"142":0,"143":0,"144":1,"145":4,"146":4,"147":3,"148":1,"149":2,"150":2,"151":1,"152":1,"153":1,"154":1,"155":1,"156":5,"157":5,"158":4,"159":1,"160":3,"161":1,"162":2,"163":2,"164":1,"165":1,"166":1},"f":{"0":14,"1":4,"2":2,"3":3,"4":5,"5":4,"6":6,"7":5,"8":4,"9":5},"b":{"0":[1,13],"1":[14,14,13,13],"2":[1,11],"3":[1,10],"4":[1,9],"5":[9,0],"6":[9,0],"7":[9,0],"8":[1,8],"9":[8,0],"10":[1,7],"11":[8,7],"12":[1,6],"13":[1,5],"14":[1,4],"15":[1,3],"16":[4,3],"17":[1,2],"18":[2,0],"19":[2,0],"20":[2,0],"21":[3,0],"22":[3,1],"23":[2,1,1,1],"24":[1,3],"25":[1,2],"26":[3,2,1],"27":[1,5],"28":[6,5,5],"29":[1,4],"30":[1,3],"31":[1,2],"32":[1,1],"33":[0,1],"34":[1,4],"35":[1,3],"36":[1,2],"37":[0,2],"38":[1,1],"39":[1,2],"40":[1,1],"41":[1,3],"42":[1,2],"43":[3,2]},"_coverageSchema":"1a1c01bbd47fc00a2c39e90264f33305004495a9","hash":"372e71d6f1451f0a62995be9361f5e708835ca49"}
,"/Users/dhananjaya/Desktop/park-chain-backend/src/controllers/KybController.js": {"path":"/Users/dhananjaya/Desktop/park-chain-backend/src/controllers/KybController.js","statementMap":{"0":{"start":{"line":1,"column":22},"end":{"line":1,"column":56}},"1":{"start":{"line":9,"column":4},"end":{"line":42,"column":5}},"2":{"start":{"line":10,"column":19},"end":{"line":10,"column":27}},"3":{"start":{"line":12,"column":64},"end":{"line":12,"column":72}},"4":{"start":{"line":13,"column":19},"end":{"line":13,"column":27}},"5":{"start":{"line":15,"column":6},"end":{"line":17,"column":7}},"6":{"start":{"line":16,"column":8},"end":{"line":16,"column":88}},"7":{"start":{"line":19,"column":6},"end":{"line":21,"column":7}},"8":{"start":{"line":20,"column":8},"end":{"line":20,"column":85}},"9":{"start":{"line":23,"column":26},"end":{"line":23,"column":35}},"10":{"start":{"line":26,"column":25},"end":{"line":33,"column":8}},"11":{"start":{"line":35,"column":6},"end":{"line":38,"column":9}},"12":{"start":{"line":40,"column":6},"end":{"line":40,"column":52}},"13":{"start":{"line":41,"column":6},"end":{"line":41,"column":93}},"14":{"start":{"line":46,"column":0},"end":{"line":46,"column":31}}},"fnMap":{"0":{"name":"(anonymous_0)","decl":{"start":{"line":8,"column":2},"end":{"line":8,"column":3}},"loc":{"start":{"line":8,"column":35},"end":{"line":43,"column":3}},"line":8}},"branchMap":{"0":{"loc":{"start":{"line":15,"column":6},"end":{"line":17,"column":7}},"type":"if","locations":[{"start":{"line":15,"column":6},"end":{"line":17,"column":7}},{"start":{},"end":{}}],"line":15},"1":{"loc":{"start":{"line":15,"column":10},"end":{"line":15,"column":46}},"type":"binary-expr","locations":[{"start":{"line":15,"column":10},"end":{"line":15,"column":21}},{"start":{"line":15,"column":25},"end":{"line":15,"column":33}},{"start":{"line":15,"column":37},"end":{"line":15,"column":46}}],"line":15},"2":{"loc":{"start":{"line":19,"column":6},"end":{"line":21,"column":7}},"type":"if","locations":[{"start":{"line":19,"column":6},"end":{"line":21,"column":7}},{"start":{},"end":{}}],"line":19},"3":{"loc":{"start":{"line":19,"column":10},"end":{"line":19,"column":29}},"type":"binary-expr","locations":[{"start":{"line":19,"column":10},"end":{"line":19,"column":15}},{"start":{"line":19,"column":19},"end":{"line":19,"column":29}}],"line":19}},"s":{"0":0,"1":0,"2":0,"3":0,"4":0,"5":0,"6":0,"7":0,"8":0,"9":0,"10":0,"11":0,"12":0,"13":0,"14":0},"f":{"0":0},"b":{"0":[0,0],"1":[0,0,0],"2":[0,0],"3":[0,0]}}
,"/Users/dhananjaya/Desktop/park-chain-backend/src/controllers/KycController.js": {"path":"/Users/dhananjaya/Desktop/park-chain-backend/src/controllers/KycController.js","statementMap":{"0":{"start":{"line":1,"column":18},"end":{"line":1,"column":41}},"1":{"start":{"line":2,"column":13},"end":{"line":2,"column":38}},"2":{"start":{"line":10,"column":4},"end":{"line":69,"column":5}},"3":{"start":{"line":11,"column":19},"end":{"line":11,"column":27}},"4":{"start":{"line":12,"column":21},"end":{"line":12,"column":46}},"5":{"start":{"line":13,"column":25},"end":{"line":13,"column":48}},"6":{"start":{"line":15,"column":6},"end":{"line":17,"column":7}},"7":{"start":{"line":16,"column":8},"end":{"line":16,"column":93}},"8":{"start":{"line":20,"column":26},"end":{"line":20,"column":71}},"9":{"start":{"line":21,"column":25},"end":{"line":21,"column":53}},"10":{"start":{"line":24,"column":27},"end":{"line":28,"column":7}},"11":{"start":{"line":31,"column":23},"end":{"line":38,"column":8}},"12":{"start":{"line":40,"column":6},"end":{"line":48,"column":7}},"13":{"start":{"line":41,"column":26},"end":{"line":41,"column":47}},"14":{"start":{"line":42,"column":8},"end":{"line":42,"column":70}},"15":{"start":{"line":43,"column":8},"end":{"line":47,"column":11}},"16":{"start":{"line":50,"column":27},"end":{"line":50,"column":48}},"17":{"start":{"line":54,"column":24},"end":{"line":54,"column":66}},"18":{"start":{"line":55,"column":25},"end":{"line":55,"column":91}},"19":{"start":{"line":58,"column":6},"end":{"line":63,"column":8}},"20":{"start":{"line":65,"column":6},"end":{"line":65,"column":61}},"21":{"start":{"line":67,"column":6},"end":{"line":67,"column":60}},"22":{"start":{"line":68,"column":6},"end":{"line":68,"column":114}},"23":{"start":{"line":78,"column":4},"end":{"line":140,"column":5}},"24":{"start":{"line":79,"column":19},"end":{"line":79,"column":27}},"25":{"start":{"line":80,"column":21},"end":{"line":80,"column":46}},"26":{"start":{"line":81,"column":27},"end":{"line":81,"column":44}},"27":{"start":{"line":82,"column":26},"end":{"line":82,"column":42}},"28":{"start":{"line":85,"column":6},"end":{"line":94,"column":7}},"29":{"start":{"line":86,"column":29},"end":{"line":86,"column":54}},"30":{"start":{"line":87,"column":9},"end":{"line":93,"column":10}},"31":{"start":{"line":88,"column":12},"end":{"line":91,"column":14}},"32":{"start":{"line":92,"column":12},"end":{"line":92,"column":69}},"33":{"start":{"line":95,"column":21},"end":{"line":95,"column":49}},"34":{"start":{"line":96,"column":24},"end":{"line":96,"column":46}},"35":{"start":{"line":98,"column":6},"end":{"line":100,"column":7}},"36":{"start":{"line":99,"column":8},"end":{"line":99,"column":87}},"37":{"start":{"line":103,"column":23},"end":{"line":109,"column":8}},"38":{"start":{"line":111,"column":6},"end":{"line":113,"column":7}},"39":{"start":{"line":112,"column":8},"end":{"line":112,"column":84}},"40":{"start":{"line":115,"column":26},"end":{"line":115,"column":47}},"41":{"start":{"line":116,"column":6},"end":{"line":116,"column":64}},"42":{"start":{"line":117,"column":26},"end":{"line":117,"column":44}},"43":{"start":{"line":120,"column":31},"end":{"line":120,"column":90}},"44":{"start":{"line":123,"column":6},"end":{"line":130,"column":7}},"45":{"start":{"line":124,"column":8},"end":{"line":129,"column":9}},"46":{"start":{"line":125,"column":10},"end":{"line":128,"column":12}},"47":{"start":{"line":132,"column":6},"end":{"line":135,"column":9}},"48":{"start":{"line":138,"column":6},"end":{"line":138,"column":59}},"49":{"start":{"line":139,"column":6},"end":{"line":139,"column":106}},"50":{"start":{"line":148,"column":4},"end":{"line":208,"column":5}},"51":{"start":{"line":151,"column":36},"end":{"line":151,"column":68}},"52":{"start":{"line":153,"column":6},"end":{"line":159,"column":7}},"53":{"start":{"line":155,"column":26},"end":{"line":155,"column":90}},"54":{"start":{"line":156,"column":8},"end":{"line":158,"column":9}},"55":{"start":{"line":157,"column":10},"end":{"line":157,"column":78}},"56":{"start":{"line":161,"column":22},"end":{"line":161,"column":30}},"57":{"start":{"line":164,"column":24},"end":{"line":164,"column":56}},"58":{"start":{"line":165,"column":25},"end":{"line":165,"column":44}},"59":{"start":{"line":166,"column":24},"end":{"line":166,"column":38}},"60":{"start":{"line":168,"column":6},"end":{"line":170,"column":7}},"61":{"start":{"line":169,"column":8},"end":{"line":169,"column":94}},"62":{"start":{"line":173,"column":6},"end":{"line":200,"column":7}},"63":{"start":{"line":174,"column":8},"end":{"line":190,"column":9}},"64":{"start":{"line":176,"column":10},"end":{"line":181,"column":12}},"65":{"start":{"line":182,"column":15},"end":{"line":190,"column":9}},"66":{"start":{"line":184,"column":10},"end":{"line":189,"column":12}},"67":{"start":{"line":191,"column":8},"end":{"line":191,"column":92}},"68":{"start":{"line":192,"column":13},"end":{"line":200,"column":7}},"69":{"start":{"line":194,"column":8},"end":{"line":199,"column":9}},"70":{"start":{"line":195,"column":10},"end":{"line":198,"column":12}},"71":{"start":{"line":203,"column":6},"end":{"line":203,"column":54}},"72":{"start":{"line":205,"column":6},"end":{"line":205,"column":60}},"73":{"start":{"line":207,"column":6},"end":{"line":207,"column":63}},"74":{"start":{"line":212,"column":0},"end":{"line":212,"column":31}}},"fnMap":{"0":{"name":"(anonymous_0)","decl":{"start":{"line":9,"column":2},"end":{"line":9,"column":3}},"loc":{"start":{"line":9,"column":39},"end":{"line":70,"column":3}},"line":9},"1":{"name":"(anonymous_1)","decl":{"start":{"line":77,"column":2},"end":{"line":77,"column":3}},"loc":{"start":{"line":77,"column":44},"end":{"line":141,"column":3}},"line":77},"2":{"name":"(anonymous_2)","decl":{"start":{"line":147,"column":2},"end":{"line":147,"column":3}},"loc":{"start":{"line":147,"column":39},"end":{"line":209,"column":3}},"line":147}},"branchMap":{"0":{"loc":{"start":{"line":15,"column":6},"end":{"line":17,"column":7}},"type":"if","locations":[{"start":{"line":15,"column":6},"end":{"line":17,"column":7}},{"start":{},"end":{}}],"line":15},"1":{"loc":{"start":{"line":15,"column":10},"end":{"line":15,"column":32}},"type":"binary-expr","locations":[{"start":{"line":15,"column":10},"end":{"line":15,"column":17}},{"start":{"line":15,"column":21},"end":{"line":15,"column":32}}],"line":15},"2":{"loc":{"start":{"line":20,"column":26},"end":{"line":20,"column":71}},"type":"binary-expr","locations":[{"start":{"line":20,"column":26},"end":{"line":20,"column":44}},{"start":{"line":20,"column":48},"end":{"line":20,"column":71}}],"line":20},"3":{"loc":{"start":{"line":40,"column":6},"end":{"line":48,"column":7}},"type":"if","locations":[{"start":{"line":40,"column":6},"end":{"line":48,"column":7}},{"start":{},"end":{}}],"line":40},"4":{"loc":{"start":{"line":54,"column":24},"end":{"line":54,"column":66}},"type":"binary-expr","locations":[{"start":{"line":54,"column":24},"end":{"line":54,"column":47}},{"start":{"line":54,"column":51},"end":{"line":54,"column":66}}],"line":54},"5":{"loc":{"start":{"line":55,"column":25},"end":{"line":55,"column":91}},"type":"binary-expr","locations":[{"start":{"line":55,"column":25},"end":{"line":55,"column":41}},{"start":{"line":55,"column":45},"end":{"line":55,"column":91}}],"line":55},"6":{"loc":{"start":{"line":85,"column":6},"end":{"line":94,"column":7}},"type":"if","locations":[{"start":{"line":85,"column":6},"end":{"line":94,"column":7}},{"start":{},"end":{}}],"line":85},"7":{"loc":{"start":{"line":87,"column":9},"end":{"line":93,"column":10}},"type":"if","locations":[{"start":{"line":87,"column":9},"end":{"line":93,"column":10}},{"start":{},"end":{}}],"line":87},"8":{"loc":{"start":{"line":90,"column":29},"end":{"line":90,"column":49}},"type":"binary-expr","locations":[{"start":{"line":90,"column":29},"end":{"line":90,"column":41}},{"start":{"line":90,"column":45},"end":{"line":90,"column":49}}],"line":90},"9":{"loc":{"start":{"line":98,"column":6},"end":{"line":100,"column":7}},"type":"if","locations":[{"start":{"line":98,"column":6},"end":{"line":100,"column":7}},{"start":{},"end":{}}],"line":98},"10":{"loc":{"start":{"line":99,"column":50},"end":{"line":99,"column":83}},"type":"binary-expr","locations":[{"start":{"line":99,"column":50},"end":{"line":99,"column":67}},{"start":{"line":99,"column":71},"end":{"line":99,"column":83}}],"line":99},"11":{"loc":{"start":{"line":111,"column":6},"end":{"line":113,"column":7}},"type":"if","locations":[{"start":{"line":111,"column":6},"end":{"line":113,"column":7}},{"start":{},"end":{}}],"line":111},"12":{"loc":{"start":{"line":120,"column":31},"end":{"line":120,"column":90}},"type":"cond-expr","locations":[{"start":{"line":120,"column":45},"end":{"line":120,"column":70}},{"start":{"line":120,"column":73},"end":{"line":120,"column":90}}],"line":120},"13":{"loc":{"start":{"line":123,"column":6},"end":{"line":130,"column":7}},"type":"if","locations":[{"start":{"line":123,"column":6},"end":{"line":130,"column":7}},{"start":{},"end":{}}],"line":123},"14":{"loc":{"start":{"line":123,"column":10},"end":{"line":123,"column":109}},"type":"binary-expr","locations":[{"start":{"line":123,"column":10},"end":{"line":123,"column":41}},{"start":{"line":123,"column":45},"end":{"line":123,"column":76}},{"start":{"line":123,"column":80},"end":{"line":123,"column":109}}],"line":123},"15":{"loc":{"start":{"line":124,"column":8},"end":{"line":129,"column":9}},"type":"if","locations":[{"start":{"line":124,"column":8},"end":{"line":129,"column":9}},{"start":{},"end":{}}],"line":124},"16":{"loc":{"start":{"line":153,"column":6},"end":{"line":159,"column":7}},"type":"if","locations":[{"start":{"line":153,"column":6},"end":{"line":159,"column":7}},{"start":{},"end":{}}],"line":153},"17":{"loc":{"start":{"line":155,"column":26},"end":{"line":155,"column":90}},"type":"binary-expr","locations":[{"start":{"line":155,"column":26},"end":{"line":155,"column":58}},{"start":{"line":155,"column":62},"end":{"line":155,"column":90}}],"line":155},"18":{"loc":{"start":{"line":156,"column":8},"end":{"line":158,"column":9}},"type":"if","locations":[{"start":{"line":156,"column":8},"end":{"line":158,"column":9}},{"start":{},"end":{}}],"line":156},"19":{"loc":{"start":{"line":156,"column":12},"end":{"line":156,"column":98}},"type":"binary-expr","locations":[{"start":{"line":156,"column":12},"end":{"line":156,"column":47}},{"start":{"line":156,"column":51},"end":{"line":156,"column":98}}],"line":156},"20":{"loc":{"start":{"line":164,"column":24},"end":{"line":164,"column":56}},"type":"binary-expr","locations":[{"start":{"line":164,"column":24},"end":{"line":164,"column":42}},{"start":{"line":164,"column":46},"end":{"line":164,"column":56}}],"line":164},"21":{"loc":{"start":{"line":168,"column":6},"end":{"line":170,"column":7}},"type":"if","locations":[{"start":{"line":168,"column":6},"end":{"line":170,"column":7}},{"start":{},"end":{}}],"line":168},"22":{"loc":{"start":{"line":168,"column":10},"end":{"line":168,"column":35}},"type":"binary-expr","locations":[{"start":{"line":168,"column":10},"end":{"line":168,"column":20}},{"start":{"line":168,"column":24},"end":{"line":168,"column":35}}],"line":168},"23":{"loc":{"start":{"line":173,"column":6},"end":{"line":200,"column":7}},"type":"if","locations":[{"start":{"line":173,"column":6},"end":{"line":200,"column":7}},{"start":{"line":192,"column":13},"end":{"line":200,"column":7}}],"line":173},"24":{"loc":{"start":{"line":174,"column":8},"end":{"line":190,"column":9}},"type":"if","locations":[{"start":{"line":174,"column":8},"end":{"line":190,"column":9}},{"start":{"line":182,"column":15},"end":{"line":190,"column":9}}],"line":174},"25":{"loc":{"start":{"line":182,"column":15},"end":{"line":190,"column":9}},"type":"if","locations":[{"start":{"line":182,"column":15},"end":{"line":190,"column":9}},{"start":{},"end":{}}],"line":182},"26":{"loc":{"start":{"line":192,"column":13},"end":{"line":200,"column":7}},"type":"if","locations":[{"start":{"line":192,"column":13},"end":{"line":200,"column":7}},{"start":{},"end":{}}],"line":192},"27":{"loc":{"start":{"line":192,"column":17},"end":{"line":192,"column":67}},"type":"binary-expr","locations":[{"start":{"line":192,"column":17},"end":{"line":192,"column":41}},{"start":{"line":192,"column":45},"end":{"line":192,"column":67}}],"line":192},"28":{"loc":{"start":{"line":194,"column":8},"end":{"line":199,"column":9}},"type":"if","locations":[{"start":{"line":194,"column":8},"end":{"line":199,"column":9}},{"start":{},"end":{}}],"line":194}},"s":{"0":0,"1":0,"2":0,"3":0,"4":0,"5":0,"6":0,"7":0,"8":0,"9":0,"10":0,"11":0,"12":0,"13":0,"14":0,"15":0,"16":0,"17":0,"18":0,"19":0,"20":0,"21":0,"22":0,"23":0,"24":0,"25":0,"26":0,"27":0,"28":0,"29":0,"30":0,"31":0,"32":0,"33":0,"34":0,"35":0,"36":0,"37":0,"38":0,"39":0,"40":0,"41":0,"42":0,"43":0,"44":0,"45":0,"46":0,"47":0,"48":0,"49":0,"50":0,"51":0,"52":0,"53":0,"54":0,"55":0,"56":0,"57":0,"58":0,"59":0,"60":0,"61":0,"62":0,"63":0,"64":0,"65":0,"66":0,"67":0,"68":0,"69":0,"70":0,"71":0,"72":0,"73":0,"74":0},"f":{"0":0,"1":0,"2":0},"b":{"0":[0,0],"1":[0,0],"2":[0,0],"3":[0,0],"4":[0,0],"5":[0,0],"6":[0,0],"7":[0,0],"8":[0,0],"9":[0,0],"10":[0,0],"11":[0,0],"12":[0,0],"13":[0,0],"14":[0,0,0],"15":[0,0],"16":[0,0],"17":[0,0],"18":[0,0],"19":[0,0],"20":[0,0],"21":[0,0],"22":[0,0],"23":[0,0],"24":[0,0],"25":[0,0],"26":[0,0],"27":[0,0],"28":[0,0]}}
,"/Users/dhananjaya/Desktop/park-chain-backend/src/controllers/NavigationController.js": {"path":"/Users/dhananjaya/Desktop/park-chain-backend/src/controllers/NavigationController.js","statementMap":{"0":{"start":{"line":1,"column":26},"end":{"line":1,"column":66}},"1":{"start":{"line":5,"column":4},"end":{"line":36,"column":5}},"2":{"start":{"line":7,"column":44},"end":{"line":7,"column":53}},"3":{"start":{"line":9,"column":6},"end":{"line":14,"column":7}},"4":{"start":{"line":10,"column":8},"end":{"line":13,"column":11}},"5":{"start":{"line":19,"column":25},"end":{"line":19,"column":34}},"6":{"start":{"line":22,"column":24},"end":{"line":22,"column":94}},"7":{"start":{"line":24,"column":6},"end":{"line":27,"column":9}},"8":{"start":{"line":30,"column":6},"end":{"line":30,"column":67}},"9":{"start":{"line":31,"column":6},"end":{"line":35,"column":9}},"10":{"start":{"line":40,"column":0},"end":{"line":40,"column":38}}},"fnMap":{"0":{"name":"(anonymous_0)","decl":{"start":{"line":4,"column":2},"end":{"line":4,"column":3}},"loc":{"start":{"line":4,"column":34},"end":{"line":37,"column":3}},"line":4}},"branchMap":{"0":{"loc":{"start":{"line":9,"column":6},"end":{"line":14,"column":7}},"type":"if","locations":[{"start":{"line":9,"column":6},"end":{"line":14,"column":7}},{"start":{},"end":{}}],"line":9},"1":{"loc":{"start":{"line":9,"column":10},"end":{"line":9,"column":33}},"type":"binary-expr","locations":[{"start":{"line":9,"column":10},"end":{"line":9,"column":17}},{"start":{"line":9,"column":21},"end":{"line":9,"column":33}}],"line":9}},"s":{"0":0,"1":0,"2":0,"3":0,"4":0,"5":0,"6":0,"7":0,"8":0,"9":0,"10":0},"f":{"0":0},"b":{"0":[0,0],"1":[0,0]}}
,"/Users/dhananjaya/Desktop/park-chain-backend/src/controllers/PaymentController.js": {"path":"/Users/dhananjaya/Desktop/park-chain-backend/src/controllers/PaymentController.js","statementMap":{"0":{"start":{"line":2,"column":20},"end":{"line":2,"column":54}},"1":{"start":{"line":3,"column":20},"end":{"line":3,"column":52}},"2":{"start":{"line":4,"column":13},"end":{"line":4,"column":38}},"3":{"start":{"line":5,"column":0},"end":{"line":5,"column":27}},"4":{"start":{"line":8,"column":19},"end":{"line":29,"column":1}},"5":{"start":{"line":9,"column":2},"end":{"line":28,"column":3}},"6":{"start":{"line":10,"column":26},"end":{"line":10,"column":66}},"7":{"start":{"line":12,"column":4},"end":{"line":17,"column":5}},"8":{"start":{"line":13,"column":6},"end":{"line":16,"column":9}},"9":{"start":{"line":19,"column":20},"end":{"line":19,"column":63}},"10":{"start":{"line":21,"column":4},"end":{"line":24,"column":7}},"11":{"start":{"line":26,"column":4},"end":{"line":26,"column":55}},"12":{"start":{"line":27,"column":4},"end":{"line":27,"column":62}},"13":{"start":{"line":32,"column":24},"end":{"line":52,"column":1}},"14":{"start":{"line":33,"column":2},"end":{"line":51,"column":3}},"15":{"start":{"line":34,"column":25},"end":{"line":34,"column":57}},"16":{"start":{"line":36,"column":4},"end":{"line":38,"column":5}},"17":{"start":{"line":37,"column":6},"end":{"line":37,"column":77}},"18":{"start":{"line":40,"column":20},"end":{"line":40,"column":62}},"19":{"start":{"line":41,"column":21},"end":{"line":41,"column":57}},"20":{"start":{"line":43,"column":4},"end":{"line":47,"column":7}},"21":{"start":{"line":49,"column":4},"end":{"line":49,"column":57}},"22":{"start":{"line":50,"column":4},"end":{"line":50,"column":68}},"23":{"start":{"line":55,"column":24},"end":{"line":74,"column":1}},"24":{"start":{"line":56,"column":2},"end":{"line":73,"column":3}},"25":{"start":{"line":57,"column":41},"end":{"line":57,"column":50}},"26":{"start":{"line":60,"column":4},"end":{"line":67,"column":5}},"27":{"start":{"line":61,"column":6},"end":{"line":61,"column":64}},"28":{"start":{"line":63,"column":6},"end":{"line":66,"column":8}},"29":{"start":{"line":69,"column":4},"end":{"line":69,"column":59}},"30":{"start":{"line":71,"column":4},"end":{"line":71,"column":60}},"31":{"start":{"line":72,"column":4},"end":{"line":72,"column":69}},"32":{"start":{"line":77,"column":26},"end":{"line":85,"column":1}},"33":{"start":{"line":78,"column":2},"end":{"line":84,"column":3}},"34":{"start":{"line":79,"column":23},"end":{"line":79,"column":33}},"35":{"start":{"line":80,"column":19},"end":{"line":80,"column":62}},"36":{"start":{"line":81,"column":4},"end":{"line":81,"column":38}},"37":{"start":{"line":83,"column":4},"end":{"line":83,"column":69}},"38":{"start":{"line":88,"column":30},"end":{"line":107,"column":1}},"39":{"start":{"line":89,"column":2},"end":{"line":106,"column":3}},"40":{"start":{"line":90,"column":21},"end":{"line":90,"column":32}},"41":{"start":{"line":91,"column":4},"end":{"line":91,"column":69}},"42":{"start":{"line":93,"column":25},"end":{"line":93,"column":67}},"43":{"start":{"line":94,"column":4},"end":{"line":94,"column":63}},"44":{"start":{"line":96,"column":21},"end":{"line":96,"column":66}},"45":{"start":{"line":98,"column":4},"end":{"line":102,"column":7}},"46":{"start":{"line":104,"column":4},"end":{"line":104,"column":61}},"47":{"start":{"line":105,"column":4},"end":{"line":105,"column":76}},"48":{"start":{"line":110,"column":31},"end":{"line":128,"column":1}},"49":{"start":{"line":111,"column":2},"end":{"line":127,"column":3}},"50":{"start":{"line":112,"column":21},"end":{"line":112,"column":32}},"51":{"start":{"line":113,"column":22},"end":{"line":113,"column":70}},"52":{"start":{"line":114,"column":19},"end":{"line":114,"column":85}},"53":{"start":{"line":116,"column":19},"end":{"line":116,"column":78}},"54":{"start":{"line":118,"column":4},"end":{"line":123,"column":7}},"55":{"start":{"line":125,"column":4},"end":{"line":125,"column":69}},"56":{"start":{"line":126,"column":4},"end":{"line":126,"column":85}},"57":{"start":{"line":130,"column":0},"end":{"line":137,"column":2}}},"fnMap":{"0":{"name":"(anonymous_0)","decl":{"start":{"line":8,"column":19},"end":{"line":8,"column":20}},"loc":{"start":{"line":8,"column":39},"end":{"line":29,"column":1}},"line":8},"1":{"name":"(anonymous_1)","decl":{"start":{"line":32,"column":24},"end":{"line":32,"column":25}},"loc":{"start":{"line":32,"column":44},"end":{"line":52,"column":1}},"line":32},"2":{"name":"(anonymous_2)","decl":{"start":{"line":55,"column":24},"end":{"line":55,"column":25}},"loc":{"start":{"line":55,"column":44},"end":{"line":74,"column":1}},"line":55},"3":{"name":"(anonymous_3)","decl":{"start":{"line":77,"column":26},"end":{"line":77,"column":27}},"loc":{"start":{"line":77,"column":46},"end":{"line":85,"column":1}},"line":77},"4":{"name":"(anonymous_4)","decl":{"start":{"line":88,"column":30},"end":{"line":88,"column":31}},"loc":{"start":{"line":88,"column":50},"end":{"line":107,"column":1}},"line":88},"5":{"name":"(anonymous_5)","decl":{"start":{"line":110,"column":31},"end":{"line":110,"column":32}},"loc":{"start":{"line":110,"column":51},"end":{"line":128,"column":1}},"line":110}},"branchMap":{"0":{"loc":{"start":{"line":12,"column":4},"end":{"line":17,"column":5}},"type":"if","locations":[{"start":{"line":12,"column":4},"end":{"line":17,"column":5}},{"start":{},"end":{}}],"line":12},"1":{"loc":{"start":{"line":36,"column":4},"end":{"line":38,"column":5}},"type":"if","locations":[{"start":{"line":36,"column":4},"end":{"line":38,"column":5}},{"start":{},"end":{}}],"line":36},"2":{"loc":{"start":{"line":60,"column":4},"end":{"line":67,"column":5}},"type":"if","locations":[{"start":{"line":60,"column":4},"end":{"line":67,"column":5}},{"start":{"line":62,"column":11},"end":{"line":67,"column":5}}],"line":60},"3":{"loc":{"start":{"line":64,"column":8},"end":{"line":64,"column":29}},"type":"binary-expr","locations":[{"start":{"line":64,"column":8},"end":{"line":64,"column":23}},{"start":{"line":64,"column":27},"end":{"line":64,"column":29}}],"line":64},"4":{"loc":{"start":{"line":65,"column":8},"end":{"line":65,"column":29}},"type":"binary-expr","locations":[{"start":{"line":65,"column":8},"end":{"line":65,"column":24}},{"start":{"line":65,"column":28},"end":{"line":65,"column":29}}],"line":65},"5":{"loc":{"start":{"line":113,"column":29},"end":{"line":113,"column":55}},"type":"binary-expr","locations":[{"start":{"line":113,"column":29},"end":{"line":113,"column":45}},{"start":{"line":113,"column":49},"end":{"line":113,"column":55}}],"line":113},"6":{"loc":{"start":{"line":114,"column":19},"end":{"line":114,"column":85}},"type":"cond-expr","locations":[{"start":{"line":114,"column":67},"end":{"line":114,"column":76}},{"start":{"line":114,"column":79},"end":{"line":114,"column":85}}],"line":114}},"s":{"0":1,"1":1,"2":1,"3":1,"4":1,"5":3,"6":3,"7":3,"8":1,"9":2,"10":1,"11":1,"12":1,"13":1,"14":3,"15":3,"16":3,"17":1,"18":2,"19":1,"20":1,"21":1,"22":1,"23":1,"24":4,"25":4,"26":4,"27":1,"28":3,"29":3,"30":1,"31":1,"32":1,"33":3,"34":3,"35":3,"36":2,"37":1,"38":1,"39":2,"40":2,"41":2,"42":2,"43":1,"44":1,"45":1,"46":1,"47":1,"48":1,"49":4,"50":4,"51":4,"52":4,"53":4,"54":3,"55":1,"56":1,"57":1},"f":{"0":3,"1":3,"2":4,"3":3,"4":2,"5":4},"b":{"0":[1,2],"1":[1,2],"2":[1,3],"3":[3,2],"4":[3,2],"5":[4,0],"6":[3,1]},"_coverageSchema":"1a1c01bbd47fc00a2c39e90264f33305004495a9","hash":"f79149d6fc3f71f1e0118b38ceff0458bfdd85ba"}
,"/Users/dhananjaya/Desktop/park-chain-backend/src/controllers/SellerKybController.js": {"path":"/Users/dhananjaya/Desktop/park-chain-backend/src/controllers/SellerKybController.js","statementMap":{"0":{"start":{"line":1,"column":22},"end":{"line":1,"column":56}},"1":{"start":{"line":9,"column":4},"end":{"line":29,"column":5}},"2":{"start":{"line":10,"column":22},"end":{"line":10,"column":33}},"3":{"start":{"line":13,"column":26},"end":{"line":13,"column":68}},"4":{"start":{"line":16,"column":35},"end":{"line":21,"column":9}},"5":{"start":{"line":16,"column":59},"end":{"line":21,"column":7}},"6":{"start":{"line":24,"column":6},"end":{"line":24,"column":56}},"7":{"start":{"line":27,"column":6},"end":{"line":27,"column":62}},"8":{"start":{"line":28,"column":6},"end":{"line":28,"column":102}},"9":{"start":{"line":33,"column":0},"end":{"line":33,"column":37}}},"fnMap":{"0":{"name":"(anonymous_0)","decl":{"start":{"line":8,"column":2},"end":{"line":8,"column":3}},"loc":{"start":{"line":8,"column":39},"end":{"line":30,"column":3}},"line":8},"1":{"name":"(anonymous_1)","decl":{"start":{"line":16,"column":51},"end":{"line":16,"column":52}},"loc":{"start":{"line":16,"column":59},"end":{"line":21,"column":7}},"line":16}},"branchMap":{"0":{"loc":{"start":{"line":19,"column":16},"end":{"line":19,"column":67}},"type":"cond-expr","locations":[{"start":{"line":19,"column":44},"end":{"line":19,"column":54}},{"start":{"line":19,"column":57},"end":{"line":19,"column":67}}],"line":19},"1":{"loc":{"start":{"line":20,"column":20},"end":{"line":20,"column":41}},"type":"binary-expr","locations":[{"start":{"line":20,"column":20},"end":{"line":20,"column":35}},{"start":{"line":20,"column":39},"end":{"line":20,"column":41}}],"line":20}},"s":{"0":0,"1":0,"2":0,"3":0,"4":0,"5":0,"6":0,"7":0,"8":0,"9":0},"f":{"0":0,"1":0},"b":{"0":[0,0],"1":[0,0]}}
,"/Users/dhananjaya/Desktop/park-chain-backend/src/controllers/SpotController.js": {"path":"/Users/dhananjaya/Desktop/park-chain-backend/src/controllers/SpotController.js","statementMap":{"0":{"start":{"line":7,"column":13},"end":{"line":7,"column":38}},"1":{"start":{"line":14,"column":16},"end":{"line":35,"column":1}},"2":{"start":{"line":15,"column":2},"end":{"line":15,"column":41}},"3":{"start":{"line":15,"column":28},"end":{"line":15,"column":41}},"4":{"start":{"line":16,"column":2},"end":{"line":16,"column":71}},"5":{"start":{"line":16,"column":61},"end":{"line":16,"column":71}},"6":{"start":{"line":18,"column":2},"end":{"line":32,"column":3}},"7":{"start":{"line":19,"column":20},"end":{"line":19,"column":32}},"8":{"start":{"line":22,"column":4},"end":{"line":29,"column":5}},"9":{"start":{"line":23,"column":6},"end":{"line":28,"column":7}},"10":{"start":{"line":24,"column":23},"end":{"line":24,"column":42}},"11":{"start":{"line":25,"column":8},"end":{"line":25,"column":49}},"12":{"start":{"line":25,"column":35},"end":{"line":25,"column":49}},"13":{"start":{"line":31,"column":4},"end":{"line":31,"column":19}},"14":{"start":{"line":34,"column":2},"end":{"line":34,"column":17}},"15":{"start":{"line":38,"column":19},"end":{"line":147,"column":1}},"16":{"start":{"line":39,"column":2},"end":{"line":146,"column":3}},"17":{"start":{"line":51,"column":8},"end":{"line":51,"column":16}},"18":{"start":{"line":54,"column":6},"end":{"line":56,"column":28}},"19":{"start":{"line":55,"column":34},"end":{"line":55,"column":43}},"20":{"start":{"line":59,"column":4},"end":{"line":63,"column":5}},"21":{"start":{"line":60,"column":6},"end":{"line":62,"column":9}},"22":{"start":{"line":65,"column":27},"end":{"line":65,"column":47}},"23":{"start":{"line":66,"column":28},"end":{"line":66,"column":49}},"24":{"start":{"line":68,"column":4},"end":{"line":72,"column":5}},"25":{"start":{"line":69,"column":6},"end":{"line":71,"column":9}},"26":{"start":{"line":75,"column":28},"end":{"line":75,"column":84}},"27":{"start":{"line":75,"column":64},"end":{"line":75,"column":83}},"28":{"start":{"line":76,"column":28},"end":{"line":76,"column":77}},"29":{"start":{"line":76,"column":64},"end":{"line":76,"column":76}},"30":{"start":{"line":77,"column":29},"end":{"line":77,"column":79}},"31":{"start":{"line":77,"column":66},"end":{"line":77,"column":78}},"32":{"start":{"line":79,"column":4},"end":{"line":86,"column":5}},"33":{"start":{"line":83,"column":6},"end":{"line":85,"column":9}},"34":{"start":{"line":89,"column":25},"end":{"line":102,"column":7}},"35":{"start":{"line":90,"column":29},"end":{"line":94,"column":7}},"36":{"start":{"line":97,"column":10},"end":{"line":101,"column":23}},"37":{"start":{"line":104,"column":4},"end":{"line":108,"column":5}},"38":{"start":{"line":105,"column":6},"end":{"line":107,"column":9}},"39":{"start":{"line":110,"column":30},"end":{"line":110,"column":65}},"40":{"start":{"line":110,"column":56},"end":{"line":110,"column":64}},"41":{"start":{"line":111,"column":30},"end":{"line":111,"column":80}},"42":{"start":{"line":111,"column":56},"end":{"line":111,"column":79}},"43":{"start":{"line":112,"column":31},"end":{"line":112,"column":79}},"44":{"start":{"line":112,"column":57},"end":{"line":112,"column":78}},"45":{"start":{"line":113,"column":31},"end":{"line":113,"column":85}},"46":{"start":{"line":113,"column":71},"end":{"line":113,"column":81}},"47":{"start":{"line":116,"column":27},"end":{"line":118,"column":40}},"48":{"start":{"line":117,"column":21},"end":{"line":117,"column":40}},"49":{"start":{"line":118,"column":24},"end":{"line":118,"column":39}},"50":{"start":{"line":120,"column":17},"end":{"line":133,"column":6}},"51":{"start":{"line":135,"column":29},"end":{"line":135,"column":53}},"52":{"start":{"line":136,"column":22},"end":{"line":136,"column":57}},"53":{"start":{"line":137,"column":4},"end":{"line":137,"column":95}},"54":{"start":{"line":139,"column":4},"end":{"line":142,"column":7}},"55":{"start":{"line":144,"column":4},"end":{"line":144,"column":55}},"56":{"start":{"line":145,"column":4},"end":{"line":145,"column":69}},"57":{"start":{"line":152,"column":17},"end":{"line":176,"column":1}},"58":{"start":{"line":153,"column":2},"end":{"line":175,"column":3}},"59":{"start":{"line":156,"column":4},"end":{"line":160,"column":5}},"60":{"start":{"line":158,"column":20},"end":{"line":158,"column":40}},"61":{"start":{"line":159,"column":6},"end":{"line":159,"column":54}},"62":{"start":{"line":162,"column":4},"end":{"line":166,"column":5}},"63":{"start":{"line":164,"column":20},"end":{"line":164,"column":55}},"64":{"start":{"line":165,"column":6},"end":{"line":165,"column":54}},"65":{"start":{"line":169,"column":18},"end":{"line":169,"column":44}},"66":{"start":{"line":170,"column":4},"end":{"line":170,"column":45}},"67":{"start":{"line":173,"column":4},"end":{"line":173,"column":53}},"68":{"start":{"line":174,"column":4},"end":{"line":174,"column":62}},"69":{"start":{"line":181,"column":20},"end":{"line":195,"column":1}},"70":{"start":{"line":182,"column":2},"end":{"line":194,"column":3}},"71":{"start":{"line":183,"column":17},"end":{"line":183,"column":51}},"72":{"start":{"line":185,"column":4},"end":{"line":187,"column":5}},"73":{"start":{"line":186,"column":6},"end":{"line":186,"column":64}},"74":{"start":{"line":189,"column":4},"end":{"line":189,"column":23}},"75":{"start":{"line":192,"column":4},"end":{"line":192,"column":52}},"76":{"start":{"line":193,"column":4},"end":{"line":193,"column":61}},"77":{"start":{"line":200,"column":19},"end":{"line":275,"column":1}},"78":{"start":{"line":201,"column":2},"end":{"line":274,"column":3}},"79":{"start":{"line":202,"column":20},"end":{"line":202,"column":28}},"80":{"start":{"line":205,"column":4},"end":{"line":239,"column":5}},"81":{"start":{"line":206,"column":6},"end":{"line":210,"column":7}},"82":{"start":{"line":207,"column":8},"end":{"line":209,"column":11}},"83":{"start":{"line":212,"column":6},"end":{"line":216,"column":7}},"84":{"start":{"line":213,"column":8},"end":{"line":215,"column":11}},"85":{"start":{"line":218,"column":31},"end":{"line":227,"column":8}},"86":{"start":{"line":219,"column":22},"end":{"line":219,"column":49}},"87":{"start":{"line":220,"column":22},"end":{"line":220,"column":50}},"88":{"start":{"line":222,"column":8},"end":{"line":226,"column":10}},"89":{"start":{"line":229,"column":6},"end":{"line":233,"column":7}},"90":{"start":{"line":230,"column":8},"end":{"line":232,"column":11}},"91":{"start":{"line":235,"column":6},"end":{"line":235,"column":77}},"92":{"start":{"line":235,"column":64},"end":{"line":235,"column":75}},"93":{"start":{"line":236,"column":6},"end":{"line":236,"column":84}},"94":{"start":{"line":236,"column":64},"end":{"line":236,"column":82}},"95":{"start":{"line":237,"column":6},"end":{"line":237,"column":86}},"96":{"start":{"line":237,"column":67},"end":{"line":237,"column":84}},"97":{"start":{"line":238,"column":6},"end":{"line":238,"column":85}},"98":{"start":{"line":238,"column":70},"end":{"line":238,"column":80}},"99":{"start":{"line":241,"column":4},"end":{"line":259,"column":5}},"100":{"start":{"line":242,"column":6},"end":{"line":246,"column":7}},"101":{"start":{"line":243,"column":8},"end":{"line":245,"column":11}},"102":{"start":{"line":248,"column":32},"end":{"line":250,"column":7}},"103":{"start":{"line":249,"column":18},"end":{"line":249,"column":70}},"104":{"start":{"line":252,"column":6},"end":{"line":256,"column":7}},"105":{"start":{"line":253,"column":8},"end":{"line":255,"column":11}},"106":{"start":{"line":258,"column":6},"end":{"line":258,"column":71}},"107":{"start":{"line":258,"column":58},"end":{"line":258,"column":69}},"108":{"start":{"line":261,"column":17},"end":{"line":261,"column":71}},"109":{"start":{"line":263,"column":4},"end":{"line":267,"column":5}},"110":{"start":{"line":264,"column":6},"end":{"line":266,"column":9}},"111":{"start":{"line":269,"column":4},"end":{"line":269,"column":49}},"112":{"start":{"line":272,"column":4},"end":{"line":272,"column":55}},"113":{"start":{"line":273,"column":4},"end":{"line":273,"column":62}},"114":{"start":{"line":280,"column":27},"end":{"line":298,"column":1}},"115":{"start":{"line":281,"column":2},"end":{"line":297,"column":3}},"116":{"start":{"line":282,"column":17},"end":{"line":282,"column":74}},"117":{"start":{"line":284,"column":4},"end":{"line":288,"column":5}},"118":{"start":{"line":285,"column":6},"end":{"line":287,"column":9}},"119":{"start":{"line":290,"column":4},"end":{"line":293,"column":7}},"120":{"start":{"line":296,"column":4},"end":{"line":296,"column":70}},"121":{"start":{"line":303,"column":20},"end":{"line":318,"column":1}},"122":{"start":{"line":304,"column":2},"end":{"line":317,"column":3}},"123":{"start":{"line":305,"column":17},"end":{"line":305,"column":50}},"124":{"start":{"line":307,"column":4},"end":{"line":309,"column":5}},"125":{"start":{"line":308,"column":6},"end":{"line":308,"column":64}},"126":{"start":{"line":311,"column":4},"end":{"line":311,"column":52}},"127":{"start":{"line":313,"column":4},"end":{"line":313,"column":63}},"128":{"start":{"line":316,"column":4},"end":{"line":316,"column":63}},"129":{"start":{"line":323,"column":19},"end":{"line":338,"column":1}},"130":{"start":{"line":324,"column":2},"end":{"line":337,"column":3}},"131":{"start":{"line":325,"column":17},"end":{"line":325,"column":49}},"132":{"start":{"line":327,"column":4},"end":{"line":329,"column":5}},"133":{"start":{"line":328,"column":6},"end":{"line":328,"column":64}},"134":{"start":{"line":331,"column":4},"end":{"line":331,"column":52}},"135":{"start":{"line":333,"column":4},"end":{"line":333,"column":62}},"136":{"start":{"line":336,"column":4},"end":{"line":336,"column":62}},"137":{"start":{"line":343,"column":24},"end":{"line":350,"column":1}},"138":{"start":{"line":344,"column":2},"end":{"line":349,"column":3}},"139":{"start":{"line":345,"column":18},"end":{"line":345,"column":50}},"140":{"start":{"line":346,"column":4},"end":{"line":346,"column":45}},"141":{"start":{"line":348,"column":4},"end":{"line":348,"column":70}},"142":{"start":{"line":352,"column":0},"end":{"line":361,"column":2}}},"fnMap":{"0":{"name":"(anonymous_0)","decl":{"start":{"line":14,"column":16},"end":{"line":14,"column":17}},"loc":{"start":{"line":14,"column":27},"end":{"line":35,"column":1}},"line":14},"1":{"name":"(anonymous_1)","decl":{"start":{"line":38,"column":19},"end":{"line":38,"column":20}},"loc":{"start":{"line":38,"column":39},"end":{"line":147,"column":1}},"line":38},"2":{"name":"(anonymous_2)","decl":{"start":{"line":55,"column":24},"end":{"line":55,"column":25}},"loc":{"start":{"line":55,"column":34},"end":{"line":55,"column":43}},"line":55},"3":{"name":"(anonymous_3)","decl":{"start":{"line":75,"column":54},"end":{"line":75,"column":55}},"loc":{"start":{"line":75,"column":64},"end":{"line":75,"column":83}},"line":75},"4":{"name":"(anonymous_4)","decl":{"start":{"line":76,"column":54},"end":{"line":76,"column":55}},"loc":{"start":{"line":76,"column":64},"end":{"line":76,"column":76}},"line":76},"5":{"name":"(anonymous_5)","decl":{"start":{"line":77,"column":56},"end":{"line":77,"column":57}},"loc":{"start":{"line":77,"column":66},"end":{"line":77,"column":78}},"line":77},"6":{"name":"(anonymous_6)","decl":{"start":{"line":90,"column":11},"end":{"line":90,"column":12}},"loc":{"start":{"line":90,"column":29},"end":{"line":94,"column":7}},"line":90},"7":{"name":"(anonymous_7)","decl":{"start":{"line":96,"column":8},"end":{"line":96,"column":9}},"loc":{"start":{"line":97,"column":10},"end":{"line":101,"column":23}},"line":97},"8":{"name":"(anonymous_8)","decl":{"start":{"line":110,"column":47},"end":{"line":110,"column":48}},"loc":{"start":{"line":110,"column":56},"end":{"line":110,"column":64}},"line":110},"9":{"name":"(anonymous_9)","decl":{"start":{"line":111,"column":47},"end":{"line":111,"column":48}},"loc":{"start":{"line":111,"column":56},"end":{"line":111,"column":79}},"line":111},"10":{"name":"(anonymous_10)","decl":{"start":{"line":112,"column":48},"end":{"line":112,"column":49}},"loc":{"start":{"line":112,"column":57},"end":{"line":112,"column":78}},"line":112},"11":{"name":"(anonymous_11)","decl":{"start":{"line":113,"column":56},"end":{"line":113,"column":57}},"loc":{"start":{"line":113,"column":71},"end":{"line":113,"column":81}},"line":113},"12":{"name":"(anonymous_12)","decl":{"start":{"line":117,"column":11},"end":{"line":117,"column":12}},"loc":{"start":{"line":117,"column":21},"end":{"line":117,"column":40}},"line":117},"13":{"name":"(anonymous_13)","decl":{"start":{"line":118,"column":14},"end":{"line":118,"column":15}},"loc":{"start":{"line":118,"column":24},"end":{"line":118,"column":39}},"line":118},"14":{"name":"(anonymous_14)","decl":{"start":{"line":152,"column":17},"end":{"line":152,"column":18}},"loc":{"start":{"line":152,"column":37},"end":{"line":176,"column":1}},"line":152},"15":{"name":"(anonymous_15)","decl":{"start":{"line":181,"column":20},"end":{"line":181,"column":21}},"loc":{"start":{"line":181,"column":40},"end":{"line":195,"column":1}},"line":181},"16":{"name":"(anonymous_16)","decl":{"start":{"line":200,"column":19},"end":{"line":200,"column":20}},"loc":{"start":{"line":200,"column":39},"end":{"line":275,"column":1}},"line":200},"17":{"name":"(anonymous_17)","decl":{"start":{"line":218,"column":57},"end":{"line":218,"column":58}},"loc":{"start":{"line":218,"column":74},"end":{"line":227,"column":7}},"line":218},"18":{"name":"(anonymous_18)","decl":{"start":{"line":235,"column":54},"end":{"line":235,"column":55}},"loc":{"start":{"line":235,"column":64},"end":{"line":235,"column":75}},"line":235},"19":{"name":"(anonymous_19)","decl":{"start":{"line":236,"column":54},"end":{"line":236,"column":55}},"loc":{"start":{"line":236,"column":64},"end":{"line":236,"column":82}},"line":236},"20":{"name":"(anonymous_20)","decl":{"start":{"line":237,"column":56},"end":{"line":237,"column":57}},"loc":{"start":{"line":237,"column":67},"end":{"line":237,"column":84}},"line":237},"21":{"name":"(anonymous_21)","decl":{"start":{"line":238,"column":55},"end":{"line":238,"column":56}},"loc":{"start":{"line":238,"column":70},"end":{"line":238,"column":80}},"line":238},"22":{"name":"(anonymous_22)","decl":{"start":{"line":249,"column":8},"end":{"line":249,"column":9}},"loc":{"start":{"line":249,"column":18},"end":{"line":249,"column":70}},"line":249},"23":{"name":"(anonymous_23)","decl":{"start":{"line":258,"column":48},"end":{"line":258,"column":49}},"loc":{"start":{"line":258,"column":58},"end":{"line":258,"column":69}},"line":258},"24":{"name":"(anonymous_24)","decl":{"start":{"line":280,"column":27},"end":{"line":280,"column":28}},"loc":{"start":{"line":280,"column":47},"end":{"line":298,"column"
[...]
ine":182},"17":{"loc":{"start":{"line":186,"column":4},"end":{"line":192,"column":5}},"type":"if","locations":[{"start":{"line":186,"column":4},"end":{"line":192,"column":5}},{"start":{},"end":{}}],"line":186},"18":{"loc":{"start":{"line":212,"column":4},"end":{"line":224,"column":5}},"type":"if","locations":[{"start":{"line":212,"column":4},"end":{"line":224,"column":5}},{"start":{"line":218,"column":11},"end":{"line":224,"column":5}}],"line":212},"19":{"loc":{"start":{"line":218,"column":11},"end":{"line":224,"column":5}},"type":"if","locations":[{"start":{"line":218,"column":11},"end":{"line":224,"column":5}},{"start":{},"end":{}}],"line":218},"20":{"loc":{"start":{"line":245,"column":4},"end":{"line":257,"column":5}},"type":"if","locations":[{"start":{"line":245,"column":4},"end":{"line":257,"column":5}},{"start":{"line":251,"column":11},"end":{"line":257,"column":5}}],"line":245},"21":{"loc":{"start":{"line":251,"column":11},"end":{"line":257,"column":5}},"type":"if","locations":[{"start":{"line":251,"column":11},"end":{"line":257,"column":5}},{"start":{},"end":{}}],"line":251}},"s":{"0":1,"1":0,"2":0,"3":0,"4":0,"5":0,"6":0,"7":0,"8":0,"9":0,"10":0,"11":0,"12":0,"13":0,"14":0,"15":0,"16":0,"17":0,"18":0,"19":0,"20":0,"21":0,"22":0,"23":0,"24":0,"25":0,"26":0,"27":0,"28":0,"29":0,"30":0,"31":0,"32":0,"33":0,"34":0,"35":0,"36":0,"37":0,"38":0,"39":0,"40":0,"41":0,"42":0,"43":0,"44":0,"45":0,"46":0,"47":0,"48":0,"49":0,"50":0,"51":0,"52":0,"53":0,"54":0,"55":0,"56":0,"57":0,"58":0,"59":0,"60":0,"61":0,"62":0,"63":0,"64":0,"65":0,"66":0,"67":0,"68":0,"69":0,"70":0,"71":0,"72":0,"73":0,"74":0,"75":0,"76":0,"77":0,"78":0,"79":0,"80":0,"81":1},"f":{"0":0,"1":0,"2":0,"3":0,"4":0,"5":0,"6":0},"b":{"0":[0,0],"1":[0,0],"2":[0,0],"3":[0,0],"4":[0,0],"5":[0,0],"6":[0,0],"7":[0,0],"8":[0,0],"9":[0,0],"10":[0,0],"11":[0,0],"12":[0,0],"13":[0,0],"14":[0,0],"15":[0,0],"16":[0,0],"17":[0,0],"18":[0,0],"19":[0,0],"20":[0,0],"21":[0,0]},"_coverageSchema":"1a1c01bbd47fc00a2c39e90264f33305004495a9","hash":"42d7e8cca035f5b273fceca47d20184c517fb54f"}
,"/Users/dhananjaya/Desktop/park-chain-backend/src/services/NavigationService.js": {"path":"/Users/dhananjaya/Desktop/park-chain-backend/src/services/NavigationService.js","statementMap":{"0":{"start":{"line":2,"column":32},"end":{"line":2,"column":43}},"1":{"start":{"line":7,"column":4},"end":{"line":9,"column":5}},"2":{"start":{"line":8,"column":6},"end":{"line":8,"column":85}},"3":{"start":{"line":13,"column":16},"end":{"line":13,"column":172}},"4":{"start":{"line":15,"column":4},"end":{"line":58,"column":5}},"5":{"start":{"line":16,"column":23},"end":{"line":16,"column":39}},"6":{"start":{"line":17,"column":19},"end":{"line":17,"column":40}},"7":{"start":{"line":19,"column":6},"end":{"line":21,"column":7}},"8":{"start":{"line":20,"column":8},"end":{"line":20,"column":108}},"9":{"start":{"line":25,"column":27},"end":{"line":49,"column":8}},"10":{"start":{"line":26,"column":20},"end":{"line":26,"column":33}},"11":{"start":{"line":29,"column":22},"end":{"line":37,"column":10}},"12":{"start":{"line":30,"column":10},"end":{"line":36,"column":12}},"13":{"start":{"line":39,"column":8},"end":{"line":48,"column":10}},"14":{"start":{"line":52,"column":6},"end":{"line":54,"column":8}},"15":{"start":{"line":56,"column":6},"end":{"line":56,"column":65}},"16":{"start":{"line":57,"column":6},"end":{"line":57,"column":18}},"17":{"start":{"line":62,"column":0},"end":{"line":62,"column":35}}},"fnMap":{"0":{"name":"(anonymous_0)","decl":{"start":{"line":6,"column":2},"end":{"line":6,"column":3}},"loc":{"start":{"line":6,"column":68},"end":{"line":59,"column":3}},"line":6},"1":{"name":"(anonymous_1)","decl":{"start":{"line":25,"column":55},"end":{"line":25,"column":56}},"loc":{"start":{"line":25,"column":73},"end":{"line":49,"column":7}},"line":25},"2":{"name":"(anonymous_2)","decl":{"start":{"line":29,"column":36},"end":{"line":29,"column":37}},"loc":{"start":{"line":29,"column":44},"end":{"line":37,"column":9}},"line":29}},"branchMap":{"0":{"loc":{"start":{"line":6,"column":50},"end":{"line":6,"column":66}},"type":"default-arg","locations":[{"start":{"line":6,"column":57},"end":{"line":6,"column":66}}],"line":6},"1":{"loc":{"start":{"line":7,"column":4},"end":{"line":9,"column":5}},"type":"if","locations":[{"start":{"line":7,"column":4},"end":{"line":9,"column":5}},{"start":{},"end":{}}],"line":7},"2":{"loc":{"start":{"line":19,"column":6},"end":{"line":21,"column":7}},"type":"if","locations":[{"start":{"line":19,"column":6},"end":{"line":21,"column":7}},{"start":{},"end":{}}],"line":19},"3":{"loc":{"start":{"line":20,"column":67},"end":{"line":20,"column":104}},"type":"binary-expr","locations":[{"start":{"line":20,"column":67},"end":{"line":20,"column":85}},{"start":{"line":20,"column":89},"end":{"line":20,"column":104}}],"line":20},"4":{"loc":{"start":{"line":32,"column":25},"end":{"line":32,"column":103}},"type":"cond-expr","locations":[{"start":{"line":32,"column":50},"end":{"line":32,"column":98}},{"start":{"line":32,"column":101},"end":{"line":32,"column":103}}],"line":32},"5":{"loc":{"start":{"line":33,"column":27},"end":{"line":33,"column":66}},"type":"cond-expr","locations":[{"start":{"line":33,"column":43},"end":{"line":33,"column":62}},{"start":{"line":33,"column":65},"end":{"line":33,"column":66}}],"line":33},"6":{"loc":{"start":{"line":34,"column":22},"end":{"line":34,"column":49}},"type":"binary-expr","locations":[{"start":{"line":34,"column":22},"end":{"line":34,"column":35}},{"start":{"line":34,"column":39},"end":{"line":34,"column":49}}],"line":34}},"s":{"0":0,"1":0,"2":0,"3":0,"4":0,"5":0,"6":0,"7":0,"8":0,"9":0,"10":0,"11":0,"12":0,"13":0,"14":0,"15":0,"16":0,"17":0},"f":{"0":0,"1":0,"2":0},"b":{"0":[0],"1":[0,0],"2":[0,0],"3":[0,0],"4":[0,0],"5":[0,0],"6":[0,0]}}
,"/Users/dhananjaya/Desktop/park-chain-backend/src/services/XrplService.js": {"path":"/Users/dhananjaya/Desktop/park-chain-backend/src/services/XrplService.js","statementMap":{"0":{"start":{"line":15,"column":13},"end":{"line":15,"column":28}},"1":{"start":{"line":16,"column":0},"end":{"line":16,"column":27}},"2":{"start":{"line":20,"column":4},"end":{"line":20,"column":23}},"3":{"start":{"line":21,"column":4},"end":{"line":21,"column":47}},"4":{"start":{"line":29,"column":4},"end":{"line":29,"column":57}},"5":{"start":{"line":29,"column":50},"end":{"line":29,"column":57}},"6":{"start":{"line":30,"column":4},"end":{"line":30,"column":51}},"7":{"start":{"line":31,"column":4},"end":{"line":31,"column":32}},"8":{"start":{"line":32,"column":4},"end":{"line":32,"column":58}},"9":{"start":{"line":36,"column":4},"end":{"line":39,"column":5}},"10":{"start":{"line":37,"column":6},"end":{"line":37,"column":37}},"11":{"start":{"line":38,"column":6},"end":{"line":38,"column":47}},"12":{"start":{"line":43,"column":4},"end":{"line":43,"column":73}},"13":{"start":{"line":43,"column":52},"end":{"line":43,"column":73}},"14":{"start":{"line":61,"column":4},"end":{"line":61,"column":33}},"15":{"start":{"line":62,"column":4},"end":{"line":73,"column":5}},"16":{"start":{"line":63,"column":23},"end":{"line":67,"column":8}},"17":{"start":{"line":68,"column":27},"end":{"line":68,"column":63}},"18":{"start":{"line":69,"column":6},"end":{"line":69,"column":43}},"19":{"start":{"line":71,"column":6},"end":{"line":71,"column":58}},"20":{"start":{"line":71,"column":47},"end":{"line":71,"column":58}},"21":{"start":{"line":72,"column":6},"end":{"line":72,"column":18}},"22":{"start":{"line":87,"column":4},"end":{"line":87,"column":33}},"23":{"start":{"line":88,"column":4},"end":{"line":88,"column":55}},"24":{"start":{"line":90,"column":4},"end":{"line":127,"column":5}},"25":{"start":{"line":91,"column":23},"end":{"line":95,"column":8}},"26":{"start":{"line":97,"column":17},"end":{"line":97,"column":32}},"27":{"start":{"line":98,"column":24},"end":{"line":98,"column":66}},"28":{"start":{"line":101,"column":27},"end":{"line":101,"column":59}},"29":{"start":{"line":102,"column":28},"end":{"line":102,"column":59}},"30":{"start":{"line":104,"column":6},"end":{"line":107,"column":7}},"31":{"start":{"line":105,"column":8},"end":{"line":105,"column":58}},"32":{"start":{"line":106,"column":8},"end":{"line":106,"column":64}},"33":{"start":{"line":109,"column":6},"end":{"line":112,"column":7}},"34":{"start":{"line":110,"column":8},"end":{"line":110,"column":66}},"35":{"start":{"line":111,"column":8},"end":{"line":111,"column":63}},"36":{"start":{"line":114,"column":24},"end":{"line":114,"column":50}},"37":{"start":{"line":115,"column":6},"end":{"line":115,"column":72}},"38":{"start":{"line":117,"column":6},"end":{"line":122,"column":8}},"39":{"start":{"line":125,"column":6},"end":{"line":125,"column":56}},"40":{"start":{"line":126,"column":6},"end":{"line":126,"column":56}},"41":{"start":{"line":134,"column":4},"end":{"line":134,"column":33}},"42":{"start":{"line":135,"column":4},"end":{"line":151,"column":5}},"43":{"start":{"line":136,"column":23},"end":{"line":140,"column":8}},"44":{"start":{"line":141,"column":17},"end":{"line":141,"column":32}},"45":{"start":{"line":142,"column":6},"end":{"line":148,"column":8}},"46":{"start":{"line":150,"column":6},"end":{"line":150,"column":53}},"47":{"start":{"line":171,"column":4},"end":{"line":171,"column":33}},"48":{"start":{"line":174,"column":22},"end":{"line":174,"column":51}},"49":{"start":{"line":175,"column":4},"end":{"line":175,"column":74}},"50":{"start":{"line":175,"column":20},"end":{"line":175,"column":74}},"51":{"start":{"line":177,"column":25},"end":{"line":177,"column":56}},"52":{"start":{"line":179,"column":20},"end":{"line":184,"column":5}},"53":{"start":{"line":187,"column":4},"end":{"line":194,"column":5}},"54":{"start":{"line":188,"column":6},"end":{"line":193,"column":9}},"55":{"start":{"line":196,"column":21},"end":{"line":196,"column":56}},"56":{"start":{"line":197,"column":19},"end":{"line":197,"column":46}},"57":{"start":{"line":199,"column":4},"end":{"line":199,"column":60}},"58":{"start":{"line":200,"column":19},"end":{"line":200,"column":66}},"59":{"start":{"line":202,"column":20},"end":{"line":202,"column":73}},"60":{"start":{"line":203,"column":4},"end":{"line":203,"column":84}},"61":{"start":{"line":205,"column":4},"end":{"line":209,"column":6}},"62":{"start":{"line":213,"column":0},"end":{"line":213,"column":35}}},"fnMap":{"0":{"name":"(anonymous_0)","decl":{"start":{"line":19,"column":2},"end":{"line":19,"column":3}},"loc":{"start":{"line":19,"column":16},"end":{"line":22,"column":3}},"line":19},"1":{"name":"(anonymous_1)","decl":{"start":{"line":28,"column":2},"end":{"line":28,"column":3}},"loc":{"start":{"line":28,"column":18},"end":{"line":33,"column":3}},"line":28},"2":{"name":"(anonymous_2)","decl":{"start":{"line":35,"column":2},"end":{"line":35,"column":3}},"loc":{"start":{"line":35,"column":21},"end":{"line":40,"column":3}},"line":35},"3":{"name":"(anonymous_3)","decl":{"start":{"line":42,"column":2},"end":{"line":42,"column":3}},"loc":{"start":{"line":42,"column":26},"end":{"line":44,"column":3}},"line":42},"4":{"name":"(anonymous_4)","decl":{"start":{"line":60,"column":2},"end":{"line":60,"column":3}},"loc":{"start":{"line":60,"column":28},"end":{"line":74,"column":3}},"line":60},"5":{"name":"(anonymous_5)","decl":{"start":{"line":86,"column":2},"end":{"line":86,"column":3}},"loc":{"start":{"line":86,"column":36},"end":{"line":128,"column":3}},"line":86},"6":{"name":"(anonymous_6)","decl":{"start":{"line":133,"column":2},"end":{"line":133,"column":3}},"loc":{"start":{"line":133,"column":34},"end":{"line":152,"column":3}},"line":133},"7":{"name":"(anonymous_7)","decl":{"start":{"line":170,"column":2},"end":{"line":170,"column":3}},"loc":{"start":{"line":170,"column":55},"end":{"line":210,"column":3}},"line":170}},"branchMap":{"0":{"loc":{"start":{"line":29,"column":4},"end":{"line":29,"column":57}},"type":"if","locations":[{"start":{"line":29,"column":4},"end":{"line":29,"column":57}},{"start":{},"end":{}}],"line":29},"1":{"loc":{"start":{"line":29,"column":8},"end":{"line":29,"column":48}},"type":"binary-expr","locations":[{"start":{"line":29,"column":8},"end":{"line":29,"column":19}},{"start":{"line":29,"column":23},"end":{"line":29,"column":48}}],"line":29},"2":{"loc":{"start":{"line":36,"column":4},"end":{"line":39,"column":5}},"type":"if","locations":[{"start":{"line":36,"column":4},"end":{"line":39,"column":5}},{"start":{},"end":{}}],"line":36},"3":{"loc":{"start":{"line":36,"column":8},"end":{"line":36,"column":48}},"type":"binary-expr","locations":[{"start":{"line":36,"column":8},"end":{"line":36,"column":19}},{"start":{"line":36,"column":23},"end":{"line":36,"column":48}}],"line":36},"4":{"loc":{"start":{"line":43,"column":4},"end":{"line":43,"column":73}},"type":"if","locations":[{"start":{"line":43,"column":4},"end":{"line":43,"column":73}},{"start":{},"end":{}}],"line":43},"5":{"loc":{"start":{"line":43,"column":8},"end":{"line":43,"column":50}},"type":"binary-expr","locations":[{"start":{"line":43,"column":8},"end":{"line":43,"column":20}},{"start":{"line":43,"column":24},"end":{"line":43,"column":50}}],"line":43},"6":{"loc":{"start":{"line":71,"column":6},"end":{"line":71,"column":58}},"type":"if","locations":[{"start":{"line":71,"column":6},"end":{"line":71,"column":58}},{"start":{},"end":{}}],"line":71},"7":{"loc":{"start":{"line":104,"column":6},"end":{"line":107,"column":7}},"type":"if","locations":[{"start":{"line":104,"column":6},"end":{"line":107,"column":7}},{"start":{},"end":{}}],"line":104},"8":{"loc":{"start":{"line":109,"column":6},"end":{"line":112,"column":7}},"type":"if","locations":[{"start":{"line":109,"column":6},"end":{"line":112,"column":7}},{"start":{},"end":{}}],"line":109},"9":{"loc":{"start":{"line":175,"column":4},"end":{"line":175,"column":74}},"type":"if","locations":[{"start":{"line":175,"column":4},"end":{"line":175,"column":74}},{"start":{},"end":{}}],"line":175},"10":{"loc":{"start":{"line":187,"column":4},"end":{"line":194,"column":5}},"type":"if","locations":[{"start":{"line":187,"column":4},"end":{"line":194,"column":5}},{"start":{},"end":{}}],"line":187},"11":{"loc":{"start":{"line":203,"column":16},"end":{"line":203,"column":82}},"type":"cond-expr","locations":[{"start":{"line":203,"column":26},"end":{"line":203,"column":54}},{"start":{"line":203,"column":57},"end":{"line":203,"column":82}}],"line":203}},"s":{"0":17,"1":17,"2":17,"3":17,"4":1,"5":1,"6":0,"7":0,"8":0,"9":3,"10":1,"11":1,"12":13,"13":0,"14":3,"15":3,"16":3,"17":1,"18":1,"19":2,"20":1,"21":1,"22":4,"23":4,"24":4,"25":4,"26":3,"27":3,"28":3,"29":3,"30":3,"31":1,"32":1,"33":2,"34":1,"35":1,"36":1,"37":1,"38":1,"39":1,"40":1,"41":3,"42":3,"43":3,"44":2,"45":2,"46":1,"47":3,"48":3,"49":3,"50":1,"51":2,"52":2,"53":2,"54":2,"55":2,"56":2,"57":2,"58":2,"59":2,"60":2,"61":2,"62":17},"f":{"0":17,"1":1,"2":3,"3":13,"4":3,"5":4,"6":3,"7":3},"b":{"0":[1,0],"1":[1,1],"2":[1,2],"3":[3,2],"4":[0,13],"5":[13,13],"6":[1,1],"7":[1,2],"8":[1,1],"9":[1,2],"10":[2,0],"11":[1,1]},"_coverageSchema":"1a1c01bbd47fc00a2c39e90264f33305004495a9","hash":"b9ce0f1e4ddae62849ba604cb8416553f7017f6b"}
,"/Users/dhananjaya/Desktop/park-chain-backend/src/services/XummService.js": {"path":"/Users/dhananjaya/Desktop/park-chain-backend/src/services/XummService.js","statementMap":{"0":{"start":{"line":13,"column":20},"end":{"line":13,"column":39}},"1":{"start":{"line":14,"column":0},"end":{"line":14,"column":27}},"2":{"start":{"line":18,"column":4},"end":{"line":21,"column":6}},"3":{"start":{"line":22,"column":4},"end":{"line":22,"column":43}},"4":{"start":{"line":31,"column":4},"end":{"line":58,"column":5}},"5":{"start":{"line":32,"column":22},"end":{"line":42,"column":8}},"6":{"start":{"line":44,"column":6},"end":{"line":44,"column":53}},"7":{"start":{"line":45,"column":6},"end":{"line":45,"column":46}},"8":{"start":{"line":46,"column":6},"end":{"line":46,"column":58}},"9":{"start":{"line":47,"column":6},"end":{"line":47,"column":75}},"10":{"start":{"line":49,"column":6},"end":{"line":54,"column":8}},"11":{"start":{"line":56,"column":6},"end":{"line":56,"column":70}},"12":{"start":{"line":57,"column":6},"end":{"line":57,"column":18}},"13":{"start":{"line":65,"column":4},"end":{"line":90,"column":5}},"14":{"start":{"line":66,"column":21},"end":{"line":66,"column":60}},"15":{"start":{"line":68,"column":6},"end":{"line":68,"column":45}},"16":{"start":{"line":69,"column":6},"end":{"line":69,"column":45}},"17":{"start":{"line":70,"column":6},"end":{"line":70,"column":54}},"18":{"start":{"line":71,"column":6},"end":{"line":71,"column":68}},"19":{"start":{"line":74,"column":6},"end":{"line":79,"column":7}},"20":{"start":{"line":75,"column":8},"end":{"line":78,"column":10}},"21":{"start":{"line":82,"column":6},"end":{"line":86,"column":8}},"22":{"start":{"line":88,"column":6},"end":{"line":88,"column":74}},"23":{"start":{"line":89,"column":6},"end":{"line":89,"column":18}},"24":{"start":{"line":96,"column":4},"end":{"line":132,"column":5}},"25":{"start":{"line":97,"column":22},"end":{"line":118,"column":8}},"26":{"start":{"line":120,"column":6},"end":{"line":120,"column":53}},"27":{"start":{"line":121,"column":6},"end":{"line":121,"column":46}},"28":{"start":{"line":122,"column":6},"end":{"line":122,"column":53}},"29":{"start":{"line":124,"column":6},"end":{"line":128,"column":8}},"30":{"start":{"line":130,"column":6},"end":{"line":130,"column":69}},"31":{"start":{"line":131,"column":6},"end":{"line":131,"column":18}},"32":{"start":{"line":139,"column":4},"end":{"line":144,"column":5}},"33":{"start":{"line":140,"column":6},"end":{"line":140,"column":53}},"34":{"start":{"line":142,"column":6},"end":{"line":142,"column":68}},"35":{"start":{"line":143,"column":6},"end":{"line":143,"column":18}},"36":{"start":{"line":149,"column":0},"end":{"line":149,"column":35}}},"fnMap":{"0":{"name":"(anonymous_0)","decl":{"start":{"line":17,"column":2},"end":{"line":17,"column":3}},"loc":{"start":{"line":17,"column":16},"end":{"line":23,"column":3}},"line":17},"1":{"name":"(anonymous_1)","decl":{"start":{"line":30,"column":2},"end":{"line":30,"column":3}},"loc":{"start":{"line":30,"column":30},"end":{"line":59,"column":3}},"line":30},"2":{"name":"(anonymous_2)","decl":{"start":{"line":64,"column":2},"end":{"line":64,"column":3}},"loc":{"start":{"line":64,"column":35},"end":{"line":91,"column":3}},"line":64},"3":{"name":"(anonymous_3)","decl":{"start":{"line":95,"column":2},"end":{"line":95,"column":3}},"loc":{"start":{"line":95,"column":77},"end":{"line":133,"column":3}},"line":95},"4":{"name":"(anonymous_4)","decl":{"start":{"line":138,"column":2},"end":{"line":138,"column":3}},"loc":{"start":{"line":138,"column":39},"end":{"line":145,"column":3}},"line":138}},"branchMap":{"0":{"loc":{"start":{"line":71,"column":32},"end":{"line":71,"column":64}},"type":"binary-expr","locations":[{"start":{"line":71,"column":32},"end":{"line":71,"column":55}},{"start":{"line":71,"column":59},"end":{"line":71,"column":64}}],"line":71},"1":{"loc":{"start":{"line":74,"column":6},"end":{"line":79,"column":7}},"type":"if","locations":[{"start":{"line":74,"column":6},"end":{"line":79,"column":7}},{"start":{},"end":{}}],"line":74},"2":{"loc":{"start":{"line":77,"column":18},"end":{"line":77,"column":77}},"type":"cond-expr","locations":[{"start":{"line":77,"column":42},"end":{"line":77,"column":58}},{"start":{"line":77,"column":61},"end":{"line":77,"column":77}}],"line":77},"3":{"loc":{"start":{"line":85,"column":19},"end":{"line":85,"column":53}},"type":"binary-expr","locations":[{"start":{"line":85,"column":19},"end":{"line":85,"column":45}},{"start":{"line":85,"column":49},"end":{"line":85,"column":53}}],"line":85}},"s":{"0":0,"1":0,"2":0,"3":0,"4":0,"5":0,"6":0,"7":0,"8":0,"9":0,"10":0,"11":0,"12":0,"13":0,"14":0,"15":0,"16":0,"17":0,"18":0,"19":0,"20":0,"21":0,"22":0,"23":0,"24":0,"25":0,"26":0,"27":0,"28":0,"29":0,"30":0,"31":0,"32":0,"33":0,"34":0,"35":0,"36":0},"f":{"0":0,"1":0,"2":0,"3":0,"4":0},"b":{"0":[0,0],"1":[0,0],"2":[0,0],"3":[0,0]}}
}
