TN:
SF:src\controllers\AdminKybController.js
FN:10,(anonymous_0)
FN:14,(anonymous_1)
FN:35,(anonymous_2)
FN:70,(anonymous_3)
FNF:4
FNH:4
FNDA:2,(anonymous_0)
FNDA:2,(anonymous_1)
FNDA:3,(anonymous_2)
FNDA:5,(anonymous_3)
DA:1,1
DA:2,1
DA:3,1
DA:11,2
DA:12,2
DA:14,2
DA:24,1
DA:26,1
DA:27,1
DA:36,3
DA:37,3
DA:38,3
DA:40,2
DA:41,1
DA:45,1
DA:59,1
DA:61,1
DA:62,1
DA:71,5
DA:72,5
DA:73,5
DA:76,5
DA:78,5
DA:79,1
DA:82,4
DA:83,4
DA:84,1
DA:88,3
DA:91,2
DA:93,1
DA:99,1
DA:105,2
DA:111,1
DA:112,1
DA:117,1
LF:35
LH:35
BRDA:16,0,0,2
BRDA:16,0,1,1
BRDA:17,1,0,2
BRDA:17,1,1,1
BRDA:20,2,0,1
BRDA:20,2,1,1
BRDA:40,3,0,1
BRDA:40,3,1,1
BRDA:54,4,0,1
BRDA:54,4,1,0
BRDA:55,5,0,1
BRDA:55,5,1,0
BRDA:76,6,0,3
BRDA:76,6,1,2
BRDA:78,7,0,1
BRDA:78,7,1,4
BRDA:83,8,0,1
BRDA:83,8,1,3
BRDA:91,9,0,1
BRDA:91,9,1,1
BRDA:107,10,0,1
BRDA:107,10,1,1
BRF:22
BRH:20
end_of_record
TN:
SF:src\controllers\AuthController.js
FN:8,(anonymous_0)
FN:17,(anonymous_1)
FN:67,(anonymous_2)
FN:116,(anonymous_3)
FN:167,(anonymous_4)
FNF:5
FNH:5
FNDA:4,(anonymous_0)
FNDA:5,(anonymous_1)
FNDA:6,(anonymous_2)
FNDA:7,(anonymous_3)
FNDA:3,(anonymous_4)
DA:2,1
DA:3,1
DA:4,1
DA:5,1
DA:6,1
DA:8,1
DA:9,4
DA:17,1
DA:18,5
DA:19,5
DA:21,5
DA:22,1
DA:27,4
DA:29,4
DA:31,3
DA:32,1
DA:34,2
DA:38,2
DA:41,3
DA:43,3
DA:61,1
DA:62,1
DA:67,1
DA:68,6
DA:69,6
DA:71,6
DA:72,1
DA:77,5
DA:79,4
DA:80,1
DA:83,3
DA:84,1
DA:87,2
DA:89,2
DA:90,1
DA:93,1
DA:95,1
DA:97,1
DA:110,1
DA:111,1
DA:116,1
DA:117,7
DA:118,7
DA:119,7
DA:122,7
DA:123,1
DA:127,6
DA:128,5
DA:129,1
DA:133,4
DA:134,4
DA:135,1
DA:139,3
DA:140,1
DA:144,2
DA:145,2
DA:146,1
DA:152,1
DA:153,1
DA:155,1
DA:157,1
DA:160,1
DA:161,1
DA:167,1
DA:168,3
DA:169,3
DA:170,2
DA:171,1
DA:174,1
DA:176,1
DA:180,1
LF:71
LH:71
BRDA:12,0,0,4
BRDA:12,0,1,0
BRDA:21,1,0,1
BRDA:21,1,1,4
BRDA:27,2,0,1
BRDA:27,2,1,3
BRDA:31,3,0,1
BRDA:31,3,1,2
BRDA:71,4,0,1
BRDA:71,4,1,5
BRDA:71,5,0,6
BRDA:71,5,1,6
BRDA:79,6,0,1
BRDA:79,6,1,3
BRDA:83,7,0,1
BRDA:83,7,1,2
BRDA:89,8,0,1
BRDA:89,8,1,1
BRDA:122,9,0,1
BRDA:122,9,1,6
BRDA:122,10,0,7
BRDA:122,10,1,6
BRDA:128,11,0,1
BRDA:128,11,1,4
BRDA:128,12,0,5
BRDA:128,12,1,4
BRDA:134,13,0,1
BRDA:134,13,1,3
BRDA:139,14,0,1
BRDA:139,14,1,2
BRDA:145,15,0,1
BRDA:145,15,1,1
BRDA:170,16,0,1
BRDA:170,16,1,1
BRF:34
BRH:33
end_of_record
TN:
SF:src\controllers\BookingController.js
FN:14,(anonymous_0)
FN:158,(anonymous_1)
FN:198,(anonymous_2)
FN:202,(anonymous_3)
FN:234,(anonymous_4)
FN:263,(anonymous_5)
FN:289,(anonymous_6)
FN:311,(anonymous_7)
FNF:8
FNH:8
FNDA:14,(anonymous_0)
FNDA:4,(anonymous_1)
FNDA:2,(anonymous_2)
FNDA:3,(anonymous_3)
FNDA:5,(anonymous_4)
FNDA:4,(anonymous_5)
FNDA:4,(anonymous_6)
FNDA:5,(anonymous_7)
DA:6,1
DA:7,1
DA:8,1
DA:14,1
DA:15,14
DA:16,14
DA:19,14
DA:20,1
DA:26,13
DA:27,12
DA:28,1
DA:30,11
DA:31,1
DA:33,10
DA:34,1
DA:38,9
DA:39,9
DA:40,9
DA:42,9
DA:43,9
DA:44,1
DA:52,8
DA:53,8
DA:56,8
DA:57,8
DA:59,8
DA:60,1
DA:64,7
DA:65,1
DA:71,6
DA:72,6
DA:73,1
DA:81,5
DA:88,5
DA:89,1
DA:103,4
DA:104,4
DA:105,4
DA:106,4
DA:107,4
DA:108,4
DA:111,4
DA:127,4
DA:148,1
DA:149,1
DA:158,1
DA:159,4
DA:160,4
DA:161,4
DA:164,4
DA:165,4
DA:166,4
DA:167,4
DA:168,4
DA:169,4
DA:170,4
DA:171,4
DA:173,4
DA:174,1
DA:179,3
DA:180,3
DA:181,1
DA:184,2
DA:185,2
DA:186,2
DA:188,2
DA:189,2
DA:191,2
DA:195,2
DA:197,2
DA:198,2
DA:199,2
DA:202,2
DA:203,3
DA:204,3
DA:205,3
DA:207,3
DA:217,2
DA:219,2
DA:227,0
DA:228,0
DA:234,1
DA:235,5
DA:236,5
DA:239,5
DA:241,2
DA:242,2
DA:244,1
DA:245,1
DA:247,1
DA:248,1
DA:250,1
DA:253,4
DA:255,0
DA:256,0
DA:263,1
DA:264,4
DA:265,4
DA:266,4
DA:267,1
DA:270,3
DA:275,1
DA:278,2
DA:280,0
DA:281,0
DA:289,1
DA:290,4
DA:291,4
DA:292,3
DA:294,2
DA:295,2
DA:296,1
DA:301,1
DA:303,1
DA:304,1
DA:311,1
DA:312,5
DA:313,5
DA:314,4
DA:316,3
DA:317,1
DA:320,2
DA:328,2
DA:330,1
DA:331,1
DA:336,1
LF:126
LH:120
BRDA:19,0,0,1
BRDA:19,0,1,13
BRDA:19,1,0,14
BRDA:19,1,1,14
BRDA:19,1,2,13
BRDA:19,1,3,13
BRDA:27,2,0,1
BRDA:27,2,1,11
BRDA:30,3,0,1
BRDA:30,3,1,10
BRDA:33,4,0,1
BRDA:33,4,1,9
BRDA:38,5,0,9
BRDA:38,5,1,0
BRDA:39,6,0,9
BRDA:39,6,1,0
BRDA:40,7,0,9
BRDA:40,7,1,0
BRDA:43,8,0,1
BRDA:43,8,1,8
BRDA:52,9,0,8
BRDA:52,9,1,0
BRDA:59,10,0,1
BRDA:59,10,1,7
BRDA:59,11,0,8
BRDA:59,11,1,7
BRDA:64,12,0,1
BRDA:64,12,1,6
BRDA:72,13,0,1
BRDA:72,13,1,5
BRDA:88,14,0,1
BRDA:88,14,1,4
BRDA:173,15,0,1
BRDA:173,15,1,3
BRDA:173,16,0,4
BRDA:173,16,1,3
BRDA:180,17,0,1
BRDA:180,17,1,2
BRDA:184,18,0,2
BRDA:184,18,1,0
BRDA:185,19,0,2
BRDA:185,19,1,0
BRDA:186,20,0,2
BRDA:186,20,1,0
BRDA:203,21,0,3
BRDA:203,21,1,0
BRDA:204,22,0,3
BRDA:204,22,1,1
BRDA:239,23,0,2
BRDA:239,23,1,1
BRDA:239,23,2,1
BRDA:239,23,3,1
BRDA:266,24,0,1
BRDA:266,24,1,3
BRDA:270,25,0,1
BRDA:270,25,1,2
BRDA:271,26,0,3
BRDA:271,26,1,2
BRDA:271,26,2,1
BRDA:292,27,0,1
BRDA:292,27,1,2
BRDA:295,28,0,1
BRDA:295,28,1,1
BRDA:314,29,0,1
BRDA:314,29,1,3
BRDA:316,30,0,1
BRDA:316,30,1,2
BRDA:316,31,0,3
BRDA:316,31,1,2
BRF:69
BRH:61
end_of_record
TN:
SF:src\controllers\CheckingCheckoutController.js
FN:9,(anonymous_0)
FN:63,(anonymous_1)
FNF:2
FNH:2
FNDA:9,(anonymous_0)
FNDA:7,(anonymous_1)
DA:3,1
DA:4,1
DA:9,1
DA:10,9
DA:11,9
DA:12,9
DA:14,9
DA:15,2
DA:20,7
DA:21,6
DA:22,5
DA:23,1
DA:26,4
DA:27,1
DA:32,3
DA:39,3
DA:40,1
DA:46,2
DA:47,2
DA:49,1
DA:55,1
DA:56,1
DA:63,1
DA:64,7
DA:65,7
DA:66,6
DA:67,5
DA:68,1
DA:71,4
DA:72,1
DA:77,3
DA:78,3
DA:80,2
DA:82,2
DA:99,1
DA:100,1
DA:104,1
LF:37
LH:37
BRDA:14,0,0,2
BRDA:14,0,1,7
BRDA:14,1,0,9
BRDA:14,1,1,8
BRDA:14,1,2,8
BRDA:21,2,0,1
BRDA:21,2,1,5
BRDA:22,3,0,1
BRDA:22,3,1,4
BRDA:26,4,0,1
BRDA:26,4,1,3
BRDA:39,5,0,1
BRDA:39,5,1,2
BRDA:47,6,0,1
BRDA:47,6,1,1
BRDA:66,7,0,1
BRDA:66,7,1,5
BRDA:67,8,0,1
BRDA:67,8,1,4
BRDA:71,9,0,1
BRDA:71,9,1,3
BRDA:78,10,0,1
BRDA:78,10,1,2
BRDA:83,11,0,1
BRDA:83,11,1,1
BRF:25
BRH:25
end_of_record
TN:
SF:src\controllers\KybController.js
FN:8,(anonymous_0)
FNF:1
FNH:1
FNDA:5,(anonymous_0)
DA:1,1
DA:9,5
DA:10,5
DA:12,5
DA:13,5
DA:15,5
DA:16,1
DA:19,4
DA:20,2
DA:23,2
DA:26,2
DA:35,1
DA:40,1
DA:41,1
DA:46,1
LF:15
LH:15
BRDA:15,0,0,1
BRDA:15,0,1,4
BRDA:15,1,0,5
BRDA:15,1,1,5
BRDA:15,1,2,4
BRDA:19,2,0,2
BRDA:19,2,1,2
BRDA:19,3,0,4
BRDA:19,3,1,3
BRF:9
BRH:9
end_of_record
TN:
SF:src\controllers\KycController.js
FN:9,(anonymous_0)
FN:77,(anonymous_1)
FN:147,(anonymous_2)
FNF:3
FNH:3
FNDA:4,(anonymous_0)
FNDA:6,(anonymous_1)
FNDA:5,(anonymous_2)
DA:1,1
DA:2,1
DA:10,4
DA:11,4
DA:12,4
DA:13,4
DA:15,4
DA:16,1
DA:20,3
DA:21,3
DA:24,3
DA:31,3
DA:40,2
DA:41,1
DA:42,1
DA:43,1
DA:50,1
DA:54,1
DA:55,1
DA:58,1
DA:65,1
DA:67,1
DA:68,1
DA:78,6
DA:79,6
DA:80,6
DA:81,6
DA:82,6
DA:85,6
DA:86,1
DA:87,1
DA:88,1
DA:92,1
DA:95,5
DA:96,4
DA:98,4
DA:99,1
DA:103,3
DA:111,3
DA:112,1
DA:115,2
DA:116,2
DA:117,2
DA:120,2
DA:123,2
DA:124,1
DA:125,1
DA:132,2
DA:138,1
DA:139,1
DA:148,5
DA:151,5
DA:153,5
DA:155,5
DA:156,5
DA:157,1
DA:161,4
DA:164,4
DA:165,4
DA:166,4
DA:168,4
DA:169,1
DA:173,3
DA:174,2
DA:176,1
DA:182,1
DA:184,1
DA:191,2
DA:192,1
DA:194,1
DA:195,1
DA:203,3
DA:205,0
DA:207,0
DA:212,1
LF:75
LH:73
BRDA:15,0,0,1
BRDA:15,0,1,3
BRDA:15,1,0,4
BRDA:15,1,1,3
BRDA:20,2,0,3
BRDA:20,2,1,2
BRDA:40,3,0,1
BRDA:40,3,1,1
BRDA:54,4,0,1
BRDA:54,4,1,0
BRDA:55,5,0,1
BRDA:55,5,1,0
BRDA:85,6,0,1
BRDA:85,6,1,5
BRDA:87,7,0,1
BRDA:87,7,1,0
BRDA:90,8,0,1
BRDA:90,8,1,0
BRDA:98,9,0,1
BRDA:98,9,1,3
BRDA:99,10,0,1
BRDA:99,10,1,0
BRDA:111,11,0,1
BRDA:111,11,1,2
BRDA:120,12,0,2
BRDA:120,12,1,0
BRDA:123,13,0,1
BRDA:123,13,1,1
BRDA:123,14,0,2
BRDA:123,14,1,1
BRDA:123,14,2,1
BRDA:124,15,0,1
BRDA:124,15,1,0
BRDA:153,16,0,5
BRDA:153,16,1,0
BRDA:155,17,0,5
BRDA:155,17,1,1
BRDA:156,18,0,1
BRDA:156,18,1,4
BRDA:156,19,0,5
BRDA:156,19,1,2
BRDA:164,20,0,4
BRDA:164,20,1,1
BRDA:168,21,0,1
BRDA:168,21,1,3
BRDA:168,22,0,4
BRDA:168,22,1,1
BRDA:173,23,0,2
BRDA:173,23,1,1
BRDA:174,24,0,1
BRDA:174,24,1,1
BRDA:182,25,0,1
BRDA:182,25,1,0
BRDA:192,26,0,1
BRDA:192,26,1,0
BRDA:192,27,0,1
BRDA:192,27,1,0
BRDA:194,28,0,1
BRDA:194,28,1,0
BRF:59
BRH:47
end_of_record
TN:
SF:src\controllers\NavigationController.js
FN:4,(anonymous_0)
FNF:1
FNH:1
FNDA:9,(anonymous_0)
DA:1,1
DA:5,9
DA:7,9
DA:9,9
DA:10,4
DA:19,5
DA:22,5
DA:24,3
DA:30,2
DA:31,2
DA:40,1
LF:11
LH:11
BRDA:9,0,0,4
BRDA:9,0,1,5
BRDA:9,1,0,9
BRDA:9,1,1,6
BRF:4
BRH:4
end_of_record
TN:
SF:src\controllers\PaymentController.js
FN:8,(anonymous_0)
FN:32,(anonymous_1)
FN:55,(anonymous_2)
FN:77,(anonymous_3)
FN:88,(anonymous_4)
FN:110,(anonymous_5)
FNF:6
FNH:6
FNDA:3,(anonymous_0)
FNDA:3,(anonymous_1)
FNDA:4,(anonymous_2)
FNDA:3,(anonymous_3)
FNDA:2,(anonymous_4)
FNDA:4,(anonymous_5)
DA:2,1
DA:3,1
DA:4,1
DA:5,1
DA:8,1
DA:9,3
DA:10,3
DA:12,3
DA:13,1
DA:19,2
DA:21,1
DA:26,1
DA:27,1
DA:32,1
DA:33,3
DA:34,3
DA:36,3
DA:37,1
DA:40,2
DA:41,1
DA:43,1
DA:49,1
DA:50,1
DA:55,1
DA:56,4
DA:57,4
DA:60,4
DA:61,1
DA:63,3
DA:69,3
DA:71,1
DA:72,1
DA:77,1
DA:78,3
DA:79,3
DA:80,3
DA:81,2
DA:83,1
DA:88,1
DA:89,2
DA:90,2
DA:91,2
DA:93,2
DA:94,1
DA:96,1
DA:98,1
DA:104,1
DA:105,1
DA:110,1
DA:111,4
DA:112,4
DA:113,4
DA:114,4
DA:116,4
DA:118,3
DA:125,1
DA:126,1
DA:130,1
LF:58
LH:58
BRDA:12,0,0,1
BRDA:12,0,1,2
BRDA:36,1,0,1
BRDA:36,1,1,2
BRDA:60,2,0,1
BRDA:60,2,1,3
BRDA:64,3,0,3
BRDA:64,3,1,2
BRDA:65,4,0,3
BRDA:65,4,1,2
BRDA:113,5,0,4
BRDA:113,5,1,0
BRDA:114,6,0,3
BRDA:114,6,1,1
BRF:14
BRH:13
end_of_record
TN:
SF:src\controllers\SellerKybController.js
FN:9,(anonymous_0)
FN:16,(anonymous_1)
FN:36,(anonymous_2)
FN:40,(anonymous_3)
FN:42,(anonymous_4)
FN:68,(anonymous_5)
FNF:6
FNH:6
FNDA:2,(anonymous_0)
FNDA:3,(anonymous_1)
FNDA:2,(anonymous_2)
FNDA:3,(anonymous_3)
FNDA:2,(anonymous_4)
FNDA:5,(anonymous_5)
DA:1,1
DA:2,1
DA:10,2
DA:11,2
DA:14,2
DA:16,3
DA:24,1
DA:27,1
DA:28,1
DA:37,2
DA:38,2
DA:39,2
DA:40,3
DA:42,1
DA:43,2
DA:45,2
DA:56,1
DA:59,1
DA:60,1
DA:69,5
DA:70,5
DA:71,5
DA:73,5
DA:75,4
DA:76,2
DA:79,2
DA:80,1
DA:83,1
DA:92,1
DA:93,1
DA:98,1
LF:31
LH:31
BRDA:19,0,0,1
BRDA:19,0,1,2
BRDA:20,1,0,3
BRDA:20,1,1,1
BRDA:51,2,0,2
BRDA:51,2,1,1
BRDA:75,3,0,2
BRDA:75,3,1,2
BRDA:75,4,0,4
BRDA:75,4,1,3
BRDA:79,5,0,1
BRDA:79,5,1,1
BRF:12
BRH:12
end_of_record
TN:
SF:src\controllers\SpotController.js
FN:16,(anonymous_0)
FN:40,(anonymous_1)
FN:57,(anonymous_2)
FN:101,(anonymous_3)
FN:102,(anonymous_4)
FN:103,(anonymous_5)
FN:116,(anonymous_6)
FN:122,(anonymous_7)
FN:136,(anonymous_8)
FN:137,(anonymous_9)
FN:138,(anonymous_10)
FN:139,(anonymous_11)
FN:177,(anonymous_12)
FN:206,(anonymous_13)
FN:225,(anonymous_14)
FN:231,(anonymous_15)
FN:238,(anonymous_16)
FN:239,(anonymous_17)
FN:261,(anonymous_18)
FN:269,(anonymous_19)
FN:277,(anonymous_20)
FN:299,(anonymous_21)
FN:322,(anonymous_22)
FN:342,(anonymous_23)
FN:362,(anonymous_24)
FN:404,(anonymous_25)
FN:447,(anonymous_26)
FNF:27
FNH:0
FNDA:0,(anonymous_0)
FNDA:0,(anonymous_1)
FNDA:0,(anonymous_2)
FNDA:0,(anonymous_3)
FNDA:0,(anonymous_4)
FNDA:0,(anonymous_5)
FNDA:0,(anonymous_6)
FNDA:0,(anonymous_7)
FNDA:0,(anonymous_8)
FNDA:0,(anonymous_9)
FNDA:0,(anonymous_10)
FNDA:0,(anonymous_11)
FNDA:0,(anonymous_12)
FNDA:0,(anonymous_13)
FNDA:0,(anonymous_14)
FNDA:0,(anonymous_15)
FNDA:0,(anonymous_16)
FNDA:0,(anonymous_17)
FNDA:0,(anonymous_18)
FNDA:0,(anonymous_19)
FNDA:0,(anonymous_20)
FNDA:0,(anonymous_21)
FNDA:0,(anonymous_22)
FNDA:0,(anonymous_23)
FNDA:0,(anonymous_24)
FNDA:0,(anonymous_25)
FNDA:0,(anonymous_26)
DA:7,0
DA:8,0
DA:9,0
DA:16,0
DA:17,0
DA:18,0
DA:20,0
DA:21,0
DA:24,0
DA:25,0
DA:26,0
DA:27,0
DA:33,0
DA:36,0
DA:40,0
DA:41,0
DA:53,0
DA:56,0
DA:57,0
DA:60,0
DA:61,0
DA:63,0
DA:64,0
DA:66,0
DA:67,0
DA:70,0
DA:71,0
DA:74,0
DA:76,0
DA:77,0
DA:80,0
DA:81,0
DA:85,0
DA:86,0
DA:91,0
DA:92,0
DA:94,0
DA:95,0
DA:101,0
DA:102,0
DA:103,0
DA:105,0
DA:109,0
DA:115,0
DA:116,0
DA:123,0
DA:130,0
DA:131,0
DA:136,0
DA:137,0
DA:138,0
DA:139,0
DA:141,0
DA:156,0
DA:157,0
DA:158,0
DA:160,0
DA:165,0
DA:166,0
DA:177,0
DA:178,0
DA:181,0
DA:183,0
DA:184,0
DA:187,0
DA:189,0
DA:190,0
DA:194,0
DA:195,0
DA:198,0
DA:199,0
DA:206,0
DA:207,0
DA:208,0
DA:210,0
DA:211,0
DA:214,0
DA:217,0
DA:218,0
DA:225,0
DA:226,0
DA:227,0
DA:230,0
DA:231,0
DA:234,0
DA:235,0
DA:236,0
DA:237,0
DA:238,0
DA:239,0
DA:244,0
DA:245,0
DA:246,0
DA:248,0
DA:249,0
DA:251,0
DA:252,0
DA:257,0
DA:261,0
DA:263,0
DA:264,0
DA:269,0
DA:271,0
DA:272,0
DA:277,0
DA:280,0
DA:282,0
DA:283,0
DA:288,0
DA:291,0
DA:292,0
DA:299,0
DA:300,0
DA:301,0
DA:303,0
DA:304,0
DA:309,0
DA:315,0
DA:322,0
DA:323,0
DA:324,0
DA:326,0
DA:327,0
DA:330,0
DA:332,0
DA:335,0
DA:342,0
DA:343,0
DA:344,0
DA:346,0
DA:347,0
DA:350,0
DA:352,0
DA:355,0
DA:362,0
DA:363,0
DA:364,0
DA:365,0
DA:367,0
DA:371,0
DA:372,0
DA:376,0
DA:381,0
DA:383,0
DA:384,0
DA:387,0
DA:389,0
DA:395,0
DA:396,0
DA:404,0
DA:405,0
DA:406,0
DA:407,0
DA:411,0
DA:417,0
DA:418,0
DA:419,0
DA:422,0
DA:425,0
DA:428,0
DA:429,0
DA:435,0
DA:438,0
DA:439,0
DA:447,0
DA:448,0
DA:449,0
DA:450,0
DA:452,0
DA:456,0
LF:170
LH:0
BRDA:17,0,0,0
BRDA:17,0,1,0
BRDA:18,1,0,0
BRDA:18,1,1,0
BRDA:18,2,0,0
BRDA:18,2,1,0
BRDA:18,2,2,0
BRDA:20,3,0,0
BRDA:20,3,1,0
BRDA:24,4,0,0
BRDA:24,4,1,0
BRDA:24,5,0,0
BRDA:24,5,1,0
BRDA:27,6,0,0
BRDA:27,6,1,0
BRDA:56,7,0,0
BRDA:56,7,1,0
BRDA:56,8,0,0
BRDA:56,8,1,0
BRDA:63,9,0,0
BRDA:63,9,1,0
BRDA:66,10,0,0
BRDA:66,10,1,0
BRDA:66,11,0,0
BRDA:66,11,1,0
BRDA:70,12,0,0
BRDA:70,12,1,0
BRDA:76,13,0,0
BRDA:76,13,1,0
BRDA:85,14,0,0
BRDA:85,14,1,0
BRDA:85,15,0,0
BRDA:85,15,1,0
BRDA:85,15,2,0
BRDA:85,15,3,0
BRDA:94,16,0,0
BRDA:94,16,1,0
BRDA:94,17,0,0
BRDA:94,17,1,0
BRDA:105,18,0,0
BRDA:105,18,1,0
BRDA:106,19,0,0
BRDA:106,19,1,0
BRDA:123,20,0,0
BRDA:123,20,1,0
BRDA:123,20,2,0
BRDA:123,20,3,0
BRDA:123,20,4,0
BRDA:130,21,0,0
BRDA:130,21,1,0
BRDA:143,22,0,0
BRDA:143,22,1,0
BRDA:145,23,0,0
BRDA:145,23,1,0
BRDA:157,24,0,0
BRDA:157,24,1,0
BRDA:181,25,0,0
BRDA:181,25,1,0
BRDA:181,26,0,0
BRDA:181,26,1,0
BRDA:187,27,0,0
BRDA:187,27,1,0
BRDA:187,28,0,0
BRDA:187,28,1,0
BRDA:210,29,0,0
BRDA:210,29,1,0
BRDA:230,30,0,0
BRDA:230,30,1,0
BRDA:230,31,0,0
BRDA:230,31,1,0
BRDA:234,32,0,0
BRDA:234,32,1,0
BRDA:236,33,0,0
BRDA:236,33,1,0
BRDA:248,34,0,0
BRDA:248,34,1,0
BRDA:251,35,0,0
BRDA:251,35,1,0
BRDA:251,36,0,0
BRDA:251,36,1,0
BRDA:257,37,0,0
BRDA:257,37,1,0
BRDA:263,38,0,0
BRDA:263,38,1,0
BRDA:269,39,0,0
BRDA:269,39,1,0
BRDA:271,40,0,0
BRDA:271,40,1,0
BRDA:282,41,0,0
BRDA:282,41,1,0
BRDA:303,42,0,0
BRDA:303,42,1,0
BRDA:310,43,0,0
BRDA:310,43,1,0
BRDA:326,44,0,0
BRDA:326,44,1,0
BRDA:346,45,0,0
BRDA:346,45,1,0
BRDA:367,46,0,0
BRDA:367,46,1,0
BRDA:371,47,0,0
BRDA:371,47,1,0
BRDA:383,48,0,0
BRDA:383,48,1,0
BRDA:387,49,0,0
BRDA:387,49,1,0
BRDA:390,50,0,0
BRDA:390,50,1,0
BRDA:418,51,0,0
BRDA:418,51,1,0
BRDA:428,52,0,0
BRDA:428,52,1,0
BRF:112
BRH:0
end_of_record
TN:
SF:src\controllers\UserController.js
FN:4,(anonymous_0)
FN:20,(anonymous_1)
FN:24,(anonymous_2)
FN:60,(anonymous_3)
FN:74,(anonymous_4)
FNF:5
FNH:0
FNDA:0,(anonymous_0)
FNDA:0,(anonymous_1)
FNDA:0,(anonymous_2)
FNDA:0,(anonymous_3)
FNDA:0,(anonymous_4)
DA:2,0
DA:4,0
DA:5,0
DA:13,0
DA:14,0
DA:17,0
DA:20,0
DA:21,0
DA:24,0
DA:25,0
DA:26,0
DA:27,0
DA:28,0
DA:29,0
DA:32,0
DA:33,0
DA:34,0
DA:35,0
DA:37,0
DA:40,0
DA:47,0
DA:49,0
DA:50,0
DA:53,0
DA:55,0
DA:56,0
DA:60,0
DA:61,0
DA:62,0
DA:63,0
DA:64,0
DA:67,0
DA:69,0
DA:70,0
DA:74,0
DA:75,0
DA:76,0
DA:78,0
DA:79,0
DA:82,0
DA:84,0
DA:86,0
DA:87,0
DA:90,0
DA:95,0
DA:96,0
DA:100,0
LF:47
LH:0
BRDA:7,0,0,0
BRDA:7,0,1,0
BRDA:8,1,0,0
BRDA:8,1,1,0
BRDA:9,2,0,0
BRDA:9,2,1,0
BRDA:10,3,0,0
BRDA:10,3,1,0
BRDA:13,4,0,0
BRDA:13,4,1,0
BRDA:20,5,0,0
BRDA:21,6,0,0
BRDA:21,6,1,0
BRDA:21,6,2,0
BRDA:21,6,3,0
BRDA:32,7,0,0
BRDA:32,7,1,0
BRDA:33,8,0,0
BRDA:33,8,1,0
BRDA:35,9,0,0
BRDA:35,9,1,0
BRDA:47,10,0,0
BRDA:47,10,1,0
BRDA:49,11,0,0
BRDA:49,11,1,0
BRDA:63,12,0,0
BRDA:63,12,1,0
BRDA:78,13,0,0
BRDA:78,13,1,0
BRDA:86,14,0,0
BRDA:86,14,1,0
BRF:31
BRH:0
end_of_record
TN:
SF:src\controllers\UtilsController.js
FN:7,(anonymous_0)
FNF:1
FNH:1
FNDA:8,(anonymous_0)
DA:7,1
DA:8,8
DA:9,8
DA:11,7
DA:12,1
DA:16,6
DA:17,6
DA:18,6
DA:19,5
DA:21,1
DA:26,6
DA:29,6
DA:30,5
DA:34,6
DA:35,3
DA:39,6
DA:40,2
DA:43,6
DA:44,5
DA:45,5
DA:47,5
DA:59,1
DA:65,1
DA:66,1
DA:70,1
LF:25
LH:25
BRDA:11,0,0,1
BRDA:11,0,1,6
BRDA:29,1,0,5
BRDA:29,1,1,1
BRDA:34,2,0,3
BRDA:34,2,1,3
BRDA:39,3,0,2
BRDA:39,3,1,4
BRDA:43,4,0,5
BRDA:43,4,1,1
BRDA:43,5,0,6
BRDA:43,5,1,5
BRF:12
BRH:12
end_of_record
TN:
SF:src\models\Booking.js
FN:12,(anonymous_0)
FN:43,(anonymous_1)
FN:74,(anonymous_2)
FN:104,(anonymous_3)
FN:133,(anonymous_4)
FN:152,(anonymous_5)
FN:166,(anonymous_6)
FN:180,(anonymous_7)
FN:196,(anonymous_8)
FN:249,(anonymous_9)
FN:265,(anonymous_10)
FN:291,(anonymous_11)
FN:322,(anonymous_12)
FNF:13
FNH:13
FNDA:2,(anonymous_0)
FNDA:2,(anonymous_1)
FNDA:3,(anonymous_2)
FNDA:2,(anonymous_3)
FNDA:2,(anonymous_4)
FNDA:2,(anonymous_5)
FNDA:2,(anonymous_6)
FNDA:2,(anonymous_7)
FNDA:4,(anonymous_8)
FNDA:3,(anonymous_9)
FNDA:2,(anonymous_10)
FNDA:4,(anonymous_11)
FNDA:2,(anonymous_12)
DA:6,3
DA:20,2
DA:37,1
DA:44,2
DA:68,2
DA:75,3
DA:88,3
DA:90,3
DA:91,1
DA:92,1
DA:95,3
DA:97,3
DA:98,3
DA:105,2
DA:117,2
DA:119,2
DA:120,1
DA:121,1
DA:124,2
DA:126,2
DA:127,2
DA:134,2
DA:146,2
DA:153,2
DA:160,2
DA:167,2
DA:174,2
DA:181,2
DA:190,2
DA:197,4
DA:202,4
DA:204,3
DA:205,3
DA:206,3
DA:208,3
DA:209,3
DA:213,3
DA:214,3
DA:218,3
DA:219,3
DA:220,3
DA:223,3
DA:224,3
DA:226,3
DA:243,3
DA:250,3
DA:259,3
DA:266,2
DA:274,2
DA:276,2
DA:277,1
DA:278,1
DA:281,2
DA:282,2
DA:298,4
DA:307,4
DA:309,4
DA:310,1
DA:311,1
DA:314,4
DA:315,4
DA:323,2
DA:335,2
DA:339,3
LF:64
LH:64
BRDA:68,0,0,2
BRDA:68,0,1,1
BRDA:74,1,0,2
BRDA:90,2,0,1
BRDA:90,2,1,2
BRDA:104,3,0,1
BRDA:119,4,0,1
BRDA:119,4,1,1
BRDA:160,5,0,2
BRDA:160,5,1,1
BRDA:174,6,0,2
BRDA:174,6,1,1
BRDA:190,7,0,2
BRDA:190,7,1,1
BRDA:202,8,0,1
BRDA:202,8,1,3
BRDA:243,9,0,3
BRDA:243,9,1,0
BRDA:259,10,0,3
BRDA:259,10,1,1
BRDA:265,11,0,1
BRDA:276,12,0,1
BRDA:276,12,1,1
BRDA:296,13,0,3
BRDA:309,14,0,1
BRDA:309,14,1,3
BRF:26
BRH:25
end_of_record
TN:
SF:src\models\KybSubmission.js
FN:7,(anonymous_0)
FN:35,(anonymous_1)
FN:49,(anonymous_2)
FN:67,(anonymous_3)
FN:81,(anonymous_4)
FNF:5
FNH:5
FNDA:1,(anonymous_0)
FNDA:2,(anonymous_1)
FNDA:1,(anonymous_2)
FNDA:1,(anonymous_3)
FNDA:1,(anonymous_4)
DA:1,4
DA:15,1
DA:29,1
DA:36,2
DA:43,2
DA:50,1
DA:61,1
DA:68,1
DA:75,1
DA:82,1
DA:89,1
DA:93,4
LF:12
LH:12
BRDA:43,0,0,2
BRDA:43,0,1,1
BRDA:87,1,0,1
BRDA:87,1,1,0
BRDA:89,2,0,1
BRDA:89,2,1,0
BRF:6
BRH:4
end_of_record
TN:
SF:src\models\Spot.js
FN:8,(anonymous_0)
FN:38,(anonymous_1)
FN:49,(anonymous_2)
FN:68,(anonymous_3)
FN:83,(anonymous_4)
FN:96,(anonymous_5)
FN:109,(anonymous_6)
FN:123,(anonymous_7)
FN:137,(anonymous_8)
FN:148,(anonymous_9)
FN:161,(anonymous_10)
FN:175,(anonymous_11)
FN:194,(anonymous_12)
FN:210,(anonymous_13)
FN:235,(anonymous_14)
FNF:15
FNH:0
FNDA:0,(anonymous_0)
FNDA:0,(anonymous_1)
FNDA:0,(anonymous_2)
FNDA:0,(anonymous_3)
FNDA:0,(anonymous_4)
FNDA:0,(anonymous_5)
FNDA:0,(anonymous_6)
FNDA:0,(anonymous_7)
FNDA:0,(anonymous_8)
FNDA:0,(anonymous_9)
FNDA:0,(anonymous_10)
FNDA:0,(anonymous_11)
FNDA:0,(anonymous_12)
FNDA:0,(anonymous_13)
FNDA:0,(anonymous_14)
DA:2,2
DA:16,0
DA:32,0
DA:39,0
DA:43,0
DA:50,0
DA:62,0
DA:69,0
DA:77,0
DA:84,0
DA:90,0
DA:97,0
DA:103,0
DA:110,0
DA:117,0
DA:124,0
DA:131,0
DA:138,0
DA:142,0
DA:149,0
DA:155,0
DA:162,0
DA:169,0
DA:176,0
DA:188,0
DA:195,0
DA:204,0
DA:212,0
DA:214,0
DA:229,0
DA:236,0
DA:237,0
DA:239,0
DA:241,0
DA:242,0
DA:245,0
DA:249,2
LF:37
LH:2
BRDA:9,0,0,0
BRDA:25,1,0,0
BRDA:25,1,1,0
BRDA:26,2,0,0
BRDA:26,2,1,0
BRDA:27,3,0,0
BRDA:27,3,1,0
BRDA:28,4,0,0
BRDA:28,4,1,0
BRDA:29,5,0,0
BRDA:29,5,1,0
BRDA:43,6,0,0
BRDA:43,6,1,0
BRDA:62,7,0,0
BRDA:62,7,1,0
BRDA:131,8,0,0
BRDA:131,8,1,0
BRDA:142,9,0,0
BRDA:142,9,1,0
BRDA:155,10,0,0
BRDA:155,10,1,0
BRDA:169,11,0,0
BRDA:169,11,1,0
BRDA:188,12,0,0
BRDA:188,12,1,0
BRDA:204,13,0,0
BRDA:204,13,1,0
BRDA:229,14,0,0
BRDA:229,14,1,0
BRDA:236,15,0,0
BRDA:236,15,1,0
BRDA:237,16,0,0
BRDA:237,16,1,0
BRDA:241,17,0,0
BRDA:241,17,1,0
BRF:35
BRH:0
end_of_record
TN:
SF:src\models\Transaction.js
FN:13,(anonymous_0)
FN:35,(anonymous_1)
FN:44,(anonymous_2)
FN:53,(anonymous_3)
FN:73,(anonymous_4)
FN:91,(anonymous_5)
FN:114,(anonymous_6)
FN:131,(anonymous_7)
FN:200,(anonymous_8)
FNF:9
FNH:9
FNDA:1,(anonymous_0)
FNDA:1,(anonymous_1)
FNDA:2,(anonymous_2)
FNDA:2,(anonymous_3)
FNDA:1,(anonymous_4)
FNDA:2,(anonymous_5)
FNDA:1,(anonymous_6)
FNDA:4,(anonymous_7)
FNDA:35,(anonymous_8)
DA:9,2
DA:18,1
DA:31,1
DA:36,1
DA:40,1
DA:45,2
DA:49,2
DA:54,2
DA:69,2
DA:74,1
DA:84,1
DA:92,2
DA:110,2
DA:115,1
DA:127,1
DA:132,4
DA:142,4
DA:195,4
DA:196,4
DA:198,4
DA:200,35
DA:205,2
LF:22
LH:22
BRDA:49,0,0,2
BRDA:49,0,1,1
BRDA:53,1,0,1
BRDA:53,2,0,1
BRDA:91,3,0,2
BRDA:91,4,0,2
BRDA:131,5,0,0
BRDA:195,6,0,4
BRDA:195,6,1,1
BRF:9
BRH:8
end_of_record
TN:
SF:src\models\User.js
FN:9,(anonymous_0)
FN:20,(anonymous_1)
FN:29,(anonymous_2)
FN:38,(anonymous_3)
FN:50,(anonymous_4)
FN:62,(anonymous_5)
FN:76,(anonymous_6)
FN:100,(anonymous_7)
FN:116,(anonymous_8)
FN:128,(anonymous_9)
FN:143,(anonymous_10)
FN:154,(anonymous_11)
FN:162,(anonymous_12)
FNF:13
FNH:13
FNDA:3,(anonymous_0)
FNDA:2,(anonymous_1)
FNDA:2,(anonymous_2)
FNDA:2,(anonymous_3)
FNDA:1,(anonymous_4)
FNDA:1,(anonymous_5)
FNDA:3,(anonymous_6)
FNDA:2,(anonymous_7)
FNDA:2,(anonymous_8)
FNDA:2,(anonymous_9)
FNDA:2,(anonymous_10)
FNDA:2,(anonymous_11)
FNDA:2,(anonymous_12)
DA:2,5
DA:10,3
DA:16,2
DA:21,2
DA:25,2
DA:30,2
DA:34,2
DA:39,2
DA:43,2
DA:51,1
DA:52,1
DA:53,1
DA:59,1
DA:63,1
DA:69,1
DA:77,3
DA:96,3
DA:101,2
DA:108,2
DA:117,2
DA:121,2
DA:129,2
DA:131,2
DA:133,2
DA:134,1
DA:135,1
DA:138,2
DA:139,2
DA:140,2
DA:144,2
DA:151,2
DA:155,2
DA:159,2
DA:163,2
DA:167,2
DA:171,5
LF:36
LH:36
BRDA:16,0,0,2
BRDA:16,0,1,1
BRDA:25,1,0,2
BRDA:25,1,1,1
BRDA:34,2,0,2
BRDA:34,2,1,1
BRDA:43,3,0,2
BRDA:43,3,1,1
BRDA:88,4,0,1
BRDA:88,4,1,2
BRDA:89,5,0,1
BRDA:89,5,1,2
BRDA:90,6,0,1
BRDA:90,6,1,2
BRDA:92,7,0,1
BRDA:92,7,1,2
BRDA:93,8,0,1
BRDA:93,8,1,2
BRDA:96,9,0,3
BRDA:96,9,1,1
BRDA:108,10,0,2
BRDA:108,10,1,1
BRDA:121,11,0,2
BRDA:121,11,1,1
BRDA:128,12,0,1
BRDA:133,13,0,1
BRDA:133,13,1,1
BRDA:151,14,0,2
BRDA:151,14,1,1
BRDA:159,15,0,2
BRDA:159,15,1,1
BRF:31
BRH:31
end_of_record
TN:
SF:src\services\FraudDetectionService.js
FN:19,(anonymous_0)
FN:79,(anonymous_1)
FN:111,(anonymous_2)
FN:143,(anonymous_3)
FN:168,(anonymous_4)
FN:200,(anonymous_5)
FN:232,(anonymous_6)
FNF:7
FNH:0
FNDA:0,(anonymous_0)
FNDA:0,(anonymous_1)
FNDA:0,(anonymous_2)
FNDA:0,(anonymous_3)
FNDA:0,(anonymous_4)
FNDA:0,(anonymous_5)
FNDA:0,(anonymous_6)
DA:12,1
DA:20,0
DA:22,0
DA:23,0
DA:26,0
DA:27,0
DA:28,0
DA:30,0
DA:31,0
DA:32,0
DA:34,0
DA:35,0
DA:36,0
DA:38,0
DA:39,0
DA:40,0
DA:42,0
DA:43,0
DA:44,0
DA:46,0
DA:47,0
DA:48,0
DA:51,0
DA:54,0
DA:55,0
DA:56,0
DA:58,0
DA:59,0
DA:61,0
DA:80,0
DA:89,0
DA:91,0
DA:92,0
DA:97,0
DA:98,0
DA:105,0
DA:112,0
DA:121,0
DA:123,0
DA:124,0
DA:129,0
DA:130,0
DA:137,0
DA:144,0
DA:145,0
DA:146,0
DA:148,0
DA:149,0
DA:154,0
DA:155,0
DA:162,0
DA:169,0
DA:178,0
DA:179,0
DA:182,0
DA:183,0
DA:186,0
DA:187,0
DA:194,0
DA:201,0
DA:210,0
DA:212,0
DA:213,0
DA:218,0
DA:219,0
DA:226,0
DA:233,0
DA:243,0
DA:245,0
DA:246,0
DA:251,0
DA:252,0
DA:259,0
DA:263,1
LF:74
LH:2
BRDA:28,0,0,0
BRDA:28,0,1,0
BRDA:32,1,0,0
BRDA:32,1,1,0
BRDA:36,2,0,0
BRDA:36,2,1,0
BRDA:40,3,0,0
BRDA:40,3,1,0
BRDA:44,4,0,0
BRDA:44,4,1,0
BRDA:48,5,0,0
BRDA:48,5,1,0
BRDA:55,6,0,0
BRDA:55,6,1,0
BRDA:56,7,0,0
BRDA:56,7,1,0
BRDA:59,8,0,0
BRDA:59,8,1,0
BRDA:91,9,0,0
BRDA:91,9,1,0
BRDA:97,10,0,0
BRDA:97,10,1,0
BRDA:123,11,0,0
BRDA:123,11,1,0
BRDA:129,12,0,0
BRDA:129,12,1,0
BRDA:148,13,0,0
BRDA:148,13,1,0
BRDA:154,14,0,0
BRDA:154,14,1,0
BRDA:178,15,0,0
BRDA:178,15,1,0
BRDA:182,16,0,0
BRDA:182,16,1,0
BRDA:186,17,0,0
BRDA:186,17,1,0
BRDA:212,18,0,0
BRDA:212,18,1,0
BRDA:218,19,0,0
BRDA:218,19,1,0
BRDA:245,20,0,0
BRDA:245,20,1,0
BRDA:251,21,0,0
BRDA:251,21,1,0
BRF:44
BRH:0
end_of_record
TN:
SF:src\services\NavigationService.js
FN:6,(anonymous_0)
FN:25,(anonymous_1)
FN:29,(anonymous_2)
FNF:3
FNH:3
FNDA:10,(anonymous_0)
FNDA:4,(anonymous_1)
FNDA:2,(anonymous_2)
DA:2,13
DA:7,10
DA:8,2
DA:13,8
DA:15,8
DA:16,8
DA:17,7
DA:19,7
DA:20,2
DA:25,5
DA:26,4
DA:29,4
DA:30,2
DA:39,4
DA:52,5
DA:56,3
DA:57,3
DA:62,13
LF:18
LH:18
BRDA:6,0,0,9
BRDA:7,1,0,2
BRDA:7,1,1,8
BRDA:19,2,0,2
BRDA:19,2,1,5
BRDA:20,3,0,2
BRDA:20,3,1,1
BRDA:32,4,0,1
BRDA:32,4,1,1
BRDA:33,5,0,1
BRDA:33,5,1,1
BRDA:34,6,0,2
BRDA:34,6,1,1
BRF:13
BRH:13
end_of_record
TN:
SF:src\services\XrplService.js
FN:19,(anonymous_0)
FN:28,(anonymous_1)
FN:35,(anonymous_2)
FN:42,(anonymous_3)
FN:60,(anonymous_4)
FN:86,(anonymous_5)
FN:133,(anonymous_6)
FN:170,(anonymous_7)
FNF:8
FNH:8
FNDA:17,(anonymous_0)
FNDA:1,(anonymous_1)
FNDA:3,(anonymous_2)
FNDA:13,(anonymous_3)
FNDA:3,(anonymous_4)
FNDA:4,(anonymous_5)
FNDA:3,(anonymous_6)
FNDA:3,(anonymous_7)
DA:15,17
DA:16,17
DA:20,17
DA:21,17
DA:29,1
DA:30,0
DA:31,0
DA:32,0
DA:36,3
DA:37,1
DA:38,1
DA:43,13
DA:61,3
DA:62,3
DA:63,3
DA:68,1
DA:69,1
DA:71,2
DA:72,1
DA:87,4
DA:88,4
DA:90,4
DA:91,4
DA:97,3
DA:98,3
DA:101,3
DA:102,3
DA:104,3
DA:105,1
DA:106,1
DA:109,2
DA:110,1
DA:111,1
DA:114,1
DA:115,1
DA:117,1
DA:125,1
DA:126,1
DA:134,3
DA:135,3
DA:136,3
DA:141,2
DA:142,2
DA:150,1
DA:171,3
DA:174,3
DA:175,3
DA:177,2
DA:179,2
DA:187,2
DA:188,2
DA:196,2
DA:197,2
DA:199,2
DA:200,2
DA:202,2
DA:203,2
DA:205,2
DA:213,17
LF:59
LH:56
BRDA:29,0,0,1
BRDA:29,0,1,0
BRDA:29,1,0,1
BRDA:29,1,1,1
BRDA:36,2,0,1
BRDA:36,2,1,2
BRDA:36,3,0,3
BRDA:36,3,1,2
BRDA:43,4,0,0
BRDA:43,4,1,13
BRDA:43,5,0,13
BRDA:43,5,1,13
BRDA:71,6,0,1
BRDA:71,6,1,1
BRDA:104,7,0,1
BRDA:104,7,1,2
BRDA:109,8,0,1
BRDA:109,8,1,1
BRDA:175,9,0,1
BRDA:175,9,1,2
BRDA:187,10,0,2
BRDA:187,10,1,0
BRDA:203,11,0,1
BRDA:203,11,1,1
BRF:24
BRH:21
end_of_record
TN:
SF:src\services\XummService.js
FN:17,(anonymous_0)
FN:30,(anonymous_1)
FN:64,(anonymous_2)
FN:95,(anonymous_3)
FN:138,(anonymous_4)
FNF:5
FNH:5
FNDA:1,(anonymous_0)
FNDA:2,(anonymous_1)
FNDA:5,(anonymous_2)
FNDA:2,(anonymous_3)
FNDA:2,(anonymous_4)
DA:13,1
DA:14,1
DA:18,1
DA:22,1
DA:31,2
DA:32,2
DA:44,1
DA:45,1
DA:46,1
DA:47,1
DA:49,1
DA:56,1
DA:57,1
DA:65,5
DA:66,5
DA:68,4
DA:69,4
DA:70,4
DA:71,4
DA:74,4
DA:75,2
DA:82,2
DA:88,1
DA:89,1
DA:96,2
DA:97,2
DA:120,1
DA:121,1
DA:122,1
DA:124,1
DA:130,1
DA:131,1
DA:139,2
DA:140,2
DA:142,1
DA:143,1
DA:149,1
LF:37
LH:37
BRDA:71,0,0,4
BRDA:71,0,1,2
BRDA:74,1,0,2
BRDA:74,1,1,2
BRDA:77,2,0,1
BRDA:77,2,1,1
BRDA:85,3,0,2
BRDA:85,3,1,1
BRF:8
BRH:8
end_of_record
