TN:
SF:src\controllers\AdminKybController.js
FN:10,(anonymous_0)
FN:14,(anonymous_1)
FN:35,(anonymous_2)
FN:70,(anonymous_3)
FNF:4
FNH:4
FNDA:2,(anonymous_0)
FNDA:2,(anonymous_1)
FNDA:3,(anonymous_2)
FNDA:5,(anonymous_3)
DA:1,1
DA:2,1
DA:3,1
DA:11,2
DA:12,2
DA:14,2
DA:24,1
DA:26,1
DA:27,1
DA:36,3
DA:37,3
DA:38,3
DA:40,2
DA:41,1
DA:45,1
DA:59,1
DA:61,1
DA:62,1
DA:71,5
DA:72,5
DA:73,5
DA:76,5
DA:78,5
DA:79,1
DA:82,4
DA:83,4
DA:84,1
DA:88,3
DA:91,2
DA:93,1
DA:99,1
DA:105,2
DA:111,1
DA:112,1
DA:117,1
LF:35
LH:35
BRDA:16,0,0,2
BRDA:16,0,1,1
BRDA:17,1,0,2
BRDA:17,1,1,1
BRDA:20,2,0,1
BRDA:20,2,1,1
BRDA:40,3,0,1
BRDA:40,3,1,1
BRDA:54,4,0,1
BRDA:54,4,1,0
BRDA:55,5,0,1
BRDA:55,5,1,0
BRDA:76,6,0,3
BRDA:76,6,1,2
BRDA:78,7,0,1
BRDA:78,7,1,4
BRDA:83,8,0,1
BRDA:83,8,1,3
BRDA:91,9,0,1
BRDA:91,9,1,1
BRDA:107,10,0,1
BRDA:107,10,1,1
BRF:22
BRH:20
end_of_record
TN:
SF:src/controllers/AuthController.js
FN:7,(anonymous_0)
FN:16,(anonymous_1)
FN:64,(anonymous_2)
FN:113,(anonymous_3)
FN:164,(anonymous_4)
FNF:5
FNH:0
FNDA:0,(anonymous_0)
FNDA:0,(anonymous_1)
FNDA:0,(anonymous_2)
FNDA:0,(anonymous_3)
FNDA:0,(anonymous_4)
DA:2,0
DA:3,0
DA:4,0
DA:5,0
DA:7,0
DA:8,0
DA:16,0
DA:17,0
DA:18,0
DA:20,0
DA:21,0
DA:26,0
DA:28,0
DA:30,0
DA:31,0
DA:33,0
DA:37,0
DA:40,0
DA:42,0
DA:58,0
DA:59,0
DA:64,0
DA:65,0
DA:66,0
DA:68,0
DA:69,0
DA:74,0
DA:76,0
DA:77,0
DA:80,0
DA:81,0
DA:84,0
DA:86,0
DA:87,0
DA:90,0
DA:92,0
DA:94,0
DA:107,0
DA:108,0
DA:113,0
DA:114,0
DA:115,0
DA:116,0
DA:119,0
DA:120,0
DA:124,0
DA:125,0
DA:126,0
DA:130,0
DA:131,0
DA:132,0
DA:136,0
DA:137,0
DA:141,0
DA:142,0
DA:143,0
DA:149,0
DA:150,0
DA:152,0
DA:154,0
DA:157,0
DA:158,0
DA:164,0
DA:165,0
DA:166,0
DA:167,0
DA:168,0
DA:173,0
DA:174,0
DA:176,0
DA:180,0
DA:186,0
DA:190,0
LF:73
LH:0
BRDA:11,0,0,0
BRDA:11,0,1,0
BRDA:20,1,0,0
BRDA:20,1,1,0
BRDA:26,2,0,0
BRDA:26,2,1,0
BRDA:30,3,0,0
BRDA:30,3,1,0
BRDA:68,4,0,0
BRDA:68,4,1,0
BRDA:68,5,0,0
BRDA:68,5,1,0
BRDA:76,6,0,0
BRDA:76,6,1,0
BRDA:80,7,0,0
BRDA:80,7,1,0
BRDA:86,8,0,0
BRDA:86,8,1,0
BRDA:119,9,0,0
BRDA:119,9,1,0
BRDA:119,10,0,0
BRDA:119,10,1,0
BRDA:125,11,0,0
BRDA:125,11,1,0
BRDA:125,12,0,0
BRDA:125,12,1,0
BRDA:131,13,0,0
BRDA:131,13,1,0
BRDA:136,14,0,0
BRDA:136,14,1,0
BRDA:142,15,0,0
BRDA:142,15,1,0
BRDA:167,16,0,0
BRDA:167,16,1,0
BRDA:173,17,0,0
BRDA:173,17,1,0
BRDA:176,18,0,0
BRDA:176,18,1,0
BRDA:177,19,0,0
BRDA:177,19,1,0
BRF:40
BRH:0
end_of_record
TN:
SF:src/controllers/BookingController.js
FN:11,(anonymous_0)
FN:153,(anonymous_1)
FN:179,(anonymous_2)
FN:183,(anonymous_3)
FN:213,(anonymous_4)
FN:242,(anonymous_5)
FN:267,(anonymous_6)
FN:321,(anonymous_7)
FN:365,(anonymous_8)
FN:387,(anonymous_9)
FNF:10
FNH:10
FNDA:14,(anonymous_0)
FNDA:4,(anonymous_1)
FNDA:2,(anonymous_2)
FNDA:3,(anonymous_3)
FNDA:5,(anonymous_4)
FNDA:4,(anonymous_5)
FNDA:4,(anonymous_6)
FNDA:5,(anonymous_7)
FNDA:4,(anonymous_8)
FNDA:5,(anonymous_9)
DA:3,1
DA:4,1
DA:5,1
DA:6,1
DA:11,1
DA:12,14
DA:13,14
DA:16,14
DA:17,1
DA:23,13
DA:24,12
DA:25,1
DA:27,11
DA:28,1
DA:30,10
DA:31,1
DA:35,9
DA:36,9
DA:37,9
DA:39,9
DA:40,9
DA:41,1
DA:49,8
DA:50,8
DA:53,8
DA:54,8
DA:56,8
DA:57,1
DA:61,7
DA:62,1
DA:68,6
DA:69,6
DA:70,1
DA:78,5
DA:85,5
DA:86,1
DA:100,4
DA:101,4
DA:102,4
DA:103,4
DA:104,4
DA:105,4
DA:108,4
DA:124,4
DA:145,1
DA:146,1
DA:153,1
DA:154,4
DA:155,4
DA:156,4
DA:158,4
DA:159,1
DA:164,3
DA:165,3
DA:166,1
DA:169,2
DA:170,2
DA:171,2
DA:174,2
DA:178,2
DA:179,2
DA:180,2
DA:183,2
DA:184,3
DA:185,3
DA:186,3
DA:188,3
DA:198,2
DA:206,0
DA:207,0
DA:213,1
DA:214,5
DA:215,5
DA:218,5
DA:220,2
DA:221,2
DA:223,1
DA:224,1
DA:226,1
DA:227,1
DA:229,1
DA:232,4
DA:234,0
DA:235,0
DA:242,1
DA:243,4
DA:244,4
DA:245,4
DA:246,1
DA:249,3
DA:254,1
DA:257,2
DA:259,0
DA:260,0
DA:267,1
DA:268,6
DA:269,6
DA:270,6
DA:272,6
DA:273,1
DA:278,5
DA:279,5
DA:280,4
DA:281,1
DA:284,3
DA:285,1
DA:290,2
DA:297,2
DA:298,1
DA:304,1
DA:305,1
DA:307,1
DA:313,0
DA:314,0
DA:321,1
DA:322,5
DA:323,5
DA:324,5
DA:325,4
DA:326,1
DA:329,3
DA:330,1
DA:335,2
DA:336,2
DA:338,2
DA:340,2
DA:357,0
DA:358,0
DA:365,1
DA:366,4
DA:367,4
DA:368,3
DA:370,2
DA:371,2
DA:372,1
DA:377,1
DA:379,1
DA:380,1
DA:387,1
DA:388,5
DA:389,5
DA:390,4
DA:392,3
DA:393,1
DA:396,2
DA:404,2
DA:406,1
DA:407,1
DA:412,1
LF:149
LH:139
BRDA:16,0,0,1
BRDA:16,0,1,13
BRDA:16,1,0,14
BRDA:16,1,1,14
BRDA:16,1,2,13
BRDA:16,1,3,13
BRDA:24,2,0,1
BRDA:24,2,1,11
BRDA:27,3,0,1
BRDA:27,3,1,10
BRDA:30,4,0,1
BRDA:30,4,1,9
BRDA:35,5,0,9
BRDA:35,5,1,0
BRDA:36,6,0,9
BRDA:36,6,1,0
BRDA:37,7,0,9
BRDA:37,7,1,0
BRDA:40,8,0,1
BRDA:40,8,1,8
BRDA:49,9,0,8
BRDA:49,9,1,0
BRDA:56,10,0,1
BRDA:56,10,1,7
BRDA:56,11,0,8
BRDA:56,11,1,7
BRDA:61,12,0,1
BRDA:61,12,1,6
BRDA:69,13,0,1
BRDA:69,13,1,5
BRDA:85,14,0,1
BRDA:85,14,1,4
BRDA:158,15,0,1
BRDA:158,15,1,3
BRDA:158,16,0,4
BRDA:158,16,1,3
BRDA:165,17,0,1
BRDA:165,17,1,2
BRDA:169,18,0,2
BRDA:169,18,1,0
BRDA:170,19,0,2
BRDA:170,19,1,0
BRDA:171,20,0,2
BRDA:171,20,1,0
BRDA:184,21,0,3
BRDA:184,21,1,0
BRDA:185,22,0,3
BRDA:185,22,1,1
BRDA:218,23,0,2
BRDA:218,23,1,1
BRDA:218,23,2,1
BRDA:218,23,3,1
BRDA:245,24,0,1
BRDA:245,24,1,3
BRDA:249,25,0,1
BRDA:249,25,1,2
BRDA:250,26,0,3
BRDA:250,26,1,2
BRDA:250,26,2,1
BRDA:272,27,0,1
BRDA:272,27,1,5
BRDA:272,28,0,6
BRDA:272,28,1,5
BRDA:272,28,2,5
BRDA:279,29,0,1
BRDA:279,29,1,4
BRDA:280,30,0,1
BRDA:280,30,1,3
BRDA:284,31,0,1
BRDA:284,31,1,2
BRDA:297,32,0,1
BRDA:297,32,1,1
BRDA:305,33,0,0
BRDA:305,33,1,1
BRDA:324,34,0,1
BRDA:324,34,1,4
BRDA:325,35,0,1
BRDA:325,35,1,3
BRDA:329,36,0,1
BRDA:329,36,1,2
BRDA:336,37,0,0
BRDA:336,37,1,2
BRDA:341,38,0,1
BRDA:341,38,1,1
BRDA:368,39,0,1
BRDA:368,39,1,2
BRDA:371,40,0,1
BRDA:371,40,1,1
BRDA:390,41,0,1
BRDA:390,41,1,3
BRDA:392,42,0,1
BRDA:392,42,1,2
BRDA:392,43,0,3
BRDA:392,43,1,2
BRF:94
BRH:84
end_of_record
TN:
SF:src\controllers\CheckingCheckoutController.js
FN:9,(anonymous_0)
FN:63,(anonymous_1)
FNF:2
FNH:2
FNDA:9,(anonymous_0)
FNDA:7,(anonymous_1)
DA:3,1
DA:4,1
DA:9,1
DA:10,9
DA:11,9
DA:12,9
DA:14,9
DA:15,2
DA:20,7
DA:21,6
DA:22,5
DA:23,1
DA:26,4
DA:27,1
DA:32,3
DA:39,3
DA:40,1
DA:46,2
DA:47,2
DA:49,1
DA:55,1
DA:56,1
DA:63,1
DA:64,7
DA:65,7
DA:66,6
DA:67,5
DA:68,1
DA:71,4
DA:72,1
DA:77,3
DA:78,3
DA:80,2
DA:82,2
DA:99,1
DA:100,1
DA:104,1
LF:37
LH:37
BRDA:14,0,0,2
BRDA:14,0,1,7
BRDA:14,1,0,9
BRDA:14,1,1,8
BRDA:14,1,2,8
BRDA:21,2,0,1
BRDA:21,2,1,5
BRDA:22,3,0,1
BRDA:22,3,1,4
BRDA:26,4,0,1
BRDA:26,4,1,3
BRDA:39,5,0,1
BRDA:39,5,1,2
BRDA:47,6,0,1
BRDA:47,6,1,1
BRDA:66,7,0,1
BRDA:66,7,1,5
BRDA:67,8,0,1
BRDA:67,8,1,4
BRDA:71,9,0,1
BRDA:71,9,1,3
BRDA:78,10,0,1
BRDA:78,10,1,2
BRDA:83,11,0,1
BRDA:83,11,1,1
BRF:25
BRH:25
end_of_record
TN:
SF:src\controllers\KybController.js
FN:8,(anonymous_0)
FNF:1
FNH:1
FNDA:5,(anonymous_0)
DA:1,1
DA:9,5
DA:10,5
DA:12,5
DA:13,5
DA:15,5
DA:16,1
DA:19,4
DA:20,2
DA:23,2
DA:26,2
DA:35,1
DA:40,1
DA:41,1
DA:46,1
LF:15
LH:15
BRDA:15,0,0,1
BRDA:15,0,1,4
BRDA:15,1,0,5
BRDA:15,1,1,5
BRDA:15,1,2,4
BRDA:19,2,0,2
BRDA:19,2,1,2
BRDA:19,3,0,4
BRDA:19,3,1,3
BRF:9
BRH:9
end_of_record
TN:
SF:src\controllers\KycController.js
FN:9,(anonymous_0)
FN:77,(anonymous_1)
FN:147,(anonymous_2)
FNF:3
FNH:3
FNDA:4,(anonymous_0)
FNDA:6,(anonymous_1)
FNDA:5,(anonymous_2)
DA:1,1
DA:2,1
DA:10,4
DA:11,4
DA:12,4
DA:13,4
DA:15,4
DA:16,1
DA:20,3
DA:21,3
DA:24,3
DA:31,3
DA:40,2
DA:41,1
DA:42,1
DA:43,1
DA:50,1
DA:54,1
DA:55,1
DA:58,1
DA:65,1
DA:67,1
DA:68,1
DA:78,6
DA:79,6
DA:80,6
DA:81,6
DA:82,6
DA:85,6
DA:86,1
DA:87,1
DA:88,1
DA:92,1
DA:95,5
DA:96,4
DA:98,4
DA:99,1
DA:103,3
DA:111,3
DA:112,1
DA:115,2
DA:116,2
DA:117,2
DA:120,2
DA:123,2
DA:124,1
DA:125,1
DA:132,2
DA:138,1
DA:139,1
DA:148,5
DA:151,5
DA:153,5
DA:155,5
DA:156,5
DA:157,1
DA:161,4
DA:164,4
DA:165,4
DA:166,4
DA:168,4
DA:169,1
DA:173,3
DA:174,2
DA:176,1
DA:182,1
DA:184,1
DA:191,2
DA:192,1
DA:194,1
DA:195,1
DA:203,3
DA:205,0
DA:207,0
DA:212,1
LF:75
LH:73
BRDA:15,0,0,1
BRDA:15,0,1,3
BRDA:15,1,0,4
BRDA:15,1,1,3
BRDA:20,2,0,3
BRDA:20,2,1,2
BRDA:40,3,0,1
BRDA:40,3,1,1
BRDA:54,4,0,1
BRDA:54,4,1,0
BRDA:55,5,0,1
BRDA:55,5,1,0
BRDA:85,6,0,1
BRDA:85,6,1,5
BRDA:87,7,0,1
BRDA:87,7,1,0
BRDA:90,8,0,1
BRDA:90,8,1,0
BRDA:98,9,0,1
BRDA:98,9,1,3
BRDA:99,10,0,1
BRDA:99,10,1,0
BRDA:111,11,0,1
BRDA:111,11,1,2
BRDA:120,12,0,2
BRDA:120,12,1,0
BRDA:123,13,0,1
BRDA:123,13,1,1
BRDA:123,14,0,2
BRDA:123,14,1,1
BRDA:123,14,2,1
BRDA:124,15,0,1
BRDA:124,15,1,0
BRDA:153,16,0,5
BRDA:153,16,1,0
BRDA:155,17,0,5
BRDA:155,17,1,1
BRDA:156,18,0,1
BRDA:156,18,1,4
BRDA:156,19,0,5
BRDA:156,19,1,2
BRDA:164,20,0,4
BRDA:164,20,1,1
BRDA:168,21,0,1
BRDA:168,21,1,3
BRDA:168,22,0,4
BRDA:168,22,1,1
BRDA:173,23,0,2
BRDA:173,23,1,1
BRDA:174,24,0,1
BRDA:174,24,1,1
BRDA:182,25,0,1
BRDA:182,25,1,0
BRDA:192,26,0,1
BRDA:192,26,1,0
BRDA:192,27,0,1
BRDA:192,27,1,0
BRDA:194,28,0,1
BRDA:194,28,1,0
BRF:59
BRH:47
end_of_record
TN:
SF:src\controllers\NavigationController.js
FN:4,(anonymous_0)
FNF:1
FNH:1
FNDA:9,(anonymous_0)
DA:1,1
DA:5,9
DA:7,9
DA:9,9
DA:10,4
DA:19,5
DA:22,5
DA:24,3
DA:30,2
DA:31,2
DA:40,1
LF:11
LH:11
BRDA:9,0,0,4
BRDA:9,0,1,5
BRDA:9,1,0,9
BRDA:9,1,1,6
BRF:4
BRH:4
end_of_record
TN:
SF:src\controllers\PaymentController.js
FN:8,(anonymous_0)
FN:32,(anonymous_1)
FN:55,(anonymous_2)
FN:77,(anonymous_3)
FN:88,(anonymous_4)
FN:106,(anonymous_5)
FNF:6
FNH:6
FNDA:3,(anonymous_0)
FNDA:3,(anonymous_1)
FNDA:4,(anonymous_2)
FNDA:3,(anonymous_3)
FNDA:2,(anonymous_4)
FNDA:4,(anonymous_5)
DA:2,1
DA:3,1
DA:4,1
DA:5,1
DA:8,1
DA:9,3
DA:10,3
DA:12,3
DA:13,1
DA:19,2
DA:21,1
DA:26,1
DA:27,1
DA:32,1
DA:33,3
DA:34,3
DA:36,3
DA:37,1
DA:40,2
DA:41,1
DA:43,1
DA:49,1
DA:50,1
DA:55,1
DA:56,4
DA:57,4
DA:60,4
DA:61,1
DA:63,3
DA:69,3
DA:71,1
DA:72,1
DA:77,1
DA:78,3
DA:79,3
DA:80,3
DA:81,2
DA:83,1
DA:88,1
DA:89,2
DA:90,2
DA:91,2
DA:92,1
DA:94,1
DA:100,1
DA:101,1
DA:106,1
DA:107,4
DA:108,4
DA:109,4
DA:110,4
DA:112,4
DA:114,3
DA:121,1
DA:122,1
DA:126,1
LF:56
LH:56
BRDA:12,0,0,1
BRDA:12,0,1,2
BRDA:36,1,0,1
BRDA:36,1,1,2
BRDA:60,2,0,1
BRDA:60,2,1,3
BRDA:64,3,0,3
BRDA:64,3,1,2
BRDA:65,4,0,3
BRDA:65,4,1,2
BRDA:109,5,0,4
BRDA:109,5,1,0
BRDA:110,6,0,3
BRDA:110,6,1,1
BRF:14
BRH:13
end_of_record
TN:
SF:src/controllers/SellerKybController.js
FN:9,(anonymous_0)
FN:16,(anonymous_1)
FN:36,(anonymous_2)
FN:40,(anonymous_3)
FN:42,(anonymous_4)
FN:68,(anonymous_5)
FNF:6
FNH:0
FNDA:0,(anonymous_0)
FNDA:0,(anonymous_1)
FNDA:0,(anonymous_2)
FNDA:0,(anonymous_3)
FNDA:0,(anonymous_4)
FNDA:0,(anonymous_5)
DA:1,0
DA:2,0
DA:10,0
DA:11,0
DA:14,0
DA:16,0
DA:24,0
DA:27,0
DA:28,0
DA:37,0
DA:38,0
DA:39,0
DA:40,0
DA:42,0
DA:43,0
DA:45,0
DA:56,0
DA:59,0
DA:60,0
DA:69,0
DA:70,0
DA:71,0
DA:73,0
DA:75,0
DA:76,0
DA:79,0
DA:80,0
DA:83,0
DA:92,0
DA:93,0
DA:98,0
LF:31
LH:0
BRDA:19,0,0,0
BRDA:19,0,1,0
BRDA:20,1,0,0
BRDA:20,1,1,0
BRDA:51,2,0,0
BRDA:51,2,1,0
BRDA:75,3,0,0
BRDA:75,3,1,0
BRDA:75,4,0,0
BRDA:75,4,1,0
BRDA:79,5,0,0
BRDA:79,5,1,0
BRF:12
BRH:0
end_of_record
TN:
SF:src/controllers/SpotController.js
FN:16,(anonymous_0)
FN:40,(anonymous_1)
FN:57,(anonymous_2)
FN:101,(anonymous_3)
FN:102,(anonymous_4)
FN:103,(anonymous_5)
FN:116,(anonymous_6)
FN:122,(anonymous_7)
FN:136,(anonymous_8)
FN:137,(anonymous_9)
FN:138,(anonymous_10)
FN:139,(anonymous_11)
FN:177,(anonymous_12)
FN:206,(anonymous_13)
FN:225,(anonymous_14)
FN:231,(anonymous_15)
FN:238,(anonymous_16)
FN:239,(anonymous_17)
FN:261,(anonymous_18)
FN:269,(anonymous_19)
FN:277,(anonymous_20)
FN:299,(anonymous_21)
FN:322,(anonymous_22)
FN:342,(anonymous_23)
FN:362,(anonymous_24)
FN:405,(anonymous_25)
FNF:26
FNH:0
FNDA:0,(anonymous_0)
FNDA:0,(anonymous_1)
FNDA:0,(anonymous_2)
FNDA:0,(anonymous_3)
FNDA:0,(anonymous_4)
FNDA:0,(anonymous_5)
FNDA:0,(anonymous_6)
FNDA:0,(anonymous_7)
FNDA:0,(anonymous_8)
FNDA:0,(anonymous_9)
FNDA:0,(anonymous_10)
FNDA:0,(anonymous_11)
FNDA:0,(anonymous_12)
FNDA:0,(anonymous_13)
FNDA:0,(anonymous_14)
FNDA:0,(anonymous_15)
FNDA:0,(anonymous_16)
FNDA:0,(anonymous_17)
FNDA:0,(anonymous_18)
FNDA:0,(anonymous_19)
FNDA:0,(anonymous_20)
FNDA:0,(anonymous_21)
FNDA:0,(anonymous_22)
FNDA:0,(anonymous_23)
FNDA:0,(anonymous_24)
FNDA:0,(anonymous_25)
DA:7,0
DA:8,0
DA:9,0
DA:8,0
DA:9,0
DA:16,0
DA:17,0
DA:17,0
DA:18,0
DA:20,0
DA:21,0
DA:20,0
DA:21,0
DA:24,0
DA:25,0
DA:26,0
DA:27,0
DA:33,0
DA:36,0
DA:40,0
DA:41,0
DA:53,0
DA:56,0
DA:57,0
DA:26,0
DA:27,0
DA:33,0
DA:36,0
DA:40,0
DA:41,0
DA:53,0
DA:56,0
DA:57,0
DA:60,0
DA:61,0
DA:63,0
DA:64,0
DA:61,0
DA:63,0
DA:64,0
DA:66,0
DA:67,0
DA:70,0
DA:71,0
DA:74,0
DA:67,0
DA:70,0
DA:71,0
DA:74,0
DA:76,0
DA:77,0
DA:80,0
DA:81,0
DA:85,0
DA:86,0
DA:91,0
DA:92,0
DA:94,0
DA:95,0
DA:101,0
DA:102,0
DA:103,0
DA:80,0
DA:81,0
DA:85,0
DA:86,0
DA:91,0
DA:92,0
DA:94,0
DA:95,0
DA:101,0
DA:102,0
DA:103,0
DA:105,0
DA:109,0
DA:115,0
DA:109,0
DA:115,0
DA:116,0
DA:123,0
DA:130,0
DA:131,0
DA:123,0
DA:130,0
DA:131,0
DA:136,0
DA:137,0
DA:138,0
DA:138,0
DA:139,0
DA:141,0
DA:141,0
DA:156,0
DA:157,0
DA:157,0
DA:158,0
DA:160,0
DA:160,0
DA:165,0
DA:166,0
DA:177,0
DA:178,0
DA:166,0
DA:177,0
DA:178,0
DA:181,0
DA:183,0
DA:184,0
DA:187,0
DA:184,0
DA:187,0
DA:189,0
DA:190,0
DA:194,0
DA:195,0
DA:198,0
DA:199,0
DA:190,0
DA:194,0
DA:195,0
DA:198,0
DA:199,0
DA:206,0
DA:207,0
DA:208,0
DA:210,0
DA:211,0
DA:214,0
DA:217,0
DA:208,0
DA:210,0
DA:211,0
DA:214,0
DA:217,0
DA:218,0
DA:225,0
DA:226,0
DA:227,0
DA:225,0
DA:226,0
DA:227,0
DA:230,0
DA:231,0
DA:234,0
DA:231,0
DA:234,0
DA:235,0
DA:236,0
DA:237,0
DA:238,0
DA:239,0
DA:244,0
DA:245,0
DA:246,0
DA:239,0
DA:244,0
DA:245,0
DA:246,0
DA:248,0
DA:249,0
DA:251,0
DA:251,0
DA:252,0
DA:257,0
DA:257,0
DA:261,0
DA:263,0
DA:264,0
DA:269,0
DA:271,0
DA:271,0
DA:272,0
DA:277,0
DA:277,0
DA:280,0
DA:282,0
DA:283,0
DA:288,0
DA:291,0
DA:292,0
DA:299,0
DA:300,0
DA:301,0
DA:283,0
DA:288,0
DA:291,0
DA:292,0
DA:299,0
DA:300,0
DA:301,0
DA:303,0
DA:304,0
DA:309,0
DA:315,0
DA:322,0
DA:309,0
DA:315,0
DA:322,0
DA:323,0
DA:324,0
DA:326,0
DA:326,0
DA:327,0
DA:330,0
DA:332,0
DA:335,0
DA:342,0
DA:330,0
DA:332,0
DA:335,0
DA:342,0
DA:343,0
DA:344,0
DA:346,0
DA:347,0
DA:350,0
DA:347,0
DA:350,0
DA:352,0
DA:355,0
DA:362,0
DA:363,0
DA:364,0
DA:365,0
DA:369,0
DA:375,0
DA:376,0
DA:377,0
DA:380,0
DA:383,0
DA:386,0
DA:387,0
DA:393,0
DA:396,0
DA:397,0
DA:405,0
DA:406,0
DA:407,0
DA:408,0
DA:410,0
DA:414,0
LF:155
LH:0
BRDA:17,0,0,0
BRDA:17,0,1,0
BRDA:18,1,0,0
BRDA:18,1,1,0
BRDA:18,2,0,0
BRDA:18,2,1,0
BRDA:18,2,2,0
BRDA:20,3,0,0
BRDA:20,3,1,0
BRDA:24,4,0,0
BRDA:24,4,1,0
BRDA:24,5,0,0
BRDA:24,5,1,0
BRDA:27,6,0,0
BRDA:27,6,1,0
BRDA:56,7,0,0
BRDA:56,7,1,0
BRDA:56,8,0,0
BRDA:56,8,1,0
BRDA:63,9,0,0
BRDA:63,9,1,0
BRDA:66,10,0,0
BRDA:66,10,1,0
BRDA:66,11,0,0
BRDA:66,11,1,0
BRDA:70,12,0,0
BRDA:70,12,1,0
BRDA:76,13,0,0
BRDA:76,13,1,0
BRDA:85,14,0,0
BRDA:85,14,1,0
BRDA:85,15,0,0
BRDA:85,15,1,0
BRDA:85,15,2,0
BRDA:85,15,3,0
BRDA:94,16,0,0
BRDA:94,16,1,0
BRDA:94,17,0,0
BRDA:94,17,1,0
BRDA:105,18,0,0
BRDA:105,18,1,0
BRDA:106,19,0,0
BRDA:106,19,1,0
BRDA:123,20,0,0
BRDA:123,20,1,0
BRDA:123,20,2,0
BRDA:123,20,3,0
BRDA:123,20,4,0
BRDA:130,21,0,0
BRDA:130,21,1,0
BRDA:143,22,0,0
BRDA:143,22,1,0
BRDA:145,23,0,0
BRDA:145,23,1,0
BRDA:157,24,0,0
BRDA:157,24,1,0
BRDA:181,25,0,0
BRDA:181,25,1,0
BRDA:181,26,0,0
BRDA:181,26,1,0
BRDA:187,27,0,0
BRDA:187,27,1,0
BRDA:187,28,0,0
BRDA:187,28,1,0
BRDA:210,29,0,0
BRDA:210,29,1,0
BRDA:230,30,0,0
BRDA:230,30,1,0
BRDA:230,31,0,0
BRDA:230,31,1,0
BRDA:234,32,0,0
BRDA:234,32,1,0
BRDA:236,33,0,0
BRDA:236,33,1,0
BRDA:248,34,0,0
BRDA:248,34,1,0
BRDA:251,35,0,0
BRDA:251,35,1,0
BRDA:251,36,0,0
BRDA:251,36,1,0
BRDA:257,37,0,0
BRDA:257,37,1,0
BRDA:263,38,0,0
BRDA:263,38,1,0
BRDA:269,39,0,0
BRDA:269,39,1,0
BRDA:271,40,0,0
BRDA:271,40,1,0
BRDA:282,41,0,0
BRDA:282,41,1,0
BRDA:303,42,0,0
BRDA:303,42,1,0
BRDA:310,43,0,0
BRDA:310,43,1,0
BRDA:326,44,0,0
BRDA:326,44,1,0
BRDA:346,45,0,0
BRDA:346,45,1,0
BRDA:376,46,0,0
BRDA:376,46,1,0
BRDA:386,47,0,0
BRDA:386,47,1,0
BRF:102
BRH:0
end_of_record
TN:
SF:src/controllers/UserController.js
FN:4,(anonymous_0)
FNF:1
FNH:0
FNDA:0,(anonymous_0)
DA:2,0
DA:4,0
DA:5,0
DA:6,0
DA:7,0
DA:8,0
DA:9,0
DA:12,0
DA:13,0
DA:15,0
DA:18,0
DA:23,0
DA:25,0
DA:26,0
DA:29,0
DA:34,0
DA:35,0
DA:39,0
LF:18
LH:0
BRDA:12,0,0,0
BRDA:12,0,1,0
BRDA:13,1,0,0
BRDA:13,1,1,0
BRDA:23,2,0,0
BRDA:23,2,1,0
BRDA:25,3,0,0
BRDA:25,3,1,0
BRF:8
BRH:0
end_of_record
TN:
SF:src/controllers/XummController.js
FN:8,(anonymous_0)
FN:19,(anonymous_1)
FN:42,(anonymous_2)
FN:99,(anonymous_3)
FN:196,(anonymous_4)
FNF:5
FNH:5
FNDA:6,(anonymous_0)
FNDA:4,(anonymous_1)
FNDA:9,(anonymous_2)
FNDA:11,(anonymous_3)
FNDA:15,(anonymous_4)
DA:2,1
DA:3,1
DA:4,1
DA:5,1
DA:8,1
DA:9,6
DA:19,1
DA:20,4
DA:22,4
DA:25,3
DA:32,1
DA:33,1
DA:42,1
DA:43,9
DA:44,9
DA:47,9
DA:48,1
DA:54,8
DA:56,7
DA:57,1
DA:63,6
DA:64,6
DA:67,6
DA:69,6
DA:70,4
DA:72,2
DA:76,2
DA:80,6
DA:82,6
DA:89,1
DA:90,1
DA:99,1
DA:100,11
DA:101,11
DA:104,11
DA:105,1
DA:111,10
DA:112,10
DA:113,1
DA:118,9
DA:119,9
DA:120,9
DA:122,9
DA:123,1
DA:129,8
DA:130,8
DA:132,8
DA:133,1
DA:139,7
DA:140,1
DA:146,6
DA:147,1
DA:153,5
DA:154,5
DA:155,1
DA:161,4
DA:162,4
DA:165,4
DA:173,4
DA:175,4
DA:186,0
DA:187,0
DA:196,1
DA:197,15
DA:198,15
DA:201,15
DA:202,2
DA:208,13
DA:209,13
DA:210,1
DA:214,12
DA:215,12
DA:218,12
DA:220,12
DA:222,2
DA:223,2
DA:225,2
DA:231,10
DA:234,10
DA:235,10
DA:237,10
DA:238,1
DA:244,9
DA:245,9
DA:246,9
DA:249,9
DA:250,9
DA:251,9
DA:254,9
DA:255,9
DA:270,9
DA:271,9
DA:272,9
DA:274,9
DA:281,9
DA:284,7
DA:298,7
DA:299,7
DA:301,7
DA:304,7
DA:335,2
DA:336,2
DA:338,2
DA:344,0
DA:345,0
DA:351,1
LF:106
LH:102
BRDA:12,0,0,6
BRDA:12,0,1,0
BRDA:47,1,0,1
BRDA:47,1,1,8
BRDA:56,2,0,1
BRDA:56,2,1,6
BRDA:69,3,0,4
BRDA:69,3,1,2
BRDA:104,4,0,1
BRDA:104,4,1,10
BRDA:112,5,0,1
BRDA:112,5,1,9
BRDA:112,6,0,10
BRDA:112,6,1,9
BRDA:122,7,0,1
BRDA:122,7,1,8
BRDA:132,8,0,1
BRDA:132,8,1,7
BRDA:139,9,0,1
BRDA:139,9,1,6
BRDA:146,10,0,1
BRDA:146,10,1,5
BRDA:154,11,0,1
BRDA:154,11,1,4
BRDA:201,12,0,2
BRDA:201,12,1,13
BRDA:201,13,0,15
BRDA:201,13,1,14
BRDA:209,14,0,1
BRDA:209,14,1,12
BRDA:209,15,0,13
BRDA:209,15,1,12
BRDA:220,16,0,2
BRDA:220,16,1,10
BRDA:237,17,0,1
BRDA:237,17,1,9
BRDA:245,18,0,9
BRDA:245,18,1,0
BRDA:254,19,0,9
BRDA:254,19,1,0
BRDA:281,20,0,7
BRDA:281,20,1,2
BRDA:320,21,0,7
BRDA:320,21,1,0
BRF:44
BRH:40
end_of_record
TN:
SF:src/models/Booking.js
FN:9,(anonymous_0)
FN:40,(anonymous_1)
FN:71,(anonymous_2)
FN:101,(anonymous_3)
FN:130,(anonymous_4)
FN:149,(anonymous_5)
FN:163,(anonymous_6)
FN:177,(anonymous_7)
FN:193,(anonymous_8)
FN:246,(anonymous_9)
FN:262,(anonymous_10)
FN:285,(anonymous_11)
FN:315,(anonymous_12)
FNF:13
FNH:13
FNDA:2,(anonymous_0)
FNDA:2,(anonymous_1)
FNDA:3,(anonymous_2)
FNDA:2,(anonymous_3)
FNDA:2,(anonymous_4)
FNDA:2,(anonymous_5)
FNDA:2,(anonymous_6)
FNDA:2,(anonymous_7)
FNDA:4,(anonymous_8)
FNDA:3,(anonymous_9)
FNDA:2,(anonymous_10)
FNDA:4,(anonymous_11)
FNDA:2,(anonymous_12)
DA:3,3
DA:17,2
DA:34,1
DA:41,2
DA:65,2
DA:72,3
DA:85,3
DA:87,3
DA:88,1
DA:89,1
DA:92,3
DA:94,3
DA:95,3
DA:102,2
DA:114,2
DA:116,2
DA:117,1
DA:118,1
DA:121,2
DA:123,2
DA:124,2
DA:131,2
DA:143,2
DA:150,2
DA:157,2
DA:164,2
DA:171,2
DA:178,2
DA:187,2
DA:194,4
DA:199,4
DA:201,3
DA:202,3
DA:203,3
DA:205,3
DA:206,3
DA:210,3
DA:211,3
DA:215,3
DA:216,3
DA:217,3
DA:220,3
DA:221,3
DA:223,3
DA:240,3
DA:247,3
DA:256,3
DA:263,2
DA:271,2
DA:273,2
DA:274,1
DA:275,1
DA:278,2
DA:279,2
DA:292,4
DA:301,4
DA:303,4
DA:304,1
DA:305,1
DA:308,4
DA:309,4
DA:316,2
DA:328,2
DA:332,3
LF:64
LH:64
BRDA:65,0,0,2
BRDA:65,0,1,1
BRDA:71,1,0,2
BRDA:87,2,0,1
BRDA:87,2,1,2
BRDA:101,3,0,1
BRDA:116,4,0,1
BRDA:116,4,1,1
BRDA:157,5,0,2
BRDA:157,5,1,1
BRDA:171,6,0,2
BRDA:171,6,1,1
BRDA:187,7,0,2
BRDA:187,7,1,1
BRDA:199,8,0,1
BRDA:199,8,1,3
BRDA:240,9,0,3
BRDA:240,9,1,0
BRDA:256,10,0,3
BRDA:256,10,1,1
BRDA:262,11,0,1
BRDA:273,12,0,1
BRDA:273,12,1,1
BRDA:290,13,0,3
BRDA:303,14,0,1
BRDA:303,14,1,3
BRF:26
BRH:25
end_of_record
TN:
SF:src\models\KybSubmission.js
FN:7,(anonymous_0)
FN:35,(anonymous_1)
FN:49,(anonymous_2)
FN:67,(anonymous_3)
FN:81,(anonymous_4)
FNF:5
FNH:5
FNDA:1,(anonymous_0)
FNDA:2,(anonymous_1)
FNDA:1,(anonymous_2)
FNDA:1,(anonymous_3)
FNDA:1,(anonymous_4)
DA:1,4
DA:15,1
DA:29,1
DA:36,2
DA:43,2
DA:50,1
DA:61,1
DA:68,1
DA:75,1
DA:82,1
DA:89,1
DA:93,4
LF:12
LH:12
BRDA:43,0,0,2
BRDA:43,0,1,1
BRDA:87,1,0,1
BRDA:87,1,1,0
BRDA:89,2,0,1
BRDA:89,2,1,0
BRF:6
BRH:4
end_of_record
TN:
SF:src\models\Spot.js
FN:8,(anonymous_0)
FN:38,(anonymous_1)
FN:49,(anonymous_2)
FN:67,(anonymous_3)
FN:82,(anonymous_4)
FN:95,(anonymous_5)
FN:108,(anonymous_6)
FN:122,(anonymous_7)
FN:136,(anonymous_8)
FN:147,(anonymous_9)
FN:160,(anonymous_10)
FN:174,(anonymous_11)
FN:193,(anonymous_12)
FN:209,(anonymous_13)
FN:234,(anonymous_14)
FNF:15
FNH:0
FNDA:0,(anonymous_0)
FNDA:0,(anonymous_1)
FNDA:0,(anonymous_2)
FNDA:0,(anonymous_3)
FNDA:0,(anonymous_4)
FNDA:0,(anonymous_5)
FNDA:0,(anonymous_6)
FNDA:0,(anonymous_7)
FNDA:0,(anonymous_8)
FNDA:0,(anonymous_9)
FNDA:0,(anonymous_10)
FNDA:0,(anonymous_11)
FNDA:0,(anonymous_12)
FNDA:0,(anonymous_13)
FNDA:0,(anonymous_14)
DA:2,1
DA:16,0
DA:32,0
DA:39,0
DA:43,0
DA:50,0
DA:61,0
DA:68,0
DA:76,0
DA:83,0
DA:89,0
DA:96,0
DA:102,0
DA:109,0
DA:116,0
DA:123,0
DA:130,0
DA:137,0
DA:141,0
DA:148,0
DA:154,0
DA:161,0
DA:168,0
DA:175,0
DA:187,0
DA:194,0
DA:203,0
DA:211,0
DA:213,0
DA:228,0
DA:235,0
DA:236,0
DA:238,0
DA:240,0
DA:241,0
DA:244,0
DA:248,1
LF:37
LH:2
BRDA:9,0,0,0
BRDA:25,1,0,0
BRDA:25,1,1,0
BRDA:26,2,0,0
BRDA:26,2,1,0
BRDA:27,3,0,0
BRDA:27,3,1,0
BRDA:28,4,0,0
BRDA:28,4,1,0
BRDA:29,5,0,0
BRDA:29,5,1,0
BRDA:43,6,0,0
BRDA:43,6,1,0
BRDA:61,7,0,0
BRDA:61,7,1,0
BRDA:130,8,0,0
BRDA:130,8,1,0
BRDA:141,9,0,0
BRDA:141,9,1,0
BRDA:154,10,0,0
BRDA:154,10,1,0
BRDA:168,11,0,0
BRDA:168,11,1,0
BRDA:187,12,0,0
BRDA:187,12,1,0
BRDA:203,13,0,0
BRDA:203,13,1,0
BRDA:228,14,0,0
BRDA:228,14,1,0
BRDA:235,15,0,0
BRDA:235,15,1,0
BRDA:236,16,0,0
BRDA:236,16,1,0
BRDA:240,17,0,0
BRDA:240,17,1,0
BRF:35
BRH:0
end_of_record
TN:
SF:src/models/Transaction.js
FN:9,(anonymous_0)
FN:31,(anonymous_1)
FN:40,(anonymous_2)
FN:49,(anonymous_3)
FN:69,(anonymous_4)
FN:85,(anonymous_5)
FN:108,(anonymous_6)
FN:125,(anonymous_7)
FN:194,(anonymous_8)
FNF:9
FNH:9
FNDA:1,(anonymous_0)
FNDA:1,(anonymous_1)
FNDA:2,(anonymous_2)
FNDA:2,(anonymous_3)
FNDA:1,(anonymous_4)
FNDA:2,(anonymous_5)
FNDA:1,(anonymous_6)
FNDA:4,(anonymous_7)
FNDA:35,(anonymous_8)
DA:5,3
DA:14,1
DA:27,1
DA:32,1
DA:36,1
DA:41,2
DA:45,2
DA:50,2
DA:65,2
DA:70,1
DA:80,1
DA:86,2
DA:104,2
DA:109,1
DA:121,1
DA:126,4
DA:136,4
DA:189,4
DA:190,4
DA:192,4
DA:194,35
DA:199,3
LF:22
LH:22
BRDA:45,0,0,2
BRDA:45,0,1,1
BRDA:49,1,0,1
BRDA:49,2,0,1
BRDA:85,3,0,2
BRDA:85,4,0,2
BRDA:125,5,0,0
BRDA:189,6,0,4
BRDA:189,6,1,1
BRF:9
BRH:8
end_of_record
TN:
SF:src\models\User.js
FN:9,(anonymous_0)
FN:20,(anonymous_1)
FN:29,(anonymous_2)
FN:38,(anonymous_3)
FN:50,(anonymous_4)
FN:62,(anonymous_5)
FN:76,(anonymous_6)
FN:98,(anonymous_7)
FN:114,(anonymous_8)
FN:126,(anonymous_9)
FN:141,(anonymous_10)
FN:152,(anonymous_11)
FN:160,(anonymous_12)
FNF:13
FNH:0
FNDA:0,(anonymous_0)
FNDA:0,(anonymous_1)
FNDA:0,(anonymous_2)
FNDA:0,(anonymous_3)
FNDA:0,(anonymous_4)
FNDA:0,(anonymous_5)
FNDA:0,(anonymous_6)
FNDA:0,(anonymous_7)
FNDA:0,(anonymous_8)
FNDA:0,(anonymous_9)
FNDA:0,(anonymous_10)
FNDA:0,(anonymous_11)
FNDA:0,(anonymous_12)
DA:2,2
DA:10,0
DA:16,0
DA:21,0
DA:25,0
DA:30,0
DA:34,0
DA:39,0
DA:43,0
DA:51,0
DA:52,0
DA:53,0
DA:59,0
DA:63,0
DA:69,0
DA:77,0
DA:94,0
DA:99,0
DA:106,0
DA:115,0
DA:119,0
DA:127,0
DA:129,0
DA:131,0
DA:132,0
DA:133,0
DA:136,0
DA:137,0
DA:138,0
DA:142,0
DA:149,0
DA:153,0
DA:157,0
DA:161,0
DA:165,0
DA:169,2
LF:36
LH:2
BRDA:16,0,0,0
BRDA:16,0,1,0
BRDA:25,1,0,0
BRDA:25,1,1,0
BRDA:34,2,0,0
BRDA:34,2,1,0
BRDA:43,3,0,0
BRDA:43,3,1,0
BRDA:87,4,0,0
BRDA:87,4,1,0
BRDA:88,5,0,0
BRDA:88,5,1,0
BRDA:89,6,0,0
BRDA:89,6,1,0
BRDA:90,7,0,0
BRDA:90,7,1,0
BRDA:94,8,0,0
BRDA:94,8,1,0
BRDA:106,9,0,0
BRDA:106,9,1,0
BRDA:119,10,0,0
BRDA:119,10,1,0
BRDA:126,11,0,0
BRDA:131,12,0,0
BRDA:131,12,1,0
BRDA:149,13,0,0
BRDA:149,13,1,0
BRDA:157,14,0,0
BRDA:157,14,1,0
BRF:29
BRH:0
end_of_record
TN:
SF:src/services/FraudDetectionService.js
FN:16,(anonymous_0)
FN:76,(anonymous_1)
FN:108,(anonymous_2)
FN:140,(anonymous_3)
FN:165,(anonymous_4)
FN:197,(anonymous_5)
FN:229,(anonymous_6)
FNF:7
FNH:0
FNDA:0,(anonymous_0)
FNDA:0,(anonymous_1)
FNDA:0,(anonymous_2)
FNDA:0,(anonymous_3)
FNDA:0,(anonymous_4)
FNDA:0,(anonymous_5)
FNDA:0,(anonymous_6)
DA:9,1
DA:17,0
DA:19,0
DA:20,0
DA:23,0
DA:24,0
DA:25,0
DA:27,0
DA:28,0
DA:29,0
DA:31,0
DA:32,0
DA:33,0
DA:35,0
DA:36,0
DA:37,0
DA:39,0
DA:40,0
DA:41,0
DA:43,0
DA:44,0
DA:45,0
DA:48,0
DA:51,0
DA:52,0
DA:53,0
DA:55,0
DA:56,0
DA:58,0
DA:77,0
DA:86,0
DA:88,0
DA:89,0
DA:94,0
DA:95,0
DA:102,0
DA:109,0
DA:118,0
DA:120,0
DA:121,0
DA:126,0
DA:127,0
DA:134,0
DA:141,0
DA:142,0
DA:143,0
DA:145,0
DA:146,0
DA:151,0
DA:152,0
DA:159,0
DA:166,0
DA:175,0
DA:176,0
DA:179,0
DA:180,0
DA:183,0
DA:184,0
DA:191,0
DA:198,0
DA:207,0
DA:209,0
DA:210,0
DA:215,0
DA:216,0
DA:223,0
DA:230,0
DA:240,0
DA:242,0
DA:243,0
DA:248,0
DA:249,0
DA:256,0
DA:260,1
LF:74
LH:2
BRDA:25,0,0,0
BRDA:25,0,1,0
BRDA:29,1,0,0
BRDA:29,1,1,0
BRDA:33,2,0,0
BRDA:33,2,1,0
BRDA:37,3,0,0
BRDA:37,3,1,0
BRDA:41,4,0,0
BRDA:41,4,1,0
BRDA:45,5,0,0
BRDA:45,5,1,0
BRDA:52,6,0,0
BRDA:52,6,1,0
BRDA:53,7,0,0
BRDA:53,7,1,0
BRDA:56,8,0,0
BRDA:56,8,1,0
BRDA:88,9,0,0
BRDA:88,9,1,0
BRDA:94,10,0,0
BRDA:94,10,1,0
BRDA:120,11,0,0
BRDA:120,11,1,0
BRDA:126,12,0,0
BRDA:126,12,1,0
BRDA:145,13,0,0
BRDA:145,13,1,0
BRDA:151,14,0,0
BRDA:151,14,1,0
BRDA:175,15,0,0
BRDA:175,15,1,0
BRDA:179,16,0,0
BRDA:179,16,1,0
BRDA:183,17,0,0
BRDA:183,17,1,0
BRDA:209,18,0,0
BRDA:209,18,1,0
BRDA:215,19,0,0
BRDA:215,19,1,0
BRDA:242,20,0,0
BRDA:242,20,1,0
BRDA:248,21,0,0
BRDA:248,21,1,0
BRF:44
BRH:0
end_of_record
TN:
SF:src\services\NavigationService.js
FN:6,(anonymous_0)
FN:25,(anonymous_1)
FN:29,(anonymous_2)
FNF:3
FNH:3
FNDA:10,(anonymous_0)
FNDA:4,(anonymous_1)
FNDA:2,(anonymous_2)
DA:2,13
DA:7,10
DA:8,2
DA:13,8
DA:15,8
DA:16,8
DA:17,7
DA:19,7
DA:20,2
DA:25,5
DA:26,4
DA:29,4
DA:30,2
DA:39,4
DA:52,5
DA:56,3
DA:57,3
DA:62,13
LF:18
LH:18
BRDA:6,0,0,9
BRDA:7,1,0,2
BRDA:7,1,1,8
BRDA:19,2,0,2
BRDA:19,2,1,5
BRDA:20,3,0,2
BRDA:20,3,1,1
BRDA:32,4,0,1
BRDA:32,4,1,1
BRDA:33,5,0,1
BRDA:33,5,1,1
BRDA:34,6,0,2
BRDA:34,6,1,1
BRF:13
BRH:13
end_of_record
TN:
SF:src/services/XrplService.js
FN:11,(anonymous_0)
FN:20,(anonymous_1)
FN:27,(anonymous_2)
FN:34,(anonymous_3)
FN:45,(anonymous_4)
FN:65,(anonymous_5)
FN:111,(anonymous_6)
FN:143,(anonymous_7)
FNF:8
FNH:8
FNDA:18,(anonymous_0)
FNDA:1,(anonymous_1)
FNDA:3,(anonymous_2)
FNDA:13,(anonymous_3)
FNDA:3,(anonymous_4)
FNDA:4,(anonymous_5)
FNDA:3,(anonymous_6)
FNDA:3,(anonymous_7)
DA:7,18
DA:8,18
DA:12,18
DA:13,18
DA:21,1
DA:22,0
DA:23,0
DA:24,0
DA:28,3
DA:29,1
DA:30,1
DA:35,13
DA:46,3
DA:47,3
DA:48,3
DA:53,1
DA:54,1
DA:56,2
DA:57,1
DA:66,4
DA:67,4
DA:69,4
DA:70,4
DA:76,3
DA:77,3
DA:80,3
DA:81,3
DA:83,3
DA:84,1
DA:85,1
DA:88,2
DA:89,1
DA:90,1
DA:93,1
DA:94,1
DA:96,1
DA:104,1
DA:105,1
DA:112,3
DA:113,3
DA:114,3
DA:119,2
DA:120,2
DA:128,1
DA:144,3
DA:147,3
DA:148,3
DA:150,2
DA:152,2
DA:160,2
DA:161,2
DA:169,2
DA:170,2
DA:172,2
DA:173,2
DA:175,2
DA:176,2
DA:178,2
DA:186,18
LF:59
LH:56
BRDA:21,0,0,1
BRDA:21,0,1,0
BRDA:21,1,0,1
BRDA:21,1,1,1
BRDA:28,2,0,1
BRDA:28,2,1,2
BRDA:28,3,0,3
BRDA:28,3,1,2
BRDA:35,4,0,0
BRDA:35,4,1,13
BRDA:35,5,0,13
BRDA:35,5,1,13
BRDA:56,6,0,1
BRDA:56,6,1,1
BRDA:83,7,0,1
BRDA:83,7,1,2
BRDA:88,8,0,1
BRDA:88,8,1,1
BRDA:148,9,0,1
BRDA:148,9,1,2
BRDA:160,10,0,2
BRDA:160,10,1,0
BRDA:176,11,0,1
BRDA:176,11,1,1
BRF:24
BRH:21
end_of_record
TN:
SF:src/services/XummService.js
FN:8,(anonymous_0)
FN:17,(anonymous_1)
FN:48,(anonymous_2)
FN:77,(anonymous_3)
FN:118,(anonymous_4)
FNF:5
FNH:1
FNDA:1,(anonymous_0)
FNDA:0,(anonymous_1)
FNDA:0,(anonymous_2)
FNDA:0,(anonymous_3)
FNDA:0,(anonymous_4)
DA:4,1
DA:5,1
DA:9,1
DA:13,1
DA:18,0
DA:19,0
DA:31,0
DA:32,0
DA:33,0
DA:34,0
DA:36,0
DA:43,0
DA:44,0
DA:49,0
DA:50,0
DA:52,0
DA:53,0
DA:54,0
DA:55,0
DA:58,0
DA:59,0
DA:66,0
DA:72,0
DA:73,0
DA:78,0
DA:79,0
DA:102,0
DA:103,0
DA:104,0
DA:106,0
DA:112,0
DA:113,0
DA:119,0
DA:120,0
DA:122,0
DA:123,0
DA:129,1
LF:37
LH:5
BRDA:55,0,0,0
BRDA:55,0,1,0
BRDA:58,1,0,0
BRDA:58,1,1,0
BRDA:61,2,0,0
BRDA:61,2,1,0
BRDA:69,3,0,0
BRDA:69,3,1,0
BRF:8
BRH:8
end_of_record
